{"/Volumes/Extra Storage/SiteDeckPM/src/index.ts": {"path":"/Volumes/Extra Storage/SiteDeckPM/src/index.ts","statementMap":{"0":{"start":{"line":5,"column":0},"end":{"line":5,"column":16}},"1":{"start":{"line":1,"column":0},"end":{"line":1,"column":47}},"2":{"start":{"line":2,"column":0},"end":{"line":2,"column":33}},"3":{"start":{"line":3,"column":0},"end":{"line":3,"column":61}},"4":{"start":{"line":6,"column":14},"end":{"line":6,"column":23}},"5":{"start":{"line":8,"column":2},"end":{"line":8,"column":26}},"6":{"start":{"line":10,"column":2},"end":{"line":10,"column":32}},"7":{"start":{"line":12,"column":2},"end":{"line":12,"column":34}},"8":{"start":{"line":14,"column":2},"end":{"line":14,"column":13}},"9":{"start":{"line":17,"column":12},"end":{"line":17,"column":23}},"10":{"start":{"line":19,"column":0},"end":{"line":19,"column":19}}},"fnMap":{"0":{"name":"createApp","decl":{"start":{"line":5,"column":16},"end":{"line":5,"column":25}},"loc":{"start":{"line":5,"column":25},"end":{"line":15,"column":1}}}},"branchMap":{},"s":{"0":4,"1":4,"2":4,"3":4,"4":8,"5":8,"6":8,"7":8,"8":8,"9":4,"10":4},"f":{"0":8},"b":{}}
,"/Volumes/Extra Storage/SiteDeckPM/src/constants/communications.ts": {"path":"/Volumes/Extra Storage/SiteDeckPM/src/constants/communications.ts","statementMap":{"0":{"start":{"line":1,"column":13},"end":{"line":7,"column":11}},"1":{"start":{"line":11,"column":13},"end":{"line":17,"column":2}},"2":{"start":{"line":19,"column":13},"end":{"line":26,"column":11}},"3":{"start":{"line":30,"column":13},"end":{"line":37,"column":2}}},"fnMap":{},"branchMap":{},"s":{"0":6,"1":6,"2":6,"3":6},"f":{},"b":{}}
,"/Volumes/Extra Storage/SiteDeckPM/src/constants/evm.ts": {"path":"/Volumes/Extra Storage/SiteDeckPM/src/constants/evm.ts","statementMap":{"0":{"start":{"line":23,"column":0},"end":{"line":23,"column":16}},"1":{"start":{"line":1,"column":13},"end":{"line":6,"column":11}},"2":{"start":{"line":8,"column":13},"end":{"line":19,"column":11}},"3":{"start":{"line":27,"column":2},"end":{"line":31,"column":3}},"4":{"start":{"line":28,"column":4},"end":{"line":28,"column":53}},"5":{"start":{"line":28,"column":40},"end":{"line":28,"column":53}},"6":{"start":{"line":29,"column":4},"end":{"line":29,"column":57}},"7":{"start":{"line":29,"column":42},"end":{"line":29,"column":57}},"8":{"start":{"line":30,"column":4},"end":{"line":30,"column":19}},"9":{"start":{"line":33,"column":2},"end":{"line":37,"column":3}},"10":{"start":{"line":34,"column":4},"end":{"line":34,"column":53}},"11":{"start":{"line":34,"column":40},"end":{"line":34,"column":53}},"12":{"start":{"line":35,"column":4},"end":{"line":35,"column":57}},"13":{"start":{"line":35,"column":42},"end":{"line":35,"column":57}},"14":{"start":{"line":36,"column":4},"end":{"line":36,"column":19}},"15":{"start":{"line":39,"column":2},"end":{"line":39,"column":17}}},"fnMap":{"0":{"name":"getEvmStatusColor","decl":{"start":{"line":23,"column":16},"end":{"line":23,"column":33}},"loc":{"start":{"line":25,"column":15},"end":{"line":40,"column":1}}}},"branchMap":{"0":{"loc":{"start":{"line":27,"column":2},"end":{"line":31,"column":3}},"type":"if","locations":[{"start":{"line":27,"column":2},"end":{"line":31,"column":3}}]},"1":{"loc":{"start":{"line":28,"column":4},"end":{"line":28,"column":53}},"type":"if","locations":[{"start":{"line":28,"column":4},"end":{"line":28,"column":53}}]},"2":{"loc":{"start":{"line":29,"column":4},"end":{"line":29,"column":57}},"type":"if","locations":[{"start":{"line":29,"column":4},"end":{"line":29,"column":57}}]},"3":{"loc":{"start":{"line":33,"column":2},"end":{"line":37,"column":3}},"type":"if","locations":[{"start":{"line":33,"column":2},"end":{"line":37,"column":3}}]},"4":{"loc":{"start":{"line":34,"column":4},"end":{"line":34,"column":53}},"type":"if","locations":[{"start":{"line":34,"column":4},"end":{"line":34,"column":53}}]},"5":{"loc":{"start":{"line":35,"column":4},"end":{"line":35,"column":57}},"type":"if","locations":[{"start":{"line":35,"column":4},"end":{"line":35,"column":57}}]}},"s":{"0":1,"1":1,"2":1,"3":8,"4":4,"5":1,"6":3,"7":1,"8":2,"9":4,"10":4,"11":1,"12":3,"13":1,"14":2,"15":0},"f":{"0":8},"b":{"0":[4],"1":[1],"2":[1],"3":[4],"4":[1],"5":[1]}}
,"/Volumes/Extra Storage/SiteDeckPM/src/constants/integration.ts": {"path":"/Volumes/Extra Storage/SiteDeckPM/src/constants/integration.ts","statementMap":{"0":{"start":{"line":1,"column":13},"end":{"line":4,"column":11}},"1":{"start":{"line":8,"column":13},"end":{"line":11,"column":2}},"2":{"start":{"line":13,"column":13},"end":{"line":18,"column":11}},"3":{"start":{"line":22,"column":13},"end":{"line":27,"column":2}},"4":{"start":{"line":29,"column":13},"end":{"line":34,"column":11}},"5":{"start":{"line":38,"column":13},"end":{"line":43,"column":2}},"6":{"start":{"line":45,"column":13},"end":{"line":49,"column":11}},"7":{"start":{"line":53,"column":13},"end":{"line":57,"column":2}},"8":{"start":{"line":59,"column":13},"end":{"line":63,"column":11}},"9":{"start":{"line":67,"column":13},"end":{"line":71,"column":2}},"10":{"start":{"line":73,"column":13},"end":{"line":80,"column":11}},"11":{"start":{"line":84,"column":13},"end":{"line":91,"column":2}},"12":{"start":{"line":93,"column":13},"end":{"line":98,"column":11}},"13":{"start":{"line":102,"column":13},"end":{"line":107,"column":2}},"14":{"start":{"line":109,"column":13},"end":{"line":114,"column":11}},"15":{"start":{"line":118,"column":13},"end":{"line":123,"column":2}}},"fnMap":{},"branchMap":{},"s":{"0":5,"1":5,"2":5,"3":5,"4":5,"5":5,"6":5,"7":5,"8":5,"9":5,"10":5,"11":5,"12":5,"13":5,"14":5,"15":5},"f":{},"b":{}}
,"/Volumes/Extra Storage/SiteDeckPM/src/constants/procurement.ts": {"path":"/Volumes/Extra Storage/SiteDeckPM/src/constants/procurement.ts","statementMap":{"0":{"start":{"line":1,"column":13},"end":{"line":7,"column":11}},"1":{"start":{"line":11,"column":13},"end":{"line":17,"column":2}},"2":{"start":{"line":19,"column":13},"end":{"line":25,"column":11}},"3":{"start":{"line":29,"column":13},"end":{"line":35,"column":2}},"4":{"start":{"line":37,"column":13},"end":{"line":41,"column":11}},"5":{"start":{"line":45,"column":13},"end":{"line":49,"column":2}},"6":{"start":{"line":51,"column":13},"end":{"line":55,"column":11}},"7":{"start":{"line":59,"column":13},"end":{"line":63,"column":2}}},"fnMap":{},"branchMap":{},"s":{"0":5,"1":5,"2":5,"3":5,"4":5,"5":5,"6":5,"7":5},"f":{},"b":{}}
,"/Volumes/Extra Storage/SiteDeckPM/src/constants/reason-codes.ts": {"path":"/Volumes/Extra Storage/SiteDeckPM/src/constants/reason-codes.ts","statementMap":{"0":{"start":{"line":1,"column":13},"end":{"line":9,"column":11}},"1":{"start":{"line":14,"column":13},"end":{"line":22,"column":2}},"2":{"start":{"line":24,"column":13},"end":{"line":29,"column":11}},"3":{"start":{"line":34,"column":13},"end":{"line":39,"column":2}}},"fnMap":{},"branchMap":{},"s":{"0":5,"1":5,"2":5,"3":5},"f":{},"b":{}}
,"/Volumes/Extra Storage/SiteDeckPM/src/constants/risk.ts": {"path":"/Volumes/Extra Storage/SiteDeckPM/src/constants/risk.ts","statementMap":{"0":{"start":{"line":89,"column":0},"end":{"line":89,"column":16}},"1":{"start":{"line":95,"column":0},"end":{"line":95,"column":16}},"2":{"start":{"line":1,"column":13},"end":{"line":8,"column":11}},"3":{"start":{"line":12,"column":13},"end":{"line":19,"column":2}},"4":{"start":{"line":21,"column":13},"end":{"line":25,"column":11}},"5":{"start":{"line":29,"column":13},"end":{"line":33,"column":2}},"6":{"start":{"line":35,"column":13},"end":{"line":39,"column":11}},"7":{"start":{"line":43,"column":13},"end":{"line":47,"column":2}},"8":{"start":{"line":49,"column":13},"end":{"line":54,"column":11}},"9":{"start":{"line":58,"column":13},"end":{"line":63,"column":2}},"10":{"start":{"line":65,"column":13},"end":{"line":68,"column":11}},"11":{"start":{"line":72,"column":13},"end":{"line":75,"column":2}},"12":{"start":{"line":77,"column":13},"end":{"line":81,"column":2}},"13":{"start":{"line":83,"column":13},"end":{"line":87,"column":2}},"14":{"start":{"line":90,"column":12},"end":{"line":90,"column":48}},"15":{"start":{"line":91,"column":12},"end":{"line":91,"column":38}},"16":{"start":{"line":92,"column":2},"end":{"line":92,"column":15}},"17":{"start":{"line":96,"column":2},"end":{"line":96,"column":31}},"18":{"start":{"line":96,"column":18},"end":{"line":96,"column":31}},"19":{"start":{"line":97,"column":2},"end":{"line":97,"column":33}},"20":{"start":{"line":97,"column":18},"end":{"line":97,"column":33}},"21":{"start":{"line":98,"column":2},"end":{"line":98,"column":17}}},"fnMap":{"0":{"name":"getRiskScore","decl":{"start":{"line":89,"column":16},"end":{"line":89,"column":28}},"loc":{"start":{"line":89,"column":64},"end":{"line":93,"column":1}}},"1":{"name":"getRiskColor","decl":{"start":{"line":95,"column":16},"end":{"line":95,"column":28}},"loc":{"start":{"line":95,"column":42},"end":{"line":99,"column":1}}}},"branchMap":{"0":{"loc":{"start":{"line":90,"column":12},"end":{"line":90,"column":48}},"type":"binary-expr","locations":[{"start":{"line":90,"column":12},"end":{"line":90,"column":43}},{"start":{"line":90,"column":47},"end":{"line":90,"column":48}}]},"1":{"loc":{"start":{"line":91,"column":12},"end":{"line":91,"column":38}},"type":"binary-expr","locations":[{"start":{"line":91,"column":12},"end":{"line":91,"column":33}},{"start":{"line":91,"column":37},"end":{"line":91,"column":38}}]},"2":{"loc":{"start":{"line":96,"column":2},"end":{"line":96,"column":31}},"type":"if","locations":[{"start":{"line":96,"column":2},"end":{"line":96,"column":31}}]},"3":{"loc":{"start":{"line":97,"column":2},"end":{"line":97,"column":33}},"type":"if","locations":[{"start":{"line":97,"column":2},"end":{"line":97,"column":33}}]}},"s":{"0":6,"1":6,"2":6,"3":6,"4":6,"5":6,"6":6,"7":6,"8":6,"9":6,"10":6,"11":6,"12":6,"13":6,"14":47,"15":47,"16":47,"17":36,"18":4,"19":32,"20":12,"21":20},"f":{"0":47,"1":36},"b":{"0":[47,0],"1":[47,0],"2":[4],"3":[12]}}
,"/Volumes/Extra Storage/SiteDeckPM/src/constants/roles.ts": {"path":"/Volumes/Extra Storage/SiteDeckPM/src/constants/roles.ts","statementMap":{"0":{"start":{"line":78,"column":0},"end":{"line":78,"column":16}},"1":{"start":{"line":1,"column":13},"end":{"line":11,"column":11}},"2":{"start":{"line":15,"column":13},"end":{"line":64,"column":2}},"3":{"start":{"line":66,"column":54},"end":{"line":76,"column":2}},"4":{"start":{"line":79,"column":2},"end":{"line":81,"column":3}},"5":{"start":{"line":80,"column":4},"end":{"line":80,"column":16}},"6":{"start":{"line":82,"column":20},"end":{"line":82,"column":46}},"7":{"start":{"line":83,"column":19},"end":{"line":83,"column":48}},"8":{"start":{"line":84,"column":2},"end":{"line":86,"column":3}},"9":{"start":{"line":85,"column":4},"end":{"line":85,"column":17}},"10":{"start":{"line":87,"column":2},"end":{"line":87,"column":31}}},"fnMap":{"0":{"name":"isRoleAtLeast","decl":{"start":{"line":78,"column":16},"end":{"line":78,"column":29}},"loc":{"start":{"line":78,"column":63},"end":{"line":88,"column":1}}}},"branchMap":{"0":{"loc":{"start":{"line":79,"column":2},"end":{"line":81,"column":3}},"type":"if","locations":[{"start":{"line":79,"column":2},"end":{"line":81,"column":3}}]},"1":{"loc":{"start":{"line":84,"column":2},"end":{"line":86,"column":3}},"type":"if","locations":[{"start":{"line":84,"column":2},"end":{"line":86,"column":3}}]},"2":{"loc":{"start":{"line":84,"column":6},"end":{"line":84,"column":45}},"type":"binary-expr","locations":[{"start":{"line":84,"column":6},"end":{"line":84,"column":24}},{"start":{"line":84,"column":28},"end":{"line":84,"column":45}}]}},"s":{"0":10,"1":10,"2":10,"3":10,"4":25,"5":5,"6":20,"7":20,"8":20,"9":7,"10":13},"f":{"0":25},"b":{"0":[5],"1":[7],"2":[20,13]}}
,"/Volumes/Extra Storage/SiteDeckPM/src/constants/status.ts": {"path":"/Volumes/Extra Storage/SiteDeckPM/src/constants/status.ts","statementMap":{"0":{"start":{"line":1,"column":13},"end":{"line":7,"column":11}},"1":{"start":{"line":11,"column":13},"end":{"line":17,"column":2}}},"fnMap":{},"branchMap":{},"s":{"0":6,"1":6},"f":{},"b":{}}
,"/Volumes/Extra Storage/SiteDeckPM/src/constants/webhook-events.ts": {"path":"/Volumes/Extra Storage/SiteDeckPM/src/constants/webhook-events.ts","statementMap":{"0":{"start":{"line":1,"column":13},"end":{"line":9,"column":11}},"1":{"start":{"line":13,"column":13},"end":{"line":19,"column":11}}},"fnMap":{},"branchMap":{},"s":{"0":5,"1":5},"f":{},"b":{}}
,"/Volumes/Extra Storage/SiteDeckPM/src/lib/async-handler.ts": {"path":"/Volumes/Extra Storage/SiteDeckPM/src/lib/async-handler.ts","statementMap":{"0":{"start":{"line":5,"column":0},"end":{"line":5,"column":16}},"1":{"start":{"line":6,"column":2},"end":{"line":8,"column":4}},"2":{"start":{"line":7,"column":4},"end":{"line":7,"column":52}}},"fnMap":{"0":{"name":"asyncHandler","decl":{"start":{"line":5,"column":16},"end":{"line":5,"column":28}},"loc":{"start":{"line":5,"column":52},"end":{"line":9,"column":1}}},"1":{"name":"(anonymous_1)","decl":{"start":{"line":6,"column":9},"end":{"line":6,"column":10}},"loc":{"start":{"line":6,"column":61},"end":{"line":8,"column":3}}}},"branchMap":{},"s":{"0":4,"1":216,"2":43},"f":{"0":216,"1":43},"b":{}}
,"/Volumes/Extra Storage/SiteDeckPM/src/lib/error-handler.ts": {"path":"/Volumes/Extra Storage/SiteDeckPM/src/lib/error-handler.ts","statementMap":{"0":{"start":{"line":15,"column":0},"end":{"line":15,"column":16}},"1":{"start":{"line":39,"column":0},"end":{"line":39,"column":16}},"2":{"start":{"line":8,"column":4},"end":{"line":8,"column":19}},"3":{"start":{"line":9,"column":4},"end":{"line":9,"column":33}},"4":{"start":{"line":10,"column":4},"end":{"line":10,"column":21}},"5":{"start":{"line":11,"column":4},"end":{"line":11,"column":27}},"6":{"start":{"line":3,"column":0},"end":{"line":3,"column":13}},"7":{"start":{"line":16,"column":2},"end":{"line":18,"column":3}},"8":{"start":{"line":17,"column":4},"end":{"line":17,"column":15}},"9":{"start":{"line":20,"column":18},"end":{"line":20,"column":78}},"10":{"start":{"line":21,"column":16},"end":{"line":21,"column":37}},"11":{"start":{"line":23,"column":2},"end":{"line":25,"column":3}},"12":{"start":{"line":24,"column":4},"end":{"line":24,"column":51}},"13":{"start":{"line":26,"column":2},"end":{"line":28,"column":3}},"14":{"start":{"line":27,"column":4},"end":{"line":27,"column":54}},"15":{"start":{"line":29,"column":2},"end":{"line":31,"column":3}},"16":{"start":{"line":30,"column":4},"end":{"line":30,"column":51}},"17":{"start":{"line":32,"column":2},"end":{"line":34,"column":3}},"18":{"start":{"line":33,"column":4},"end":{"line":33,"column":53}},"19":{"start":{"line":36,"column":2},"end":{"line":36,"column":54}},"20":{"start":{"line":45,"column":19},"end":{"line":45,"column":49}},"21":{"start":{"line":47,"column":2},"end":{"line":52,"column":5}}},"fnMap":{"0":{"name":"(anonymous_0)","decl":{"start":{"line":7,"column":2},"end":{"line":7,"column":14}},"loc":{"start":{"line":7,"column":63},"end":{"line":12,"column":3}}},"1":{"name":"mapServiceErrorToApiError","decl":{"start":{"line":15,"column":16},"end":{"line":15,"column":41}},"loc":{"start":{"line":15,"column":54},"end":{"line":37,"column":1}}},"2":{"name":"errorHandlerMiddleware","decl":{"start":{"line":39,"column":16},"end":{"line":39,"column":38}},"loc":{"start":{"line":43,"column":21},"end":{"line":53,"column":1}}}},"branchMap":{"0":{"loc":{"start":{"line":16,"column":2},"end":{"line":18,"column":3}},"type":"if","locations":[{"start":{"line":16,"column":2},"end":{"line":18,"column":3}}]},"1":{"loc":{"start":{"line":20,"column":18},"end":{"line":20,"column":78}},"type":"cond-expr","locations":[{"start":{"line":20,"column":41},"end":{"line":20,"column":52}},{"start":{"line":20,"column":55},"end":{"line":20,"column":78}}]},"2":{"loc":{"start":{"line":23,"column":2},"end":{"line":25,"column":3}},"type":"if","locations":[{"start":{"line":23,"column":2},"end":{"line":25,"column":3}}]},"3":{"loc":{"start":{"line":26,"column":2},"end":{"line":28,"column":3}},"type":"if","locations":[{"start":{"line":26,"column":2},"end":{"line":28,"column":3}}]},"4":{"loc":{"start":{"line":29,"column":2},"end":{"line":31,"column":3}},"type":"if","locations":[{"start":{"line":29,"column":2},"end":{"line":31,"column":3}}]},"5":{"loc":{"start":{"line":29,"column":6},"end":{"line":29,"column":65}},"type":"binary-expr","locations":[{"start":{"line":29,"column":6},"end":{"line":29,"column":33}},{"start":{"line":29,"column":37},"end":{"line":29,"column":65}}]},"6":{"loc":{"start":{"line":32,"column":2},"end":{"line":34,"column":3}},"type":"if","locations":[{"start":{"line":32,"column":2},"end":{"line":34,"column":3}}]},"7":{"loc":{"start":{"line":32,"column":6},"end":{"line":32,"column":118}},"type":"binary-expr","locations":[{"start":{"line":32,"column":6},"end":{"line":32,"column":32}},{"start":{"line":32,"column":36},"end":{"line":32,"column":61}},{"start":{"line":32,"column":65},"end":{"line":32,"column":90}},{"start":{"line":32,"column":94},"end":{"line":32,"column":118}}]}},"s":{"0":4,"1":4,"2":0,"3":0,"4":0,"5":0,"6":4,"7":0,"8":0,"9":0,"10":0,"11":0,"12":0,"13":0,"14":0,"15":0,"16":0,"17":0,"18":0,"19":0,"20":0,"21":0},"f":{"0":0,"1":0,"2":0},"b":{"0":[0],"1":[0,0],"2":[0],"3":[0],"4":[0],"5":[0,0],"6":[0],"7":[0,0,0,0]}}
,"/Volumes/Extra Storage/SiteDeckPM/src/lib/prisma.ts": {"path":"/Volumes/Extra Storage/SiteDeckPM/src/lib/prisma.ts","statementMap":{"0":{"start":{"line":5,"column":0},"end":{"line":5,"column":16}},"1":{"start":{"line":12,"column":0},"end":{"line":12,"column":16}},"2":{"start":{"line":1,"column":0},"end":{"line":1,"column":46}},"3":{"start":{"line":3,"column":42},"end":{"line":3,"column":46}},"4":{"start":{"line":6,"column":2},"end":{"line":8,"column":3}},"5":{"start":{"line":7,"column":4},"end":{"line":7,"column":40}},"6":{"start":{"line":9,"column":2},"end":{"line":9,"column":24}},"7":{"start":{"line":13,"column":2},"end":{"line":13,"column":28}},"8":{"start":{"line":16,"column":13},"end":{"line":16,"column":40}}},"fnMap":{"0":{"name":"getPrismaClient","decl":{"start":{"line":5,"column":16},"end":{"line":5,"column":31}},"loc":{"start":{"line":5,"column":31},"end":{"line":10,"column":1}}},"1":{"name":"setPrismaClient","decl":{"start":{"line":12,"column":16},"end":{"line":12,"column":31}},"loc":{"start":{"line":12,"column":54},"end":{"line":14,"column":1}}}},"branchMap":{"0":{"loc":{"start":{"line":6,"column":2},"end":{"line":8,"column":3}},"type":"if","locations":[{"start":{"line":6,"column":2},"end":{"line":8,"column":3}}]}},"s":{"0":20,"1":20,"2":20,"3":20,"4":377,"5":20,"6":377,"7":316,"8":20},"f":{"0":377,"1":316},"b":{"0":[20]}}
,"/Volumes/Extra Storage/SiteDeckPM/src/middleware/express-auth.ts": {"path":"/Volumes/Extra Storage/SiteDeckPM/src/middleware/express-auth.ts","statementMap":{"0":{"start":{"line":20,"column":0},"end":{"line":20,"column":7}},"1":{"start":{"line":47,"column":0},"end":{"line":47,"column":16}},"2":{"start":{"line":64,"column":0},"end":{"line":64,"column":16}},"3":{"start":{"line":2,"column":0},"end":{"line":2,"column":49}},"4":{"start":{"line":3,"column":0},"end":{"line":3,"column":57}},"5":{"start":{"line":25,"column":21},"end":{"line":25,"column":46}},"6":{"start":{"line":26,"column":2},"end":{"line":29,"column":3}},"7":{"start":{"line":27,"column":4},"end":{"line":27,"column":114}},"8":{"start":{"line":28,"column":4},"end":{"line":28,"column":11}},"9":{"start":{"line":31,"column":16},"end":{"line":31,"column":40}},"10":{"start":{"line":32,"column":2},"end":{"line":35,"column":3}},"11":{"start":{"line":33,"column":4},"end":{"line":33,"column":88}},"12":{"start":{"line":34,"column":4},"end":{"line":34,"column":11}},"13":{"start":{"line":37,"column":2},"end":{"line":44,"column":3}},"14":{"start":{"line":38,"column":25},"end":{"line":38,"column":51}},"15":{"start":{"line":39,"column":18},"end":{"line":39,"column":52}},"16":{"start":{"line":40,"column":4},"end":{"line":40,"column":61}},"17":{"start":{"line":41,"column":4},"end":{"line":41,"column":11}},"18":{"start":{"line":43,"column":4},"end":{"line":43,"column":88}},"19":{"start":{"line":48,"column":2},"end":{"line":61,"column":4}},"20":{"start":{"line":49,"column":4},"end":{"line":52,"column":5}},"21":{"start":{"line":50,"column":6},"end":{"line":50,"column":100}},"22":{"start":{"line":51,"column":6},"end":{"line":51,"column":13}},"23":{"start":{"line":54,"column":21},"end":{"line":54,"column":34}},"24":{"start":{"line":55,"column":4},"end":{"line":58,"column":5}},"25":{"start":{"line":56,"column":6},"end":{"line":56,"column":98}},"26":{"start":{"line":57,"column":6},"end":{"line":57,"column":13}},"27":{"start":{"line":60,"column":4},"end":{"line":60,"column":11}},"28":{"start":{"line":69,"column":2},"end":{"line":69,"column":55}}},"fnMap":{"0":{"name":"requireAuth","decl":{"start":{"line":20,"column":22},"end":{"line":20,"column":33}},"loc":{"start":{"line":23,"column":20},"end":{"line":45,"column":1}}},"1":{"name":"requireRole","decl":{"start":{"line":47,"column":16},"end":{"line":47,"column":27}},"loc":{"start":{"line":47,"column":51},"end":{"line":62,"column":1}}},"2":{"name":"(anonymous_2)","decl":{"start":{"line":48,"column":9},"end":{"line":48,"column":10}},"loc":{"start":{"line":48,"column":67},"end":{"line":61,"column":3}}},"3":{"name":"requireOwnersRep","decl":{"start":{"line":64,"column":16},"end":{"line":64,"column":32}},"loc":{"start":{"line":67,"column":20},"end":{"line":70,"column":1}}}},"branchMap":{"0":{"loc":{"start":{"line":26,"column":2},"end":{"line":29,"column":3}},"type":"if","locations":[{"start":{"line":26,"column":2},"end":{"line":29,"column":3}}]},"1":{"loc":{"start":{"line":26,"column":6},"end":{"line":26,"column":54}},"type":"binary-expr","locations":[{"start":{"line":26,"column":6},"end":{"line":26,"column":17}},{"start":{"line":26,"column":21},"end":{"line":26,"column":54}}]},"2":{"loc":{"start":{"line":32,"column":2},"end":{"line":35,"column":3}},"type":"if","locations":[{"start":{"line":32,"column":2},"end":{"line":35,"column":3}}]},"3":{"loc":{"start":{"line":39,"column":18},"end":{"line":39,"column":52}},"type":"binary-expr","locations":[{"start":{"line":39,"column":18},"end":{"line":39,"column":44}},{"start":{"line":39,"column":48},"end":{"line":39,"column":52}}]},"4":{"loc":{"start":{"line":49,"column":4},"end":{"line":52,"column":5}},"type":"if","locations":[{"start":{"line":49,"column":4},"end":{"line":52,"column":5}}]},"5":{"loc":{"start":{"line":55,"column":4},"end":{"line":58,"column":5}},"type":"if","locations":[{"start":{"line":55,"column":4},"end":{"line":58,"column":5}}]},"6":{"loc":{"start":{"line":55,"column":8},"end":{"line":55,"column":53}},"type":"binary-expr","locations":[{"start":{"line":55,"column":8},"end":{"line":55,"column":17}},{"start":{"line":55,"column":21},"end":{"line":55,"column":53}}]}},"s":{"0":5,"1":5,"2":5,"3":5,"4":5,"5":45,"6":45,"7":2,"8":2,"9":43,"10":43,"11":0,"12":0,"13":43,"14":43,"15":42,"16":42,"17":42,"18":1,"19":215,"20":44,"21":1,"22":1,"23":43,"24":43,"25":2,"26":2,"27":41,"28":0},"f":{"0":45,"1":215,"2":44,"3":0},"b":{"0":[2],"1":[45,43],"2":[0],"3":[42,0],"4":[1],"5":[2],"6":[43,43]}}
,"/Volumes/Extra Storage/SiteDeckPM/src/middleware/permission.middleware.ts": {"path":"/Volumes/Extra Storage/SiteDeckPM/src/middleware/permission.middleware.ts","statementMap":{"0":{"start":{"line":23,"column":0},"end":{"line":23,"column":16}},"1":{"start":{"line":51,"column":0},"end":{"line":51,"column":16}},"2":{"start":{"line":72,"column":0},"end":{"line":72,"column":16}},"3":{"start":{"line":2,"column":0},"end":{"line":2,"column":49}},"4":{"start":{"line":3,"column":0},"end":{"line":3,"column":57}},"5":{"start":{"line":28,"column":21},"end":{"line":28,"column":46}},"6":{"start":{"line":29,"column":2},"end":{"line":32,"column":3}},"7":{"start":{"line":30,"column":4},"end":{"line":30,"column":52}},"8":{"start":{"line":31,"column":4},"end":{"line":31,"column":11}},"9":{"start":{"line":34,"column":16},"end":{"line":34,"column":40}},"10":{"start":{"line":35,"column":2},"end":{"line":38,"column":3}},"11":{"start":{"line":36,"column":4},"end":{"line":36,"column":52}},"12":{"start":{"line":37,"column":4},"end":{"line":37,"column":11}},"13":{"start":{"line":40,"column":2},"end":{"line":48,"column":7}},"14":{"start":{"line":42,"column":20},"end":{"line":42,"column":54}},"15":{"start":{"line":43,"column":6},"end":{"line":43,"column":40}},"16":{"start":{"line":44,"column":6},"end":{"line":44,"column":13}},"17":{"start":{"line":47,"column":6},"end":{"line":47,"column":54}},"18":{"start":{"line":52,"column":2},"end":{"line":69,"column":4}},"19":{"start":{"line":57,"column":4},"end":{"line":60,"column":5}},"20":{"start":{"line":58,"column":6},"end":{"line":58,"column":54}},"21":{"start":{"line":59,"column":6},"end":{"line":59,"column":13}},"22":{"start":{"line":62,"column":21},"end":{"line":62,"column":34}},"23":{"start":{"line":63,"column":4},"end":{"line":66,"column":5}},"24":{"start":{"line":64,"column":6},"end":{"line":64,"column":51}},"25":{"start":{"line":65,"column":6},"end":{"line":65,"column":13}},"26":{"start":{"line":68,"column":4},"end":{"line":68,"column":11}},"27":{"start":{"line":77,"column":2},"end":{"line":77,"column":55}}},"fnMap":{"0":{"name":"requireAuth","decl":{"start":{"line":23,"column":16},"end":{"line":23,"column":27}},"loc":{"start":{"line":26,"column":20},"end":{"line":49,"column":1}}},"1":{"name":"(anonymous_1)","decl":{"start":{"line":41,"column":10},"end":{"line":41,"column":11}},"loc":{"start":{"line":41,"column":27},"end":{"line":45,"column":5}}},"2":{"name":"(anonymous_2)","decl":{"start":{"line":46,"column":11},"end":{"line":46,"column":14}},"loc":{"start":{"line":46,"column":16},"end":{"line":48,"column":5}}},"3":{"name":"requireRole","decl":{"start":{"line":51,"column":16},"end":{"line":51,"column":27}},"loc":{"start":{"line":51,"column":51},"end":{"line":70,"column":1}}},"4":{"name":"(anonymous_4)","decl":{"start":{"line":52,"column":9},"end":{"line":52,"column":null}},"loc":{"start":{"line":56,"column":12},"end":{"line":69,"column":3}}},"5":{"name":"requireOwnersRep","decl":{"start":{"line":72,"column":16},"end":{"line":72,"column":32}},"loc":{"start":{"line":75,"column":20},"end":{"line":78,"column":1}}}},"branchMap":{"0":{"loc":{"start":{"line":29,"column":2},"end":{"line":32,"column":3}},"type":"if","locations":[{"start":{"line":29,"column":2},"end":{"line":32,"column":3}}]},"1":{"loc":{"start":{"line":29,"column":6},"end":{"line":29,"column":54}},"type":"binary-expr","locations":[{"start":{"line":29,"column":6},"end":{"line":29,"column":17}},{"start":{"line":29,"column":21},"end":{"line":29,"column":54}}]},"2":{"loc":{"start":{"line":35,"column":2},"end":{"line":38,"column":3}},"type":"if","locations":[{"start":{"line":35,"column":2},"end":{"line":38,"column":3}}]},"3":{"loc":{"start":{"line":42,"column":20},"end":{"line":42,"column":54}},"type":"binary-expr","locations":[{"start":{"line":42,"column":20},"end":{"line":42,"column":46}},{"start":{"line":42,"column":50},"end":{"line":42,"column":54}}]},"4":{"loc":{"start":{"line":57,"column":4},"end":{"line":60,"column":5}},"type":"if","locations":[{"start":{"line":57,"column":4},"end":{"line":60,"column":5}}]},"5":{"loc":{"start":{"line":63,"column":4},"end":{"line":66,"column":5}},"type":"if","locations":[{"start":{"line":63,"column":4},"end":{"line":66,"column":5}}]},"6":{"loc":{"start":{"line":63,"column":8},"end":{"line":63,"column":53}},"type":"binary-expr","locations":[{"start":{"line":63,"column":8},"end":{"line":63,"column":17}},{"start":{"line":63,"column":21},"end":{"line":63,"column":53}}]}},"s":{"0":1,"1":1,"2":1,"3":1,"4":1,"5":5,"6":5,"7":2,"8":2,"9":3,"10":3,"11":0,"12":0,"13":3,"14":2,"15":2,"16":2,"17":1,"18":8,"19":8,"20":2,"21":2,"22":6,"23":6,"24":3,"25":3,"26":3,"27":3},"f":{"0":5,"1":2,"2":1,"3":8,"4":8,"5":3},"b":{"0":[2],"1":[5,4],"2":[0],"3":[2,1],"4":[2],"5":[3],"6":[6,5]}}
,"/Volumes/Extra Storage/SiteDeckPM/src/routes/communications.routes.ts": {"path":"/Volumes/Extra Storage/SiteDeckPM/src/routes/communications.routes.ts","statementMap":{"0":{"start":{"line":1,"column":0},"end":{"line":1,"column":33}},"1":{"start":{"line":2,"column":0},"end":{"line":2,"column":70}},"2":{"start":{"line":3,"column":0},"end":{"line":3,"column":43}},"3":{"start":{"line":4,"column":0},"end":{"line":4,"column":52}},"4":{"start":{"line":5,"column":0},"end":{"line":5,"column":76}},"5":{"start":{"line":7,"column":15},"end":{"line":7,"column":44}},"6":{"start":{"line":9,"column":0},"end":{"line":17,"column":2}},"7":{"start":{"line":14,"column":19},"end":{"line":14,"column":84}},"8":{"start":{"line":15,"column":4},"end":{"line":15,"column":21}},"9":{"start":{"line":19,"column":0},"end":{"line":30,"column":2}},"10":{"start":{"line":24,"column":19},"end":{"line":27,"column":6}},"11":{"start":{"line":28,"column":4},"end":{"line":28,"column":33}},"12":{"start":{"line":32,"column":0},"end":{"line":40,"column":2}},"13":{"start":{"line":37,"column":19},"end":{"line":37,"column":91}},"14":{"start":{"line":38,"column":4},"end":{"line":38,"column":21}},"15":{"start":{"line":42,"column":0},"end":{"line":53,"column":2}},"16":{"start":{"line":47,"column":19},"end":{"line":50,"column":6}},"17":{"start":{"line":51,"column":4},"end":{"line":51,"column":33}},"18":{"start":{"line":55,"column":0},"end":{"line":55,"column":22}}},"fnMap":{"0":{"name":"(anonymous_9)","decl":{"start":{"line":13,"column":15},"end":{"line":13,"column":20}},"loc":{"start":{"line":13,"column":34},"end":{"line":16,"column":3}}},"1":{"name":"(anonymous_10)","decl":{"start":{"line":23,"column":15},"end":{"line":23,"column":20}},"loc":{"start":{"line":23,"column":34},"end":{"line":29,"column":3}}},"2":{"name":"(anonymous_11)","decl":{"start":{"line":36,"column":15},"end":{"line":36,"column":20}},"loc":{"start":{"line":36,"column":34},"end":{"line":39,"column":3}}},"3":{"name":"(anonymous_12)","decl":{"start":{"line":46,"column":15},"end":{"line":46,"column":20}},"loc":{"start":{"line":46,"column":34},"end":{"line":52,"column":3}}}},"branchMap":{},"s":{"0":4,"1":4,"2":4,"3":4,"4":4,"5":4,"6":4,"7":1,"8":1,"9":4,"10":1,"11":1,"12":4,"13":1,"14":1,"15":4,"16":1,"17":1,"18":4},"f":{"0":1,"1":1,"2":1,"3":1},"b":{}}
,"/Volumes/Extra Storage/SiteDeckPM/src/routes/cost.routes.ts": {"path":"/Volumes/Extra Storage/SiteDeckPM/src/routes/cost.routes.ts","statementMap":{"0":{"start":{"line":1,"column":0},"end":{"line":1,"column":33}},"1":{"start":{"line":2,"column":0},"end":{"line":2,"column":70}},"2":{"start":{"line":3,"column":0},"end":{"line":3,"column":43}},"3":{"start":{"line":4,"column":0},"end":{"line":4,"column":52}},"4":{"start":{"line":5,"column":0},"end":{"line":5,"column":56}},"5":{"start":{"line":7,"column":15},"end":{"line":7,"column":44}},"6":{"start":{"line":9,"column":0},"end":{"line":17,"column":2}},"7":{"start":{"line":14,"column":19},"end":{"line":14,"column":82}},"8":{"start":{"line":15,"column":4},"end":{"line":15,"column":21}},"9":{"start":{"line":19,"column":0},"end":{"line":30,"column":2}},"10":{"start":{"line":24,"column":19},"end":{"line":27,"column":6}},"11":{"start":{"line":28,"column":4},"end":{"line":28,"column":33}},"12":{"start":{"line":32,"column":0},"end":{"line":40,"column":2}},"13":{"start":{"line":37,"column":19},"end":{"line":37,"column":73}},"14":{"start":{"line":38,"column":4},"end":{"line":38,"column":21}},"15":{"start":{"line":42,"column":0},"end":{"line":50,"column":2}},"16":{"start":{"line":47,"column":19},"end":{"line":47,"column":82}},"17":{"start":{"line":48,"column":4},"end":{"line":48,"column":21}},"18":{"start":{"line":52,"column":0},"end":{"line":60,"column":2}},"19":{"start":{"line":57,"column":19},"end":{"line":57,"column":78}},"20":{"start":{"line":58,"column":4},"end":{"line":58,"column":21}},"21":{"start":{"line":62,"column":0},"end":{"line":70,"column":2}},"22":{"start":{"line":67,"column":19},"end":{"line":67,"column":87}},"23":{"start":{"line":68,"column":4},"end":{"line":68,"column":21}},"24":{"start":{"line":72,"column":0},"end":{"line":72,"column":22}}},"fnMap":{"0":{"name":"(anonymous_9)","decl":{"start":{"line":13,"column":15},"end":{"line":13,"column":20}},"loc":{"start":{"line":13,"column":34},"end":{"line":16,"column":3}}},"1":{"name":"(anonymous_10)","decl":{"start":{"line":23,"column":15},"end":{"line":23,"column":20}},"loc":{"start":{"line":23,"column":34},"end":{"line":29,"column":3}}},"2":{"name":"(anonymous_11)","decl":{"start":{"line":36,"column":15},"end":{"line":36,"column":20}},"loc":{"start":{"line":36,"column":34},"end":{"line":39,"column":3}}},"3":{"name":"(anonymous_12)","decl":{"start":{"line":46,"column":15},"end":{"line":46,"column":20}},"loc":{"start":{"line":46,"column":34},"end":{"line":49,"column":3}}},"4":{"name":"(anonymous_13)","decl":{"start":{"line":56,"column":15},"end":{"line":56,"column":20}},"loc":{"start":{"line":56,"column":34},"end":{"line":59,"column":3}}},"5":{"name":"(anonymous_14)","decl":{"start":{"line":66,"column":15},"end":{"line":66,"column":20}},"loc":{"start":{"line":66,"column":34},"end":{"line":69,"column":3}}}},"branchMap":{},"s":{"0":4,"1":4,"2":4,"3":4,"4":4,"5":4,"6":4,"7":1,"8":1,"9":4,"10":1,"11":1,"12":4,"13":0,"14":0,"15":4,"16":0,"17":0,"18":4,"19":1,"20":1,"21":4,"22":1,"23":1,"24":4},"f":{"0":1,"1":1,"2":0,"3":0,"4":1,"5":1},"b":{}}
,"/Volumes/Extra Storage/SiteDeckPM/src/routes/dashboard.routes.ts": {"path":"/Volumes/Extra Storage/SiteDeckPM/src/routes/dashboard.routes.ts","statementMap":{"0":{"start":{"line":1,"column":0},"end":{"line":1,"column":33}},"1":{"start":{"line":2,"column":0},"end":{"line":2,"column":70}},"2":{"start":{"line":3,"column":0},"end":{"line":3,"column":43}},"3":{"start":{"line":4,"column":0},"end":{"line":4,"column":52}},"4":{"start":{"line":5,"column":0},"end":{"line":5,"column":66}},"5":{"start":{"line":7,"column":15},"end":{"line":7,"column":44}},"6":{"start":{"line":9,"column":0},"end":{"line":20,"column":2}},"7":{"start":{"line":14,"column":23},"end":{"line":16,"column":45}},"8":{"start":{"line":17,"column":19},"end":{"line":17,"column":95}},"9":{"start":{"line":18,"column":4},"end":{"line":18,"column":21}},"10":{"start":{"line":22,"column":0},"end":{"line":22,"column":22}}},"fnMap":{"0":{"name":"(anonymous_9)","decl":{"start":{"line":13,"column":15},"end":{"line":13,"column":20}},"loc":{"start":{"line":13,"column":34},"end":{"line":19,"column":3}}}},"branchMap":{"0":{"loc":{"start":{"line":14,"column":23},"end":{"line":16,"column":45}},"type":"cond-expr","locations":[{"start":{"line":15,"column":9},"end":{"line":15,"column":83}},{"start":{"line":16,"column":8},"end":{"line":16,"column":45}}]}},"s":{"0":4,"1":4,"2":4,"3":4,"4":4,"5":4,"6":4,"7":1,"8":1,"9":1,"10":4},"f":{"0":1},"b":{"0":[0,1]}}
,"/Volumes/Extra Storage/SiteDeckPM/src/routes/health.routes.ts": {"path":"/Volumes/Extra Storage/SiteDeckPM/src/routes/health.routes.ts","statementMap":{"0":{"start":{"line":1,"column":0},"end":{"line":1,"column":33}},"1":{"start":{"line":3,"column":15},"end":{"line":3,"column":23}},"2":{"start":{"line":5,"column":0},"end":{"line":7,"column":3}},"3":{"start":{"line":6,"column":2},"end":{"line":6,"column":71}},"4":{"start":{"line":9,"column":0},"end":{"line":9,"column":22}}},"fnMap":{"0":{"name":"(anonymous_0)","decl":{"start":{"line":5,"column":16},"end":{"line":5,"column":17}},"loc":{"start":{"line":5,"column":30},"end":{"line":7,"column":1}}}},"branchMap":{},"s":{"0":4,"1":4,"2":4,"3":1,"4":4},"f":{"0":1},"b":{}}
,"/Volumes/Extra Storage/SiteDeckPM/src/routes/index.ts": {"path":"/Volumes/Extra Storage/SiteDeckPM/src/routes/index.ts","statementMap":{"0":{"start":{"line":1,"column":0},"end":{"line":1,"column":33}},"1":{"start":{"line":2,"column":0},"end":{"line":2,"column":43}},"2":{"start":{"line":3,"column":0},"end":{"line":3,"column":45}},"3":{"start":{"line":4,"column":0},"end":{"line":4,"column":47}},"4":{"start":{"line":5,"column":0},"end":{"line":5,"column":39}},"5":{"start":{"line":6,"column":0},"end":{"line":6,"column":49}},"6":{"start":{"line":7,"column":0},"end":{"line":7,"column":53}},"7":{"start":{"line":8,"column":0},"end":{"line":8,"column":41}},"8":{"start":{"line":9,"column":0},"end":{"line":9,"column":59}},"9":{"start":{"line":10,"column":0},"end":{"line":10,"column":39}},"10":{"start":{"line":11,"column":0},"end":{"line":11,"column":53}},"11":{"start":{"line":12,"column":0},"end":{"line":12,"column":50}},"12":{"start":{"line":13,"column":0},"end":{"line":13,"column":47}},"13":{"start":{"line":14,"column":0},"end":{"line":14,"column":45}},"14":{"start":{"line":16,"column":15},"end":{"line":16,"column":23}},"15":{"start":{"line":18,"column":0},"end":{"line":18,"column":36}},"16":{"start":{"line":19,"column":0},"end":{"line":19,"column":39}},"17":{"start":{"line":20,"column":0},"end":{"line":20,"column":60}},"18":{"start":{"line":21,"column":0},"end":{"line":21,"column":52}},"19":{"start":{"line":22,"column":0},"end":{"line":22,"column":62}},"20":{"start":{"line":23,"column":0},"end":{"line":23,"column":66}},"21":{"start":{"line":24,"column":0},"end":{"line":24,"column":54}},"22":{"start":{"line":25,"column":0},"end":{"line":25,"column":72}},"23":{"start":{"line":26,"column":0},"end":{"line":26,"column":52}},"24":{"start":{"line":27,"column":0},"end":{"line":27,"column":66}},"25":{"start":{"line":28,"column":0},"end":{"line":28,"column":63}},"26":{"start":{"line":29,"column":0},"end":{"line":29,"column":60}},"27":{"start":{"line":30,"column":0},"end":{"line":30,"column":39}},"28":{"start":{"line":32,"column":0},"end":{"line":32,"column":22}}},"fnMap":{},"branchMap":{},"s":{"0":4,"1":4,"2":4,"3":4,"4":4,"5":4,"6":4,"7":4,"8":4,"9":4,"10":4,"11":4,"12":4,"13":4,"14":4,"15":4,"16":4,"17":4,"18":4,"19":4,"20":4,"21":4,"22":4,"23":4,"24":4,"25":4,"26":4,"27":4,"28":4},"f":{},"b":{}}
,"/Volumes/Extra Storage/SiteDeckPM/src/routes/integration.routes.ts": {"path":"/Volumes/Extra Storage/SiteDeckPM/src/routes/integration.routes.ts","statementMap":{"0":{"start":{"line":1,"column":0},"end":{"line":1,"column":33}},"1":{"start":{"line":2,"column":0},"end":{"line":2,"column":70}},"2":{"start":{"line":3,"column":0},"end":{"line":3,"column":43}},"3":{"start":{"line":4,"column":0},"end":{"line":4,"column":52}},"4":{"start":{"line":5,"column":0},"end":{"line":5,"column":70}},"5":{"start":{"line":7,"column":15},"end":{"line":7,"column":44}},"6":{"start":{"line":9,"column":0},"end":{"line":17,"column":2}},"7":{"start":{"line":14,"column":19},"end":{"line":14,"column":84}},"8":{"start":{"line":15,"column":4},"end":{"line":15,"column":21}},"9":{"start":{"line":19,"column":0},"end":{"line":30,"column":2}},"10":{"start":{"line":24,"column":19},"end":{"line":27,"column":6}},"11":{"start":{"line":28,"column":4},"end":{"line":28,"column":33}},"12":{"start":{"line":32,"column":0},"end":{"line":40,"column":2}},"13":{"start":{"line":37,"column":19},"end":{"line":37,"column":87}},"14":{"start":{"line":38,"column":4},"end":{"line":38,"column":21}},"15":{"start":{"line":42,"column":0},"end":{"line":50,"column":2}},"16":{"start":{"line":47,"column":19},"end":{"line":47,"column":86}},"17":{"start":{"line":48,"column":4},"end":{"line":48,"column":21}},"18":{"start":{"line":52,"column":0},"end":{"line":60,"column":2}},"19":{"start":{"line":57,"column":19},"end":{"line":57,"column":93}},"20":{"start":{"line":58,"column":4},"end":{"line":58,"column":33}},"21":{"start":{"line":62,"column":0},"end":{"line":62,"column":22}}},"fnMap":{"0":{"name":"(anonymous_9)","decl":{"start":{"line":13,"column":15},"end":{"line":13,"column":20}},"loc":{"start":{"line":13,"column":34},"end":{"line":16,"column":3}}},"1":{"name":"(anonymous_10)","decl":{"start":{"line":23,"column":15},"end":{"line":23,"column":20}},"loc":{"start":{"line":23,"column":34},"end":{"line":29,"column":3}}},"2":{"name":"(anonymous_11)","decl":{"start":{"line":36,"column":15},"end":{"line":36,"column":20}},"loc":{"start":{"line":36,"column":34},"end":{"line":39,"column":3}}},"3":{"name":"(anonymous_12)","decl":{"start":{"line":46,"column":15},"end":{"line":46,"column":20}},"loc":{"start":{"line":46,"column":34},"end":{"line":49,"column":3}}},"4":{"name":"(anonymous_13)","decl":{"start":{"line":56,"column":15},"end":{"line":56,"column":20}},"loc":{"start":{"line":56,"column":34},"end":{"line":59,"column":3}}}},"branchMap":{},"s":{"0":4,"1":4,"2":4,"3":4,"4":4,"5":4,"6":4,"7":1,"8":1,"9":4,"10":1,"11":1,"12":4,"13":1,"14":1,"15":4,"16":1,"17":1,"18":4,"19":1,"20":1,"21":4},"f":{"0":1,"1":1,"2":1,"3":1,"4":1},"b":{}}
,"/Volumes/Extra Storage/SiteDeckPM/src/routes/owners-rep.routes.ts": {"path":"/Volumes/Extra Storage/SiteDeckPM/src/routes/owners-rep.routes.ts","statementMap":{"0":{"start":{"line":1,"column":0},"end":{"line":1,"column":33}},"1":{"start":{"line":2,"column":0},"end":{"line":2,"column":70}},"2":{"start":{"line":3,"column":0},"end":{"line":3,"column":43}},"3":{"start":{"line":4,"column":0},"end":{"line":4,"column":52}},"4":{"start":{"line":5,"column":0},"end":{"line":5,"column":66}},"5":{"start":{"line":6,"column":0},"end":{"line":6,"column":70}},"6":{"start":{"line":7,"column":0},"end":{"line":7,"column":76}},"7":{"start":{"line":9,"column":15},"end":{"line":9,"column":44}},"8":{"start":{"line":11,"column":0},"end":{"line":20,"column":2}},"9":{"start":{"line":16,"column":23},"end":{"line":16,"column":60}},"10":{"start":{"line":17,"column":19},"end":{"line":17,"column":95}},"11":{"start":{"line":18,"column":4},"end":{"line":18,"column":21}},"12":{"start":{"line":22,"column":0},"end":{"line":30,"column":2}},"13":{"start":{"line":27,"column":19},"end":{"line":27,"column":97}},"14":{"start":{"line":28,"column":4},"end":{"line":28,"column":21}},"15":{"start":{"line":32,"column":0},"end":{"line":40,"column":2}},"16":{"start":{"line":37,"column":19},"end":{"line":37,"column":84}},"17":{"start":{"line":38,"column":4},"end":{"line":38,"column":21}},"18":{"start":{"line":42,"column":0},"end":{"line":42,"column":22}}},"fnMap":{"0":{"name":"(anonymous_9)","decl":{"start":{"line":15,"column":15},"end":{"line":15,"column":20}},"loc":{"start":{"line":15,"column":34},"end":{"line":19,"column":3}}},"1":{"name":"(anonymous_10)","decl":{"start":{"line":26,"column":15},"end":{"line":26,"column":20}},"loc":{"start":{"line":26,"column":34},"end":{"line":29,"column":3}}},"2":{"name":"(anonymous_11)","decl":{"start":{"line":36,"column":15},"end":{"line":36,"column":20}},"loc":{"start":{"line":36,"column":34},"end":{"line":39,"column":3}}}},"branchMap":{},"s":{"0":4,"1":4,"2":4,"3":4,"4":4,"5":4,"6":4,"7":4,"8":4,"9":1,"10":1,"11":1,"12":4,"13":1,"14":1,"15":4,"16":1,"17":1,"18":4},"f":{"0":1,"1":1,"2":1},"b":{}}
,"/Volumes/Extra Storage/SiteDeckPM/src/routes/procurement.routes.ts": {"path":"/Volumes/Extra Storage/SiteDeckPM/src/routes/procurement.routes.ts","statementMap":{"0":{"start":{"line":1,"column":0},"end":{"line":1,"column":33}},"1":{"start":{"line":2,"column":0},"end":{"line":2,"column":70}},"2":{"start":{"line":3,"column":0},"end":{"line":3,"column":43}},"3":{"start":{"line":4,"column":0},"end":{"line":4,"column":52}},"4":{"start":{"line":5,"column":0},"end":{"line":5,"column":70}},"5":{"start":{"line":7,"column":15},"end":{"line":7,"column":44}},"6":{"start":{"line":9,"column":0},"end":{"line":17,"column":2}},"7":{"start":{"line":14,"column":19},"end":{"line":14,"column":92}},"8":{"start":{"line":15,"column":4},"end":{"line":15,"column":21}},"9":{"start":{"line":19,"column":0},"end":{"line":30,"column":2}},"10":{"start":{"line":24,"column":19},"end":{"line":27,"column":6}},"11":{"start":{"line":28,"column":4},"end":{"line":28,"column":33}},"12":{"start":{"line":32,"column":0},"end":{"line":40,"column":2}},"13":{"start":{"line":37,"column":19},"end":{"line":37,"column":81}},"14":{"start":{"line":38,"column":4},"end":{"line":38,"column":21}},"15":{"start":{"line":42,"column":0},"end":{"line":50,"column":2}},"16":{"start":{"line":47,"column":19},"end":{"line":47,"column":79}},"17":{"start":{"line":48,"column":4},"end":{"line":48,"column":21}},"18":{"start":{"line":52,"column":0},"end":{"line":60,"column":2}},"19":{"start":{"line":57,"column":19},"end":{"line":57,"column":79}},"20":{"start":{"line":58,"column":4},"end":{"line":58,"column":21}},"21":{"start":{"line":62,"column":0},"end":{"line":70,"column":2}},"22":{"start":{"line":67,"column":19},"end":{"line":67,"column":86}},"23":{"start":{"line":68,"column":4},"end":{"line":68,"column":21}},"24":{"start":{"line":72,"column":0},"end":{"line":80,"column":2}},"25":{"start":{"line":77,"column":19},"end":{"line":77,"column":90}},"26":{"start":{"line":78,"column":4},"end":{"line":78,"column":21}},"27":{"start":{"line":82,"column":0},"end":{"line":93,"column":2}},"28":{"start":{"line":87,"column":19},"end":{"line":90,"column":6}},"29":{"start":{"line":91,"column":4},"end":{"line":91,"column":33}},"30":{"start":{"line":95,"column":0},"end":{"line":95,"column":22}}},"fnMap":{"0":{"name":"(anonymous_9)","decl":{"start":{"line":13,"column":15},"end":{"line":13,"column":20}},"loc":{"start":{"line":13,"column":34},"end":{"line":16,"column":3}}},"1":{"name":"(anonymous_10)","decl":{"start":{"line":23,"column":15},"end":{"line":23,"column":20}},"loc":{"start":{"line":23,"column":34},"end":{"line":29,"column":3}}},"2":{"name":"(anonymous_11)","decl":{"start":{"line":36,"column":15},"end":{"line":36,"column":20}},"loc":{"start":{"line":36,"column":34},"end":{"line":39,"column":3}}},"3":{"name":"(anonymous_12)","decl":{"start":{"line":46,"column":15},"end":{"line":46,"column":20}},"loc":{"start":{"line":46,"column":34},"end":{"line":49,"column":3}}},"4":{"name":"(anonymous_13)","decl":{"start":{"line":56,"column":15},"end":{"line":56,"column":20}},"loc":{"start":{"line":56,"column":34},"end":{"line":59,"column":3}}},"5":{"name":"(anonymous_14)","decl":{"start":{"line":66,"column":15},"end":{"line":66,"column":20}},"loc":{"start":{"line":66,"column":34},"end":{"line":69,"column":3}}},"6":{"name":"(anonymous_15)","decl":{"start":{"line":76,"column":15},"end":{"line":76,"column":20}},"loc":{"start":{"line":76,"column":34},"end":{"line":79,"column":3}}},"7":{"name":"(anonymous_16)","decl":{"start":{"line":86,"column":15},"end":{"line":86,"column":20}},"loc":{"start":{"line":86,"column":34},"end":{"line":92,"column":3}}}},"branchMap":{},"s":{"0":4,"1":4,"2":4,"3":4,"4":4,"5":4,"6":4,"7":1,"8":1,"9":4,"10":1,"11":1,"12":4,"13":0,"14":0,"15":4,"16":0,"17":0,"18":4,"19":0,"20":0,"21":4,"22":0,"23":0,"24":4,"25":1,"26":1,"27":4,"28":1,"29":1,"30":4},"f":{"0":1,"1":1,"2":0,"3":0,"4":0,"5":0,"6":1,"7":1},"b":{}}
,"/Volumes/Extra Storage/SiteDeckPM/src/routes/project.routes.ts": {"path":"/Volumes/Extra Storage/SiteDeckPM/src/routes/project.routes.ts","statementMap":{"0":{"start":{"line":1,"column":0},"end":{"line":1,"column":33}},"1":{"start":{"line":2,"column":0},"end":{"line":2,"column":70}},"2":{"start":{"line":3,"column":0},"end":{"line":3,"column":43}},"3":{"start":{"line":4,"column":0},"end":{"line":4,"column":52}},"4":{"start":{"line":5,"column":0},"end":{"line":5,"column":62}},"5":{"start":{"line":7,"column":15},"end":{"line":7,"column":23}},"6":{"start":{"line":9,"column":0},"end":{"line":17,"column":2}},"7":{"start":{"line":14,"column":19},"end":{"line":14,"column":63}},"8":{"start":{"line":15,"column":4},"end":{"line":15,"column":33}},"9":{"start":{"line":19,"column":0},"end":{"line":27,"column":2}},"10":{"start":{"line":25,"column":4},"end":{"line":25,"column":17}},"11":{"start":{"line":29,"column":0},"end":{"line":37,"column":2}},"12":{"start":{"line":34,"column":19},"end":{"line":34,"column":69}},"13":{"start":{"line":35,"column":4},"end":{"line":35,"column":21}},"14":{"start":{"line":39,"column":0},"end":{"line":47,"column":2}},"15":{"start":{"line":44,"column":19},"end":{"line":44,"column":78}},"16":{"start":{"line":45,"column":4},"end":{"line":45,"column":21}},"17":{"start":{"line":49,"column":0},"end":{"line":57,"column":2}},"18":{"start":{"line":54,"column":19},"end":{"line":54,"column":68}},"19":{"start":{"line":55,"column":4},"end":{"line":55,"column":21}},"20":{"start":{"line":59,"column":0},"end":{"line":67,"column":2}},"21":{"start":{"line":64,"column":19},"end":{"line":64,"column":85}},"22":{"start":{"line":65,"column":4},"end":{"line":65,"column":33}},"23":{"start":{"line":69,"column":0},"end":{"line":77,"column":2}},"24":{"start":{"line":74,"column":19},"end":{"line":74,"column":75}},"25":{"start":{"line":75,"column":4},"end":{"line":75,"column":21}},"26":{"start":{"line":79,"column":0},"end":{"line":79,"column":22}}},"fnMap":{"0":{"name":"(anonymous_9)","decl":{"start":{"line":13,"column":15},"end":{"line":13,"column":20}},"loc":{"start":{"line":13,"column":34},"end":{"line":16,"column":3}}},"1":{"name":"(anonymous_10)","decl":{"start":{"line":23,"column":15},"end":{"line":23,"column":20}},"loc":{"start":{"line":23,"column":35},"end":{"line":26,"column":3}}},"2":{"name":"(anonymous_11)","decl":{"start":{"line":33,"column":15},"end":{"line":33,"column":20}},"loc":{"start":{"line":33,"column":34},"end":{"line":36,"column":3}}},"3":{"name":"(anonymous_12)","decl":{"start":{"line":43,"column":15},"end":{"line":43,"column":20}},"loc":{"start":{"line":43,"column":34},"end":{"line":46,"column":3}}},"4":{"name":"(anonymous_13)","decl":{"start":{"line":53,"column":15},"end":{"line":53,"column":20}},"loc":{"start":{"line":53,"column":34},"end":{"line":56,"column":3}}},"5":{"name":"(anonymous_14)","decl":{"start":{"line":63,"column":15},"end":{"line":63,"column":20}},"loc":{"start":{"line":63,"column":34},"end":{"line":66,"column":3}}},"6":{"name":"(anonymous_15)","decl":{"start":{"line":73,"column":15},"end":{"line":73,"column":20}},"loc":{"start":{"line":73,"column":34},"end":{"line":76,"column":3}}}},"branchMap":{},"s":{"0":4,"1":4,"2":4,"3":4,"4":4,"5":4,"6":4,"7":1,"8":1,"9":4,"10":0,"11":4,"12":1,"13":1,"14":4,"15":0,"16":0,"17":4,"18":0,"19":0,"20":4,"21":1,"22":1,"23":4,"24":0,"25":0,"26":4},"f":{"0":1,"1":0,"2":1,"3":0,"4":0,"5":1,"6":0},"b":{}}
,"/Volumes/Extra Storage/SiteDeckPM/src/routes/resource.routes.ts": {"path":"/Volumes/Extra Storage/SiteDeckPM/src/routes/resource.routes.ts","statementMap":{"0":{"start":{"line":1,"column":0},"end":{"line":1,"column":33}},"1":{"start":{"line":2,"column":0},"end":{"line":2,"column":70}},"2":{"start":{"line":3,"column":0},"end":{"line":3,"column":43}},"3":{"start":{"line":4,"column":0},"end":{"line":4,"column":52}},"4":{"start":{"line":5,"column":0},"end":{"line":5,"column":64}},"5":{"start":{"line":7,"column":15},"end":{"line":7,"column":44}},"6":{"start":{"line":9,"column":0},"end":{"line":17,"column":2}},"7":{"start":{"line":14,"column":19},"end":{"line":14,"column":84}},"8":{"start":{"line":15,"column":4},"end":{"line":15,"column":21}},"9":{"start":{"line":19,"column":0},"end":{"line":27,"column":2}},"10":{"start":{"line":24,"column":19},"end":{"line":24,"column":86}},"11":{"start":{"line":25,"column":4},"end":{"line":25,"column":21}},"12":{"start":{"line":29,"column":0},"end":{"line":37,"column":2}},"13":{"start":{"line":34,"column":19},"end":{"line":34,"column":82}},"14":{"start":{"line":35,"column":4},"end":{"line":35,"column":21}},"15":{"start":{"line":39,"column":0},"end":{"line":47,"column":2}},"16":{"start":{"line":44,"column":19},"end":{"line":44,"column":93}},"17":{"start":{"line":45,"column":4},"end":{"line":45,"column":21}},"18":{"start":{"line":49,"column":0},"end":{"line":49,"column":22}}},"fnMap":{"0":{"name":"(anonymous_9)","decl":{"start":{"line":13,"column":15},"end":{"line":13,"column":20}},"loc":{"start":{"line":13,"column":34},"end":{"line":16,"column":3}}},"1":{"name":"(anonymous_10)","decl":{"start":{"line":23,"column":15},"end":{"line":23,"column":20}},"loc":{"start":{"line":23,"column":34},"end":{"line":26,"column":3}}},"2":{"name":"(anonymous_11)","decl":{"start":{"line":33,"column":15},"end":{"line":33,"column":20}},"loc":{"start":{"line":33,"column":34},"end":{"line":36,"column":3}}},"3":{"name":"(anonymous_12)","decl":{"start":{"line":43,"column":15},"end":{"line":43,"column":20}},"loc":{"start":{"line":43,"column":34},"end":{"line":46,"column":3}}}},"branchMap":{},"s":{"0":4,"1":4,"2":4,"3":4,"4":4,"5":4,"6":4,"7":1,"8":1,"9":4,"10":1,"11":1,"12":4,"13":1,"14":1,"15":4,"16":1,"17":1,"18":4},"f":{"0":1,"1":1,"2":1,"3":1},"b":{}}
,"/Volumes/Extra Storage/SiteDeckPM/src/routes/risk.routes.ts": {"path":"/Volumes/Extra Storage/SiteDeckPM/src/routes/risk.routes.ts","statementMap":{"0":{"start":{"line":1,"column":0},"end":{"line":1,"column":33}},"1":{"start":{"line":2,"column":0},"end":{"line":2,"column":70}},"2":{"start":{"line":3,"column":0},"end":{"line":3,"column":43}},"3":{"start":{"line":4,"column":0},"end":{"line":4,"column":52}},"4":{"start":{"line":5,"column":0},"end":{"line":5,"column":56}},"5":{"start":{"line":7,"column":15},"end":{"line":7,"column":44}},"6":{"start":{"line":9,"column":0},"end":{"line":17,"column":2}},"7":{"start":{"line":14,"column":19},"end":{"line":14,"column":80}},"8":{"start":{"line":15,"column":4},"end":{"line":15,"column":21}},"9":{"start":{"line":19,"column":0},"end":{"line":30,"column":2}},"10":{"start":{"line":24,"column":19},"end":{"line":27,"column":6}},"11":{"start":{"line":28,"column":4},"end":{"line":28,"column":33}},"12":{"start":{"line":32,"column":0},"end":{"line":32,"column":22}}},"fnMap":{"0":{"name":"(anonymous_9)","decl":{"start":{"line":13,"column":15},"end":{"line":13,"column":20}},"loc":{"start":{"line":13,"column":34},"end":{"line":16,"column":3}}},"1":{"name":"(anonymous_10)","decl":{"start":{"line":23,"column":15},"end":{"line":23,"column":20}},"loc":{"start":{"line":23,"column":34},"end":{"line":29,"column":3}}}},"branchMap":{},"s":{"0":4,"1":4,"2":4,"3":4,"4":4,"5":4,"6":4,"7":1,"8":1,"9":4,"10":1,"11":1,"12":4},"f":{"0":1,"1":1},"b":{}}
,"/Volumes/Extra Storage/SiteDeckPM/src/routes/schedule.routes.ts": {"path":"/Volumes/Extra Storage/SiteDeckPM/src/routes/schedule.routes.ts","statementMap":{"0":{"start":{"line":1,"column":0},"end":{"line":1,"column":33}},"1":{"start":{"line":2,"column":0},"end":{"line":2,"column":70}},"2":{"start":{"line":3,"column":0},"end":{"line":3,"column":43}},"3":{"start":{"line":4,"column":0},"end":{"line":4,"column":52}},"4":{"start":{"line":6,"column":0},"end":{"line":6,"column":64}},"5":{"start":{"line":7,"column":0},"end":{"line":7,"column":64}},"6":{"start":{"line":8,"column":0},"end":{"line":8,"column":75}},"7":{"start":{"line":10,"column":15},"end":{"line":10,"column":44}},"8":{"start":{"line":12,"column":0},"end":{"line":20,"column":2}},"9":{"start":{"line":17,"column":19},"end":{"line":17,"column":85}},"10":{"start":{"line":18,"column":4},"end":{"line":18,"column":21}},"11":{"start":{"line":22,"column":0},"end":{"line":33,"column":2}},"12":{"start":{"line":27,"column":19},"end":{"line":30,"column":6}},"13":{"start":{"line":31,"column":4},"end":{"line":31,"column":33}},"14":{"start":{"line":35,"column":0},"end":{"line":43,"column":2}},"15":{"start":{"line":40,"column":19},"end":{"line":40,"column":79}},"16":{"start":{"line":41,"column":4},"end":{"line":41,"column":21}},"17":{"start":{"line":45,"column":0},"end":{"line":53,"column":2}},"18":{"start":{"line":50,"column":19},"end":{"line":50,"column":88}},"19":{"start":{"line":51,"column":4},"end":{"line":51,"column":21}},"20":{"start":{"line":55,"column":0},"end":{"line":63,"column":2}},"21":{"start":{"line":60,"column":19},"end":{"line":60,"column":78}},"22":{"start":{"line":61,"column":4},"end":{"line":61,"column":21}},"23":{"start":{"line":65,"column":0},"end":{"line":73,"column":2}},"24":{"start":{"line":70,"column":19},"end":{"line":70,"column":84}},"25":{"start":{"line":71,"column":4},"end":{"line":71,"column":21}},"26":{"start":{"line":75,"column":0},"end":{"line":87,"column":2}},"27":{"start":{"line":80,"column":19},"end":{"line":83,"column":null}},"28":{"start":{"line":85,"column":4},"end":{"line":85,"column":33}},"29":{"start":{"line":89,"column":0},"end":{"line":97,"column":2}},"30":{"start":{"line":94,"column":19},"end":{"line":94,"column":94}},"31":{"start":{"line":95,"column":4},"end":{"line":95,"column":21}},"32":{"start":{"line":99,"column":0},"end":{"line":110,"column":2}},"33":{"start":{"line":104,"column":19},"end":{"line":107,"column":6}},"34":{"start":{"line":108,"column":4},"end":{"line":108,"column":33}},"35":{"start":{"line":112,"column":0},"end":{"line":112,"column":22}}},"fnMap":{"0":{"name":"(anonymous_9)","decl":{"start":{"line":16,"column":15},"end":{"line":16,"column":20}},"loc":{"start":{"line":16,"column":34},"end":{"line":19,"column":3}}},"1":{"name":"(anonymous_10)","decl":{"start":{"line":26,"column":15},"end":{"line":26,"column":20}},"loc":{"start":{"line":26,"column":34},"end":{"line":32,"column":3}}},"2":{"name":"(anonymous_11)","decl":{"start":{"line":39,"column":15},"end":{"line":39,"column":20}},"loc":{"start":{"line":39,"column":34},"end":{"line":42,"column":3}}},"3":{"name":"(anonymous_12)","decl":{"start":{"line":49,"column":15},"end":{"line":49,"column":20}},"loc":{"start":{"line":49,"column":34},"end":{"line":52,"column":3}}},"4":{"name":"(anonymous_13)","decl":{"start":{"line":59,"column":15},"end":{"line":59,"column":20}},"loc":{"start":{"line":59,"column":34},"end":{"line":62,"column":3}}},"5":{"name":"(anonymous_14)","decl":{"start":{"line":69,"column":15},"end":{"line":69,"column":20}},"loc":{"start":{"line":69,"column":34},"end":{"line":72,"column":3}}},"6":{"name":"(anonymous_15)","decl":{"start":{"line":79,"column":15},"end":{"line":79,"column":20}},"loc":{"start":{"line":79,"column":34},"end":{"line":86,"column":3}}},"7":{"name":"(anonymous_16)","decl":{"start":{"line":93,"column":15},"end":{"line":93,"column":20}},"loc":{"start":{"line":93,"column":34},"end":{"line":96,"column":3}}},"8":{"name":"(anonymous_17)","decl":{"start":{"line":103,"column":15},"end":{"line":103,"column":20}},"loc":{"start":{"line":103,"column":34},"end":{"line":109,"column":3}}}},"branchMap":{},"s":{"0":4,"1":4,"2":4,"3":4,"4":4,"5":4,"6":4,"7":4,"8":4,"9":1,"10":1,"11":4,"12":1,"13":1,"14":4,"15":0,"16":0,"17":4,"18":0,"19":0,"20":4,"21":0,"22":0,"23":4,"24":1,"25":1,"26":4,"27":1,"28":1,"29":4,"30":1,"31":1,"32":4,"33":1,"34":1,"35":4},"f":{"0":1,"1":1,"2":0,"3":0,"4":0,"5":1,"6":1,"7":1,"8":1},"b":{}}
,"/Volumes/Extra Storage/SiteDeckPM/src/routes/scope.routes.ts": {"path":"/Volumes/Extra Storage/SiteDeckPM/src/routes/scope.routes.ts","statementMap":{"0":{"start":{"line":1,"column":0},"end":{"line":1,"column":33}},"1":{"start":{"line":2,"column":0},"end":{"line":2,"column":70}},"2":{"start":{"line":3,"column":0},"end":{"line":3,"column":43}},"3":{"start":{"line":4,"column":0},"end":{"line":4,"column":52}},"4":{"start":{"line":5,"column":0},"end":{"line":5,"column":58}},"5":{"start":{"line":7,"column":15},"end":{"line":7,"column":44}},"6":{"start":{"line":9,"column":0},"end":{"line":17,"column":2}},"7":{"start":{"line":14,"column":19},"end":{"line":14,"column":87}},"8":{"start":{"line":15,"column":4},"end":{"line":15,"column":21}},"9":{"start":{"line":19,"column":0},"end":{"line":31,"column":2}},"10":{"start":{"line":24,"column":19},"end":{"line":27,"column":null}},"11":{"start":{"line":29,"column":4},"end":{"line":29,"column":33}},"12":{"start":{"line":33,"column":0},"end":{"line":41,"column":2}},"13":{"start":{"line":38,"column":19},"end":{"line":38,"column":84}},"14":{"start":{"line":39,"column":4},"end":{"line":39,"column":21}},"15":{"start":{"line":43,"column":0},"end":{"line":54,"column":2}},"16":{"start":{"line":48,"column":19},"end":{"line":51,"column":6}},"17":{"start":{"line":52,"column":4},"end":{"line":52,"column":33}},"18":{"start":{"line":56,"column":0},"end":{"line":56,"column":22}}},"fnMap":{"0":{"name":"(anonymous_9)","decl":{"start":{"line":13,"column":15},"end":{"line":13,"column":20}},"loc":{"start":{"line":13,"column":34},"end":{"line":16,"column":3}}},"1":{"name":"(anonymous_10)","decl":{"start":{"line":23,"column":15},"end":{"line":23,"column":20}},"loc":{"start":{"line":23,"column":34},"end":{"line":30,"column":3}}},"2":{"name":"(anonymous_11)","decl":{"start":{"line":37,"column":15},"end":{"line":37,"column":20}},"loc":{"start":{"line":37,"column":34},"end":{"line":40,"column":3}}},"3":{"name":"(anonymous_12)","decl":{"start":{"line":47,"column":15},"end":{"line":47,"column":20}},"loc":{"start":{"line":47,"column":34},"end":{"line":53,"column":3}}}},"branchMap":{},"s":{"0":4,"1":4,"2":4,"3":4,"4":4,"5":4,"6":4,"7":1,"8":1,"9":4,"10":1,"11":1,"12":4,"13":1,"14":1,"15":4,"16":1,"17":1,"18":4},"f":{"0":1,"1":1,"2":1,"3":1},"b":{}}
,"/Volumes/Extra Storage/SiteDeckPM/src/routes/webhook.routes.ts": {"path":"/Volumes/Extra Storage/SiteDeckPM/src/routes/webhook.routes.ts","statementMap":{"0":{"start":{"line":1,"column":0},"end":{"line":1,"column":33}},"1":{"start":{"line":2,"column":0},"end":{"line":2,"column":52}},"2":{"start":{"line":3,"column":0},"end":{"line":3,"column":62}},"3":{"start":{"line":4,"column":0},"end":{"line":4,"column":61}},"4":{"start":{"line":6,"column":15},"end":{"line":6,"column":23}},"5":{"start":{"line":9,"column":2},"end":{"line":26,"column":3}},"6":{"start":{"line":11,"column":6},"end":{"line":11,"column":48}},"7":{"start":{"line":13,"column":6},"end":{"line":13,"column":51}},"8":{"start":{"line":15,"column":6},"end":{"line":15,"column":51}},"9":{"start":{"line":17,"column":6},"end":{"line":17,"column":55}},"10":{"start":{"line":19,"column":6},"end":{"line":19,"column":49}},"11":{"start":{"line":21,"column":6},"end":{"line":21,"column":51}},"12":{"start":{"line":23,"column":6},"end":{"line":23,"column":58}},"13":{"start":{"line":25,"column":6},"end":{"line":25,"column":18}},"14":{"start":{"line":29,"column":0},"end":{"line":45,"column":2}},"15":{"start":{"line":32,"column":20},"end":{"line":32,"column":48}},"16":{"start":{"line":33,"column":4},"end":{"line":36,"column":5}},"17":{"start":{"line":34,"column":6},"end":{"line":34,"column":99}},"18":{"start":{"line":35,"column":6},"end":{"line":35,"column":13}},"19":{"start":{"line":38,"column":19},"end":{"line":38,"column":42}},"20":{"start":{"line":39,"column":4},"end":{"line":43,"column":5}},"21":{"start":{"line":40,"column":6},"end":{"line":40,"column":23}},"22":{"start":{"line":42,"column":6},"end":{"line":42,"column":91}},"23":{"start":{"line":47,"column":0},"end":{"line":47,"column":22}}},"fnMap":{"0":{"name":"getHandler","decl":{"start":{"line":8,"column":9},"end":{"line":8,"column":19}},"loc":{"start":{"line":8,"column":33},"end":{"line":27,"column":1}}},"1":{"name":"(anonymous_10)","decl":{"start":{"line":31,"column":15},"end":{"line":31,"column":20}},"loc":{"start":{"line":31,"column":34},"end":{"line":44,"column":3}}}},"branchMap":{"0":{"loc":{"start":{"line":9,"column":2},"end":{"line":26,"column":3}},"type":"switch","locations":[{"start":{"line":10,"column":4},"end":{"line":11,"column":48}},{"start":{"line":12,"column":4},"end":{"line":13,"column":51}},{"start":{"line":14,"column":4},"end":{"line":15,"column":51}},{"start":{"line":16,"column":4},"end":{"line":17,"column":55}},{"start":{"line":18,"column":4},"end":{"line":19,"column":49}},{"start":{"line":20,"column":4},"end":{"line":21,"column":51}},{"start":{"line":22,"column":4},"end":{"line":23,"column":58}},{"start":{"line":24,"column":4},"end":{"line":25,"column":18}}]},"1":{"loc":{"start":{"line":33,"column":4},"end":{"line":36,"column":5}},"type":"if","locations":[{"start":{"line":33,"column":4},"end":{"line":36,"column":5}}]},"2":{"loc":{"start":{"line":39,"column":4},"end":{"line":43,"column":5}},"type":"if","locations":[{"start":{"line":39,"column":4},"end":{"line":43,"column":5}},{"start":{"line":41,"column":11},"end":{"line":43,"column":5}}]}},"s":{"0":4,"1":4,"2":4,"3":4,"4":4,"5":3,"6":2,"7":0,"8":0,"9":0,"10":0,"11":0,"12":0,"13":1,"14":4,"15":3,"16":3,"17":1,"18":1,"19":2,"20":2,"21":2,"22":0,"23":4},"f":{"0":3,"1":3},"b":{"0":[2,0,0,0,0,0,0,1],"1":[1],"2":[2,0]}}
,"/Volumes/Extra Storage/SiteDeckPM/src/services/activity.service.ts": {"path":"/Volumes/Extra Storage/SiteDeckPM/src/services/activity.service.ts","statementMap":{"0":{"start":{"line":35,"column":0},"end":{"line":35,"column":7}},"1":{"start":{"line":57,"column":0},"end":{"line":57,"column":7}},"2":{"start":{"line":64,"column":0},"end":{"line":64,"column":7}},"3":{"start":{"line":72,"column":0},"end":{"line":72,"column":7}},"4":{"start":{"line":100,"column":0},"end":{"line":100,"column":7}},"5":{"start":{"line":115,"column":0},"end":{"line":115,"column":7}},"6":{"start":{"line":132,"column":0},"end":{"line":132,"column":7}},"7":{"start":{"line":1,"column":0},"end":{"line":1,"column":48}},"8":{"start":{"line":3,"column":0},"end":{"line":3,"column":57}},"9":{"start":{"line":4,"column":0},"end":{"line":4,"column":62}},"10":{"start":{"line":36,"column":17},"end":{"line":36,"column":34}},"11":{"start":{"line":37,"column":19},"end":{"line":52,"column":4}},"12":{"start":{"line":53,"column":2},"end":{"line":53,"column":44}},"13":{"start":{"line":54,"column":2},"end":{"line":54,"column":18}},"14":{"start":{"line":58,"column":17},"end":{"line":58,"column":34}},"15":{"start":{"line":59,"column":2},"end":{"line":61,"column":5}},"16":{"start":{"line":65,"column":17},"end":{"line":65,"column":34}},"17":{"start":{"line":66,"column":2},"end":{"line":69,"column":5}},"18":{"start":{"line":73,"column":17},"end":{"line":73,"column":34}},"19":{"start":{"line":74,"column":19},"end":{"line":76,"column":4}},"20":{"start":{"line":77,"column":2},"end":{"line":79,"column":3}},"21":{"start":{"line":78,"column":4},"end":{"line":78,"column":42}},"22":{"start":{"line":80,"column":19},"end":{"line":95,"column":4}},"23":{"start":{"line":96,"column":2},"end":{"line":96,"column":48}},"24":{"start":{"line":97,"column":2},"end":{"line":97,"column":18}},"25":{"start":{"line":101,"column":17},"end":{"line":101,"column":34}},"26":{"start":{"line":102,"column":19},"end":{"line":104,"column":4}},"27":{"start":{"line":105,"column":2},"end":{"line":107,"column":3}},"28":{"start":{"line":106,"column":4},"end":{"line":106,"column":42}},"29":{"start":{"line":108,"column":19},"end":{"line":110,"column":4}},"30":{"start":{"line":111,"column":2},"end":{"line":111,"column":48}},"31":{"start":{"line":112,"column":2},"end":{"line":112,"column":18}},"32":{"start":{"line":116,"column":17},"end":{"line":116,"column":34}},"33":{"start":{"line":117,"column":19},"end":{"line":119,"column":4}},"34":{"start":{"line":120,"column":2},"end":{"line":122,"column":3}},"35":{"start":{"line":121,"column":4},"end":{"line":121,"column":42}},"36":{"start":{"line":125,"column":19},"end":{"line":128,"column":4}},"37":{"start":{"line":129,"column":2},"end":{"line":129,"column":18}},"38":{"start":{"line":137,"column":17},"end":{"line":137,"column":34}},"39":{"start":{"line":138,"column":19},"end":{"line":140,"column":4}},"40":{"start":{"line":141,"column":2},"end":{"line":143,"column":3}},"41":{"start":{"line":142,"column":4},"end":{"line":142,"column":42}},"42":{"start":{"line":144,"column":19},"end":{"line":151,"column":4}},"43":{"start":{"line":152,"column":2},"end":{"line":152,"column":48}},"44":{"start":{"line":153,"column":2},"end":{"line":153,"column":18}}},"fnMap":{"0":{"name":"createActivity","decl":{"start":{"line":35,"column":22},"end":{"line":35,"column":36}},"loc":{"start":{"line":35,"column":62},"end":{"line":55,"column":1}}},"1":{"name":"getActivityById","decl":{"start":{"line":57,"column":22},"end":{"line":57,"column":37}},"loc":{"start":{"line":57,"column":48},"end":{"line":62,"column":1}}},"2":{"name":"getActivitiesByProject","decl":{"start":{"line":64,"column":22},"end":{"line":64,"column":44}},"loc":{"start":{"line":64,"column":62},"end":{"line":70,"column":1}}},"3":{"name":"updateActivity","decl":{"start":{"line":72,"column":22},"end":{"line":72,"column":36}},"loc":{"start":{"line":72,"column":74},"end":{"line":98,"column":1}}},"4":{"name":"deleteActivity","decl":{"start":{"line":100,"column":22},"end":{"line":100,"column":36}},"loc":{"start":{"line":100,"column":47},"end":{"line":113,"column":1}}},"5":{"name":"markActivityReady","decl":{"start":{"line":115,"column":22},"end":{"line":115,"column":39}},"loc":{"start":{"line":115,"column":50},"end":{"line":130,"column":1}}},"6":{"name":"markActivityComplete","decl":{"start":{"line":132,"column":22},"end":{"line":132,"column":42}},"loc":{"start":{"line":135,"column":19},"end":{"line":154,"column":1}}}},"branchMap":{"0":{"loc":{"start":{"line":47,"column":14},"end":{"line":47,"column":58}},"type":"binary-expr","locations":[{"start":{"line":47,"column":14},"end":{"line":47,"column":25}},{"start":{"line":47,"column":29},"end":{"line":47,"column":58}}]},"1":{"loc":{"start":{"line":77,"column":2},"end":{"line":79,"column":3}},"type":"if","locations":[{"start":{"line":77,"column":2},"end":{"line":79,"column":3}}]},"2":{"loc":{"start":{"line":105,"column":2},"end":{"line":107,"column":3}},"type":"if","locations":[{"start":{"line":105,"column":2},"end":{"line":107,"column":3}}]},"3":{"loc":{"start":{"line":120,"column":2},"end":{"line":122,"column":3}},"type":"if","locations":[{"start":{"line":120,"column":2},"end":{"line":122,"column":3}}]},"4":{"loc":{"start":{"line":141,"column":2},"end":{"line":143,"column":3}},"type":"if","locations":[{"start":{"line":141,"column":2},"end":{"line":143,"column":3}}]}},"s":{"0":5,"1":5,"2":5,"3":5,"4":5,"5":5,"6":5,"7":5,"8":5,"9":5,"10":2,"11":2,"12":2,"13":2,"14":1,"15":1,"16":2,"17":2,"18":2,"19":2,"20":2,"21":1,"22":1,"23":1,"24":1,"25":2,"26":2,"27":2,"28":1,"29":1,"30":1,"31":1,"32":2,"33":2,"34":2,"35":1,"36":1,"37":1,"38":3,"39":3,"40":3,"41":1,"42":2,"43":2,"44":2},"f":{"0":2,"1":1,"2":2,"3":2,"4":2,"5":2,"6":3},"b":{"0":[2,2],"1":[1],"2":[1],"3":[1],"4":[1]}}
,"/Volumes/Extra Storage/SiteDeckPM/src/services/auth.service.ts": {"path":"/Volumes/Extra Storage/SiteDeckPM/src/services/auth.service.ts","statementMap":{"0":{"start":{"line":7,"column":0},"end":{"line":7,"column":16}},"1":{"start":{"line":17,"column":0},"end":{"line":17,"column":16}},"2":{"start":{"line":21,"column":0},"end":{"line":21,"column":7}},"3":{"start":{"line":26,"column":0},"end":{"line":26,"column":7}},"4":{"start":{"line":36,"column":0},"end":{"line":36,"column":7}},"5":{"start":{"line":41,"column":0},"end":{"line":41,"column":7}},"6":{"start":{"line":1,"column":0},"end":{"line":1,"column":68}},"7":{"start":{"line":2,"column":0},"end":{"line":2,"column":60}},"8":{"start":{"line":5,"column":32},"end":{"line":5,"column":36}},"9":{"start":{"line":8,"column":2},"end":{"line":13,"column":3}},"10":{"start":{"line":9,"column":4},"end":{"line":11,"column":5}},"11":{"start":{"line":10,"column":6},"end":{"line":10,"column":22}},"12":{"start":{"line":12,"column":4},"end":{"line":12,"column":29}},"13":{"start":{"line":14,"column":2},"end":{"line":14,"column":22}},"14":{"start":{"line":18,"column":2},"end":{"line":18,"column":26}},"15":{"start":{"line":22,"column":15},"end":{"line":22,"column":32}},"16":{"start":{"line":23,"column":2},"end":{"line":23,"column":48}},"17":{"start":{"line":27,"column":15},"end":{"line":27,"column":32}},"18":{"start":{"line":28,"column":15},"end":{"line":28,"column":38}},"19":{"start":{"line":29,"column":15},"end":{"line":29,"column":38}},"20":{"start":{"line":30,"column":2},"end":{"line":32,"column":3}},"21":{"start":{"line":31,"column":4},"end":{"line":31,"column":24}},"22":{"start":{"line":33,"column":2},"end":{"line":33,"column":14}},"23":{"start":{"line":37,"column":15},"end":{"line":37,"column":32}},"24":{"start":{"line":38,"column":2},"end":{"line":38,"column":35}},"25":{"start":{"line":42,"column":15},"end":{"line":42,"column":32}},"26":{"start":{"line":43,"column":15},"end":{"line":43,"column":38}},"27":{"start":{"line":44,"column":17},"end":{"line":44,"column":49}},"28":{"start":{"line":45,"column":2},"end":{"line":45,"column":21}},"29":{"start":{"line":46,"column":2},"end":{"line":46,"column":46}}},"fnMap":{"0":{"name":"getAuthInstance","decl":{"start":{"line":7,"column":16},"end":{"line":7,"column":31}},"loc":{"start":{"line":7,"column":31},"end":{"line":15,"column":1}}},"1":{"name":"setAuthInstance","decl":{"start":{"line":17,"column":16},"end":{"line":17,"column":31}},"loc":{"start":{"line":17,"column":46},"end":{"line":19,"column":1}}},"2":{"name":"setUserRole","decl":{"start":{"line":21,"column":22},"end":{"line":21,"column":33}},"loc":{"start":{"line":21,"column":57},"end":{"line":24,"column":1}}},"3":{"name":"getUserRole","decl":{"start":{"line":26,"column":22},"end":{"line":26,"column":33}},"loc":{"start":{"line":26,"column":45},"end":{"line":34,"column":1}}},"4":{"name":"verifyIdToken","decl":{"start":{"line":36,"column":22},"end":{"line":36,"column":35}},"loc":{"start":{"line":36,"column":49},"end":{"line":39,"column":1}}},"5":{"name":"removeUserRole","decl":{"start":{"line":41,"column":22},"end":{"line":41,"column":36}},"loc":{"start":{"line":41,"column":48},"end":{"line":47,"column":1}}}},"branchMap":{"0":{"loc":{"start":{"line":8,"column":2},"end":{"line":13,"column":3}},"type":"if","locations":[{"start":{"line":8,"column":2},"end":{"line":13,"column":3}}]},"1":{"loc":{"start":{"line":9,"column":4},"end":{"line":11,"column":5}},"type":"if","locations":[{"start":{"line":9,"column":4},"end":{"line":11,"column":5}}]},"2":{"loc":{"start":{"line":30,"column":2},"end":{"line":32,"column":3}},"type":"if","locations":[{"start":{"line":30,"column":2},"end":{"line":32,"column":3}}]},"3":{"loc":{"start":{"line":44,"column":23},"end":{"line":44,"column":46}},"type":"binary-expr","locations":[{"start":{"line":44,"column":23},"end":{"line":44,"column":40}},{"start":{"line":44,"column":44},"end":{"line":44,"column":46}}]}},"s":{"0":7,"1":7,"2":7,"3":7,"4":7,"5":7,"6":7,"7":7,"8":7,"9":51,"10":0,"11":0,"12":0,"13":51,"14":56,"15":1,"16":1,"17":3,"18":3,"19":3,"20":3,"21":1,"22":2,"23":45,"24":45,"25":2,"26":2,"27":2,"28":2,"29":2},"f":{"0":51,"1":56,"2":1,"3":3,"4":45,"5":2},"b":{"0":[0],"1":[0],"2":[1],"3":[2,1]}}
,"/Volumes/Extra Storage/SiteDeckPM/src/services/baseline.service.ts": {"path":"/Volumes/Extra Storage/SiteDeckPM/src/services/baseline.service.ts","statementMap":{"0":{"start":{"line":6,"column":0},"end":{"line":6,"column":7}},"1":{"start":{"line":44,"column":0},"end":{"line":44,"column":7}},"2":{"start":{"line":61,"column":0},"end":{"line":61,"column":7}},"3":{"start":{"line":68,"column":0},"end":{"line":68,"column":7}},"4":{"start":{"line":76,"column":0},"end":{"line":76,"column":7}},"5":{"start":{"line":148,"column":0},"end":{"line":148,"column":16}},"6":{"start":{"line":1,"column":0},"end":{"line":1,"column":48}},"7":{"start":{"line":3,"column":0},"end":{"line":3,"column":64}},"8":{"start":{"line":4,"column":0},"end":{"line":4,"column":77}},"9":{"start":{"line":11,"column":17},"end":{"line":11,"column":34}},"10":{"start":{"line":12,"column":21},"end":{"line":14,"column":4}},"11":{"start":{"line":16,"column":19},"end":{"line":30,"column":5}},"12":{"start":{"line":16,"column":42},"end":{"line":30,"column":4}},"13":{"start":{"line":32,"column":2},"end":{"line":41,"column":5}},"14":{"start":{"line":45,"column":17},"end":{"line":45,"column":34}},"15":{"start":{"line":46,"column":19},"end":{"line":48,"column":4}},"16":{"start":{"line":49,"column":2},"end":{"line":51,"column":3}},"17":{"start":{"line":50,"column":4},"end":{"line":50,"column":42}},"18":{"start":{"line":52,"column":2},"end":{"line":54,"column":3}},"19":{"start":{"line":53,"column":4},"end":{"line":53,"column":20}},"20":{"start":{"line":55,"column":2},"end":{"line":58,"column":5}},"21":{"start":{"line":62,"column":17},"end":{"line":62,"column":34}},"22":{"start":{"line":63,"column":2},"end":{"line":65,"column":5}},"23":{"start":{"line":69,"column":17},"end":{"line":69,"column":34}},"24":{"start":{"line":70,"column":2},"end":{"line":73,"column":5}},"25":{"start":{"line":77,"column":17},"end":{"line":77,"column":34}},"26":{"start":{"line":78,"column":19},"end":{"line":80,"column":4}},"27":{"start":{"line":81,"column":2},"end":{"line":83,"column":3}},"28":{"start":{"line":82,"column":4},"end":{"line":82,"column":42}},"29":{"start":{"line":84,"column":2},"end":{"line":86,"column":3}},"30":{"start":{"line":85,"column":4},"end":{"line":85,"column":59}},"31":{"start":{"line":88,"column":28},"end":{"line":90,"column":4}},"32":{"start":{"line":92,"column":29},"end":{"line":92,"column":null}},"33":{"start":{"line":100,"column":22},"end":{"line":100,"column":71}},"34":{"start":{"line":100,"column":60},"end":{"line":100,"column":69}},"35":{"start":{"line":111,"column":8},"end":{"line":111,"column":10}},"36":{"start":{"line":113,"column":2},"end":{"line":143,"column":3}},"37":{"start":{"line":114,"column":29},"end":{"line":114,"column":56}},"38":{"start":{"line":115,"column":4},"end":{"line":115,"column":36}},"39":{"start":{"line":115,"column":27},"end":{"line":115,"column":36}},"40":{"start":{"line":117,"column":39},"end":{"line":122,"column":6}},"41":{"start":{"line":124,"column":38},"end":{"line":129,"column":6}},"42":{"start":{"line":131,"column":21},"end":{"line":131,"column":73}},"43":{"start":{"line":133,"column":4},"end":{"line":142,"column":7}},"44":{"start":{"line":145,"column":2},"end":{"line":145,"column":17}},"45":{"start":{"line":153,"column":2},"end":{"line":156,"column":4}}},"fnMap":{"0":{"name":"createBaseline","decl":{"start":{"line":6,"column":22},"end":{"line":6,"column":36}},"loc":{"start":{"line":9,"column":19},"end":{"line":42,"column":1}}},"1":{"name":"(anonymous_1)","decl":{"start":{"line":16,"column":34},"end":{"line":16,"column":35}},"loc":{"start":{"line":16,"column":42},"end":{"line":30,"column":4}}},"2":{"name":"lockBaseline","decl":{"start":{"line":44,"column":22},"end":{"line":44,"column":34}},"loc":{"start":{"line":44,"column":53},"end":{"line":59,"column":1}}},"3":{"name":"getBaselineById","decl":{"start":{"line":61,"column":22},"end":{"line":61,"column":37}},"loc":{"start":{"line":61,"column":48},"end":{"line":66,"column":1}}},"4":{"name":"getBaselinesByProject","decl":{"start":{"line":68,"column":22},"end":{"line":68,"column":43}},"loc":{"start":{"line":68,"column":61},"end":{"line":74,"column":1}}},"5":{"name":"compareToBaseline","decl":{"start":{"line":76,"column":22},"end":{"line":76,"column":39}},"loc":{"start":{"line":76,"column":77},"end":{"line":146,"column":1}}},"6":{"name":"(anonymous_6)","decl":{"start":{"line":100,"column":53},"end":{"line":100,"column":54}},"loc":{"start":{"line":100,"column":60},"end":{"line":100,"column":69}}},"7":{"name":"canRebaseline","decl":{"start":{"line":148,"column":16},"end":{"line":148,"column":29}},"loc":{"start":{"line":151,"column":25},"end":{"line":157,"column":1}}}},"branchMap":{"0":{"loc":{"start":{"line":49,"column":2},"end":{"line":51,"column":3}},"type":"if","locations":[{"start":{"line":49,"column":2},"end":{"line":51,"column":3}}]},"1":{"loc":{"start":{"line":52,"column":2},"end":{"line":54,"column":3}},"type":"if","locations":[{"start":{"line":52,"column":2},"end":{"line":54,"column":3}}]},"2":{"loc":{"start":{"line":81,"column":2},"end":{"line":83,"column":3}},"type":"if","locations":[{"start":{"line":81,"column":2},"end":{"line":83,"column":3}}]},"3":{"loc":{"start":{"line":84,"column":2},"end":{"line":86,"column":3}},"type":"if","locations":[{"start":{"line":84,"column":2},"end":{"line":86,"column":3}}]},"4":{"loc":{"start":{"line":115,"column":4},"end":{"line":115,"column":36}},"type":"if","locations":[{"start":{"line":115,"column":4},"end":{"line":115,"column":36}}]},"5":{"loc":{"start":{"line":154,"column":4},"end":{"line":155,"column":50}},"type":"binary-expr","locations":[{"start":{"line":154,"column":4},"end":{"line":154,"column":46}},{"start":{"line":155,"column":4},"end":{"line":155,"column":50}}]}},"s":{"0":5,"1":5,"2":5,"3":5,"4":5,"5":5,"6":5,"7":5,"8":5,"9":2,"10":2,"11":2,"12":1,"13":2,"14":3,"15":3,"16":3,"17":1,"18":2,"19":1,"20":1,"21":1,"22":1,"23":2,"24":2,"25":3,"26":3,"27":3,"28":1,"29":2,"30":1,"31":1,"32":1,"33":1,"34":1,"35":1,"36":1,"37":1,"38":1,"39":0,"40":1,"41":1,"42":1,"43":1,"44":1,"45":6},"f":{"0":2,"1":1,"2":3,"3":1,"4":2,"5":3,"6":1,"7":6},"b":{"0":[1],"1":[1],"2":[1],"3":[1],"4":[0],"5":[6,5]}}
[...]
{"line":263,"column":2},"end":{"line":299,"column":3}},"113":{"start":{"line":264,"column":4},"end":{"line":267,"column":5}},"114":{"start":{"line":265,"column":6},"end":{"line":265,"column":68}},"115":{"start":{"line":266,"column":6},"end":{"line":266,"column":67}},"116":{"start":{"line":269,"column":22},"end":{"line":269,"column":50}},"117":{"start":{"line":270,"column":25},"end":{"line":270,"column":56}},"118":{"start":{"line":271,"column":21},"end":{"line":271,"column":47}},"119":{"start":{"line":272,"column":23},"end":{"line":272,"column":52}},"120":{"start":{"line":273,"column":24},"end":{"line":273,"column":65}},"121":{"start":{"line":275,"column":7},"end":{"line":275,"column":94}},"122":{"start":{"line":277,"column":4},"end":{"line":280,"column":5}},"123":{"start":{"line":278,"column":6},"end":{"line":278,"column":65}},"124":{"start":{"line":279,"column":6},"end":{"line":279,"column":68}},"125":{"start":{"line":282,"column":4},"end":{"line":291,"column":6}},"126":{"start":{"line":293,"column":4},"end":{"line":293,"column":66}},"127":{"start":{"line":294,"column":4},"end":{"line":294,"column":80}},"128":{"start":{"line":296,"column":20},"end":{"line":296,"column":72}},"129":{"start":{"line":297,"column":4},"end":{"line":297,"column":63}},"130":{"start":{"line":298,"column":4},"end":{"line":298,"column":39}},"131":{"start":{"line":305,"column":16},"end":{"line":305,"column":49}},"132":{"start":{"line":306,"column":2},"end":{"line":338,"column":3}},"133":{"start":{"line":307,"column":4},"end":{"line":310,"column":5}},"134":{"start":{"line":308,"column":6},"end":{"line":308,"column":68}},"135":{"start":{"line":309,"column":6},"end":{"line":309,"column":67}},"136":{"start":{"line":312,"column":22},"end":{"line":312,"column":50}},"137":{"start":{"line":313,"column":24},"end":{"line":313,"column":53}},"138":{"start":{"line":314,"column":23},"end":{"line":314,"column":52}},"139":{"start":{"line":315,"column":23},"end":{"line":315,"column":64}},"140":{"start":{"line":317,"column":4},"end":{"line":320,"column":5}},"141":{"start":{"line":318,"column":6},"end":{"line":318,"column":65}},"142":{"start":{"line":319,"column":6},"end":{"line":319,"column":78}},"143":{"start":{"line":322,"column":4},"end":{"line":330,"column":7}},"144":{"start":{"line":332,"column":4},"end":{"line":332,"column":66}},"145":{"start":{"line":333,"column":4},"end":{"line":333,"column":60}},"146":{"start":{"line":335,"column":20},"end":{"line":335,"column":72}},"147":{"start":{"line":336,"column":4},"end":{"line":336,"column":63}},"148":{"start":{"line":337,"column":4},"end":{"line":337,"column":39}},"149":{"start":{"line":344,"column":16},"end":{"line":344,"column":56}},"150":{"start":{"line":345,"column":2},"end":{"line":385,"column":3}},"151":{"start":{"line":346,"column":4},"end":{"line":349,"column":5}},"152":{"start":{"line":347,"column":6},"end":{"line":347,"column":68}},"153":{"start":{"line":348,"column":6},"end":{"line":348,"column":67}},"154":{"start":{"line":351,"column":22},"end":{"line":351,"column":50}},"155":{"start":{"line":352,"column":23},"end":{"line":352,"column":52}},"156":{"start":{"line":353,"column":23},"end":{"line":353,"column":52}},"157":{"start":{"line":354,"column":26},"end":{"line":354,"column":null}},"158":{"start":{"line":357,"column":30},"end":{"line":357,"column":78}},"159":{"start":{"line":358,"column":24},"end":{"line":358,"column":66}},"160":{"start":{"line":360,"column":4},"end":{"line":363,"column":5}},"161":{"start":{"line":361,"column":6},"end":{"line":361,"column":65}},"162":{"start":{"line":362,"column":6},"end":{"line":362,"column":68}},"163":{"start":{"line":365,"column":4},"end":{"line":377,"column":7}},"164":{"start":{"line":379,"column":4},"end":{"line":379,"column":66}},"165":{"start":{"line":380,"column":4},"end":{"line":380,"column":73}},"166":{"start":{"line":382,"column":20},"end":{"line":382,"column":72}},"167":{"start":{"line":383,"column":4},"end":{"line":383,"column":63}},"168":{"start":{"line":384,"column":4},"end":{"line":384,"column":39}},"169":{"start":{"line":394,"column":16},"end":{"line":394,"column":46}},"170":{"start":{"line":395,"column":18},"end":{"line":395,"column":68}},"171":{"start":{"line":396,"column":2},"end":{"line":396,"column":63}},"172":{"start":{"line":397,"column":2},"end":{"line":397,"column":61}},"173":{"start":{"line":408,"column":16},"end":{"line":408,"column":47}},"174":{"start":{"line":409,"column":18},"end":{"line":416,"column":4}},"175":{"start":{"line":417,"column":2},"end":{"line":417,"column":63}},"176":{"start":{"line":418,"column":2},"end":{"line":418,"column":61}},"177":{"start":{"line":428,"column":16},"end":{"line":428,"column":50}},"178":{"start":{"line":429,"column":18},"end":{"line":435,"column":4}},"179":{"start":{"line":436,"column":2},"end":{"line":436,"column":63}},"180":{"start":{"line":437,"column":2},"end":{"line":437,"column":61}},"181":{"start":{"line":446,"column":16},"end":{"line":446,"column":56}},"182":{"start":{"line":447,"column":18},"end":{"line":452,"column":4}},"183":{"start":{"line":453,"column":2},"end":{"line":453,"column":63}},"184":{"start":{"line":454,"column":2},"end":{"line":454,"column":61}},"185":{"start":{"line":464,"column":16},"end":{"line":464,"column":55}},"186":{"start":{"line":465,"column":18},"end":{"line":474,"column":4}},"187":{"start":{"line":475,"column":2},"end":{"line":475,"column":63}},"188":{"start":{"line":476,"column":2},"end":{"line":476,"column":61}}},"fnMap":{"0":{"name":"logWebhookEvent","decl":{"start":{"line":12,"column":15},"end":{"line":12,"column":30}},"loc":{"start":{"line":17,"column":16},"end":{"line":29,"column":1}}},"1":{"name":"isDuplicateEvent","decl":{"start":{"line":31,"column":15},"end":{"line":31,"column":31}},"loc":{"start":{"line":33,"column":34},"end":{"line":73,"column":1}}},"2":{"name":"handleTaskCompleted","decl":{"start":{"line":82,"column":22},"end":{"line":82,"column":41}},"loc":{"start":{"line":83,"column":34},"end":{"line":112,"column":1}}},"3":{"name":"handleMaterialReceived","decl":{"start":{"line":114,"column":22},"end":{"line":114,"column":44}},"loc":{"start":{"line":115,"column":34},"end":{"line":161,"column":1}}},"4":{"name":"handleLaborHoursLogged","decl":{"start":{"line":163,"column":22},"end":{"line":163,"column":44}},"loc":{"start":{"line":164,"column":34},"end":{"line":201,"column":1}}},"5":{"name":"handleEquipmentUsageLogged","decl":{"start":{"line":203,"column":22},"end":{"line":203,"column":48}},"loc":{"start":{"line":204,"column":34},"end":{"line":257,"column":1}}},"6":{"name":"handleSafetyIncident","decl":{"start":{"line":259,"column":22},"end":{"line":259,"column":42}},"loc":{"start":{"line":260,"column":34},"end":{"line":300,"column":1}}},"7":{"name":"handleFieldIssueLogged","decl":{"start":{"line":302,"column":22},"end":{"line":302,"column":44}},"loc":{"start":{"line":303,"column":34},"end":{"line":339,"column":1}}},"8":{"name":"handleScheduleChangeRequested","decl":{"start":{"line":341,"column":22},"end":{"line":341,"column":51}},"loc":{"start":{"line":342,"column":34},"end":{"line":386,"column":1}}},"9":{"name":"sendActivityReady","decl":{"start":{"line":390,"column":22},"end":{"line":390,"column":39}},"loc":{"start":{"line":392,"column":20},"end":{"line":398,"column":1}}},"10":{"name":"sendMaterialNeeded","decl":{"start":{"line":400,"column":22},"end":{"line":400,"column":40}},"loc":{"start":{"line":406,"column":21},"end":{"line":419,"column":1}}},"11":{"name":"sendRfiStatusUpdated","decl":{"start":{"line":421,"column":22},"end":{"line":421,"column":42}},"loc":{"start":{"line":426,"column":27},"end":{"line":438,"column":1}}},"12":{"name":"sendSubmittalStatusUpdated","decl":{"start":{"line":440,"column":22},"end":{"line":440,"column":48}},"loc":{"start":{"line":444,"column":27},"end":{"line":455,"column":1}}},"13":{"name":"sendScheduleChangeDecided","decl":{"start":{"line":457,"column":22},"end":{"line":457,"column":47}},"loc":{"start":{"line":462,"column":49},"end":{"line":477,"column":1}}}},"branchMap":{"0":{"loc":{"start":{"line":17,"column":2},"end":{"line":17,"column":16}},"type":"default-arg","locations":[{"start":{"line":17,"column":15},"end":{"line":17,"column":16}}]},"1":{"loc":{"start":{"line":39,"column":2},"end":{"line":41,"column":3}},"type":"if","locations":[{"start":{"line":39,"column":2},"end":{"line":41,"column":3}}]},"2":{"loc":{"start":{"line":39,"column":6},"end":{"line":39,"column":30}},"type":"binary-expr","locations":[{"start":{"line":39,"column":6},"end":{"line":39,"column":14}},{"start":{"line":39,"column":18},"end":{"line":39,"column":30}}]},"3":{"loc":{"start":{"line":48,"column":12},"end":{"line":57,"column":14}},"type":"cond-expr","locations":[{"start":{"line":49,"column":12},"end":{"line":56,"column":null}},{"start":{"line":57,"column":12},"end":{"line":57,"column":14}}]},"4":{"loc":{"start":{"line":58,"column":12},"end":{"line":67,"column":14}},"type":"cond-expr","locations":[{"start":{"line":59,"column":12},"end":{"line":66,"column":null}},{"start":{"line":67,"column":12},"end":{"line":67,"column":14}}]},"5":{"loc":{"start":{"line":87,"column":4},"end":{"line":90,"column":5}},"type":"if","locations":[{"start":{"line":87,"column":4},"end":{"line":90,"column":5}}]},"6":{"loc":{"start":{"line":95,"column":24},"end":{"line":97,"column":18}},"type":"cond-expr","locations":[{"start":{"line":96,"column":8},"end":{"line":96,"column":48}},{"start":{"line":97,"column":8},"end":{"line":97,"column":18}}]},"7":{"loc":{"start":{"line":99,"column":4},"end":{"line":102,"column":5}},"type":"if","locations":[{"start":{"line":99,"column":4},"end":{"line":102,"column":5}}]},"8":{"loc":{"start":{"line":108,"column":20},"end":{"line":108,"column":72}},"type":"cond-expr","locations":[{"start":{"line":108,"column":43},"end":{"line":108,"column":54}},{"start":{"line":108,"column":57},"end":{"line":108,"column":72}}]},"9":{"loc":{"start":{"line":119,"column":4},"end":{"line":122,"column":5}},"type":"if","locations":[{"start":{"line":119,"column":4},"end":{"line":122,"column":5}}]},"10":{"loc":{"start":{"line":130,"column":23},"end":{"line":132,"column":18}},"type":"cond-expr","locations":[{"start":{"line":131,"column":8},"end":{"line":131,"column":47}},{"start":{"line":132,"column":8},"end":{"line":132,"column":18}}]},"11":{"loc":{"start":{"line":136,"column":4},"end":{"line":139,"column":5}},"type":"if","locations":[{"start":{"line":136,"column":4},"end":{"line":139,"column":5}}]},"12":{"loc":{"start":{"line":136,"column":8},"end":{"line":136,"column":69}},"type":"binary-expr","locations":[{"start":{"line":136,"column":8},"end":{"line":136,"column":13}},{"start":{"line":136,"column":17},"end":{"line":136,"column":35}},{"start":{"line":136,"column":39},"end":{"line":136,"column":69}}]},"13":{"loc":{"start":{"line":157,"column":20},"end":{"line":157,"column":72}},"type":"cond-expr","locations":[{"start":{"line":157,"column":43},"end":{"line":157,"column":54}},{"start":{"line":157,"column":57},"end":{"line":157,"column":72}}]},"14":{"loc":{"start":{"line":168,"column":4},"end":{"line":171,"column":5}},"type":"if","locations":[{"start":{"line":168,"column":4},"end":{"line":171,"column":5}}]},"15":{"loc":{"start":{"line":176,"column":17},"end":{"line":176,"column":77}},"type":"cond-expr","locations":[{"start":{"line":176,"column":32},"end":{"line":176,"column":64}},{"start":{"line":176,"column":67},"end":{"line":176,"column":77}}]},"16":{"loc":{"start":{"line":177,"column":25},"end":{"line":177,"column":86}},"type":"binary-expr","locations":[{"start":{"line":177,"column":25},"end":{"line":177,"column":51}},{"start":{"line":177,"column":56},"end":{"line":177,"column":86}}]},"17":{"loc":{"start":{"line":179,"column":4},"end":{"line":182,"column":5}},"type":"if","locations":[{"start":{"line":179,"column":4},"end":{"line":182,"column":5}}]},"18":{"loc":{"start":{"line":179,"column":8},"end":{"line":179,"column":44}},"type":"binary-expr","locations":[{"start":{"line":179,"column":8},"end":{"line":179,"column":21}},{"start":{"line":179,"column":25},"end":{"line":179,"column":44}}]},"19":{"loc":{"start":{"line":197,"column":20},"end":{"line":197,"column":72}},"type":"cond-expr","locations":[{"start":{"line":197,"column":43},"end":{"line":197,"column":54}},{"start":{"line":197,"column":57},"end":{"line":197,"column":72}}]},"20":{"loc":{"start":{"line":208,"column":4},"end":{"line":211,"column":5}},"type":"if","locations":[{"start":{"line":208,"column":4},"end":{"line":211,"column":5}}]},"21":{"loc":{"start":{"line":216,"column":17},"end":{"line":216,"column":77}},"type":"cond-expr","locations":[{"start":{"line":216,"column":32},"end":{"line":216,"column":64}},{"start":{"line":216,"column":67},"end":{"line":216,"column":77}}]},"22":{"loc":{"start":{"line":217,"column":25},"end":{"line":217,"column":86}},"type":"binary-expr","locations":[{"start":{"line":217,"column":25},"end":{"line":217,"column":51}},{"start":{"line":217,"column":56},"end":{"line":217,"column":86}}]},"23":{"loc":{"start":{"line":219,"column":4},"end":{"line":222,"column":5}},"type":"if","locations":[{"start":{"line":219,"column":4},"end":{"line":222,"column":5}}]},"24":{"loc":{"start":{"line":219,"column":8},"end":{"line":219,"column":50}},"type":"binary-expr","locations":[{"start":{"line":219,"column":8},"end":{"line":219,"column":21}},{"start":{"line":219,"column":25},"end":{"line":219,"column":50}}]},"25":{"loc":{"start":{"line":238,"column":15},"end":{"line":238,"column":64}},"type":"binary-expr","locations":[{"start":{"line":238,"column":15},"end":{"line":238,"column":48}},{"start":{"line":238,"column":52},"end":{"line":238,"column":64}}]},"26":{"loc":{"start":{"line":253,"column":20},"end":{"line":253,"column":72}},"type":"cond-expr","locations":[{"start":{"line":253,"column":43},"end":{"line":253,"column":54}},{"start":{"line":253,"column":57},"end":{"line":253,"column":72}}]},"27":{"loc":{"start":{"line":264,"column":4},"end":{"line":267,"column":5}},"type":"if","locations":[{"start":{"line":264,"column":4},"end":{"line":267,"column":5}}]},"28":{"loc":{"start":{"line":275,"column":7},"end":{"line":275,"column":94}},"type":"binary-expr","locations":[{"start":{"line":275,"column":7},"end":{"line":275,"column":33}},{"start":{"line":275,"column":38},"end":{"line":275,"column":68}},{"start":{"line":275,"column":72},"end":{"line":275,"column":94}}]},"29":{"loc":{"start":{"line":277,"column":4},"end":{"line":280,"column":5}},"type":"if","locations":[{"start":{"line":277,"column":4},"end":{"line":280,"column":5}}]},"30":{"loc":{"start":{"line":277,"column":8},"end":{"line":277,"column":74}},"type":"binary-expr","locations":[{"start":{"line":277,"column":8},"end":{"line":277,"column":18}},{"start":{"line":277,"column":22},"end":{"line":277,"column":48}},{"start":{"line":277,"column":52},"end":{"line":277,"column":74}}]},"31":{"loc":{"start":{"line":288,"column":21},"end":{"line":288,"column":38}},"type":"binary-expr","locations":[{"start":{"line":288,"column":21},"end":{"line":288,"column":32}},{"start":{"line":288,"column":36},"end":{"line":288,"column":38}}]},"32":{"loc":{"start":{"line":296,"column":20},"end":{"line":296,"column":72}},"type":"cond-expr","locations":[{"start":{"line":296,"column":43},"end":{"line":296,"column":54}},{"start":{"line":296,"column":57},"end":{"line":296,"column":72}}]},"33":{"loc":{"start":{"line":307,"column":4},"end":{"line":310,"column":5}},"type":"if","locations":[{"start":{"line":307,"column":4},"end":{"line":310,"column":5}}]},"34":{"loc":{"start":{"line":317,"column":4},"end":{"line":320,"column":5}},"type":"if","locations":[{"start":{"line":317,"column":4},"end":{"line":320,"column":5}}]},"35":{"loc":{"start":{"line":317,"column":8},"end":{"line":317,"column":34}},"type":"binary-expr","locations":[{"start":{"line":317,"column":8},"end":{"line":317,"column":18}},{"start":{"line":317,"column":22},"end":{"line":317,"column":34}}]},"36":{"loc":{"start":{"line":329,"column":17},"end":{"line":329,"column":43}},"type":"binary-expr","locations":[{"start":{"line":329,"column":17},"end":{"line":329,"column":27}},{"start":{"line":329,"column":31},"end":{"line":329,"column":43}}]},"37":{"loc":{"start":{"line":335,"column":20},"end":{"line":335,"column":72}},"type":"cond-expr","locations":[{"start":{"line":335,"column":43},"end":{"line":335,"column":54}},{"start":{"line":335,"column":57},"end":{"line":335,"column":72}}]},"38":{"loc":{"start":{"line":346,"column":4},"end":{"line":349,"column":5}},"type":"if","locations":[{"start":{"line":346,"column":4},"end":{"line":349,"column":5}}]},"39":{"loc":{"start":{"line":360,"column":4},"end":{"line":363,"column":5}},"type":"if","locations":[{"start":{"line":360,"column":4},"end":{"line":363,"column":5}}]},"40":{"loc":{"start":{"line":360,"column":8},"end":{"line":360,"column":48}},"type":"binary-expr","locations":[{"start":{"line":360,"column":8},"end":{"line":360,"column":18}},{"start":{"line":360,"column":22},"end":{"line":360,"column":33}},{"start":{"line":360,"column":37},"end":{"line":360,"column":48}}]},"41":{"loc":{"start":{"line":368,"column":19},"end":{"line":368,"column":46}},"type":"binary-expr","locations":[{"start":{"line":368,"column":19},"end":{"line":368,"column":30}},{"start":{"line":368,"column":34},"end":{"line":368,"column":46}}]},"42":{"loc":{"start":{"line":370,"column":21},"end":{"line":372,"column":19}},"type":"cond-expr","locations":[{"start":{"line":371,"column":10},"end":{"line":371,"column":44}},{"start":{"line":372,"column":10},"end":{"line":372,"column":19}}]},"43":{"loc":{"start":{"line":373,"column":19},"end":{"line":375,"column":19}},"type":"cond-expr","locations":[{"start":{"line":374,"column":10},"end":{"line":374,"column":42}},{"start":{"line":375,"column":10},"end":{"line":375,"column":19}}]},"44":{"loc":{"start":{"line":382,"column":20},"end":{"line":382,"column":72}},"type":"cond-expr","locations":[{"start":{"line":382,"column":43},"end":{"line":382,"column":54}},{"start":{"line":382,"column":57},"end":{"line":382,"column":72}}]}},"s":{"0":5,"1":5,"2":5,"3":5,"4":5,"5":5,"6":5,"7":5,"8":5,"9":5,"10":5,"11":5,"12":5,"13":5,"14":5,"15":5,"16":5,"17":5,"18":5,"19":5,"20":5,"21":29,"22":29,"23":24,"24":24,"25":24,"26":24,"27":10,"28":14,"29":14,"30":6,"31":6,"32":6,"33":2,"34":2,"35":4,"36":4,"37":4,"38":4,"39":4,"40":1,"41":1,"42":3,"43":2,"44":2,"45":1,"46":1,"47":1,"48":3,"49":3,"50":3,"51":1,"52":1,"53":2,"54":2,"55":2,"56":2,"57":2,"58":2,"59":2,"60":2,"61":1,"62":1,"63":1,"64":1,"65":1,"66":1,"67":0,"68":0,"69":0,"70":3,"71":3,"72":3,"73":1,"74":1,"75":2,"76":2,"77":2,"78":2,"79":2,"80":2,"81":1,"82":1,"83":1,"84":1,"85":1,"86":0,"87":0,"88":0,"89":3,"90":3,"91":3,"92":1,"93":1,"94":2,"95":2,"96":2,"97":2,"98":2,"99":2,"100":1,"101":1,"102":1,"103":1,"104":1,"105":1,"106":1,"107":1,"108":0,"109":0,"110":0,"111":3,"112":3,"113":3,"114":1,"115":1,"116":2,"117":2,"118":2,"119":2,"120":2,"121":2,"122":2,"123":1,"124":1,"125":1,"126":1,"127":1,"128":0,"129":0,"130":0,"131":3,"132":3,"133":3,"134":1,"135":1,"136":2,"137":2,"138":2,"139":2,"140":2,"141":1,"142":1,"143":1,"144":1,"145":1,"146":0,"147":0,"148":0,"149":3,"150":3,"151":3,"152":1,"153":1,"154":2,"155":2,"156":2,"157":2,"158":2,"159":2,"160":2,"161":1,"162":1,"163":1,"164":1,"165":1,"166":0,"167":0,"168":0,"169":1,"170":1,"171":1,"172":1,"173":1,"174":1,"175":1,"176":1,"177":1,"178":1,"179":1,"180":1,"181":1,"182":1,"183":1,"184":1,"185":1,"186":1,"187":1,"188":1},"f":{"0":29,"1":24,"2":6,"3":3,"4":3,"5":3,"6":3,"7":3,"8":3,"9":1,"10":1,"11":1,"12":1,"13":1},"b":{"0":[29],"1":[10],"2":[24,11],"3":[13,1],"4":[1,13],"5":[2],"6":[2,2],"7":[1],"8":[1,0],"9":[1],"10":[1,1],"11":[1],"12":[2,1,1],"13":[0,0],"14":[1],"15":[1,1],"16":[2,1],"17":[1],"18":[2,1],"19":[0,0],"20":[1],"21":[1,1],"22":[2,1],"23":[1],"24":[2,1],"25":[1,1],"26":[0,0],"27":[1],"28":[2,1,1],"29":[1],"30":[2,2,1],"31":[1,0],"32":[0,0],"33":[1],"34":[1],"35":[2,2],"36":[1,0],"37":[0,0],"38":[1],"39":[1],"40":[2,2,1],"41":[1,0],"42":[1,0],"43":[1,0],"44":[0,0]}}
}
