TN:
SF:src/index.ts
FN:5,createApp
FNF:1
FNH:1
FNDA:8,createApp
DA:1,4
DA:2,4
DA:3,4
DA:5,4
DA:6,8
DA:8,8
DA:10,8
DA:12,8
DA:14,8
DA:17,4
DA:19,4
LF:11
LH:11
BRF:0
BRH:0
end_of_record
TN:
SF:src/constants/communications.ts
FNF:0
FNH:0
DA:1,6
DA:11,6
DA:19,6
DA:30,6
LF:4
LH:4
BRF:0
BRH:0
end_of_record
TN:
SF:src/constants/evm.ts
FN:23,getEvmStatusColor
FNF:1
FNH:1
FNDA:8,getEvmStatusColor
DA:1,1
DA:8,1
DA:23,1
DA:27,8
DA:28,4
DA:29,3
DA:30,2
DA:33,4
DA:34,4
DA:35,3
DA:36,2
DA:39,0
LF:12
LH:11
BRDA:27,0,0,4
BRDA:28,1,0,1
BRDA:29,2,0,1
BRDA:33,3,0,4
BRDA:34,4,0,1
BRDA:35,5,0,1
BRF:6
BRH:6
end_of_record
TN:
SF:src/constants/integration.ts
FNF:0
FNH:0
DA:1,5
DA:8,5
DA:13,5
DA:22,5
DA:29,5
DA:38,5
DA:45,5
DA:53,5
DA:59,5
DA:67,5
DA:73,5
DA:84,5
DA:93,5
DA:102,5
DA:109,5
DA:118,5
LF:16
LH:16
BRF:0
BRH:0
end_of_record
TN:
SF:src/constants/procurement.ts
FNF:0
FNH:0
DA:1,5
DA:11,5
DA:19,5
DA:29,5
DA:37,5
DA:45,5
DA:51,5
DA:59,5
LF:8
LH:8
BRF:0
BRH:0
end_of_record
TN:
SF:src/constants/reason-codes.ts
FNF:0
FNH:0
DA:1,5
DA:14,5
DA:24,5
DA:34,5
LF:4
LH:4
BRF:0
BRH:0
end_of_record
TN:
SF:src/constants/risk.ts
FN:89,getRiskScore
FN:95,getRiskColor
FNF:2
FNH:2
FNDA:47,getRiskScore
FNDA:36,getRiskColor
DA:1,6
DA:12,6
DA:21,6
DA:29,6
DA:35,6
DA:43,6
DA:49,6
DA:58,6
DA:65,6
DA:72,6
DA:77,6
DA:83,6
DA:89,6
DA:90,47
DA:91,47
DA:92,47
DA:95,6
DA:96,36
DA:97,32
DA:98,20
LF:20
LH:20
BRDA:90,0,0,47
BRDA:90,0,1,0
BRDA:91,1,0,47
BRDA:91,1,1,0
BRDA:96,2,0,4
BRDA:97,3,0,12
BRF:6
BRH:4
end_of_record
TN:
SF:src/constants/roles.ts
FN:78,isRoleAtLeast
FNF:1
FNH:1
FNDA:25,isRoleAtLeast
DA:1,10
DA:15,10
DA:66,10
DA:78,10
DA:79,25
DA:80,5
DA:82,20
DA:83,20
DA:84,20
DA:85,7
DA:87,13
LF:11
LH:11
BRDA:79,0,0,5
BRDA:84,1,0,7
BRDA:84,2,0,20
BRDA:84,2,1,13
BRF:4
BRH:4
end_of_record
TN:
SF:src/constants/status.ts
FNF:0
FNH:0
DA:1,6
DA:11,6
LF:2
LH:2
BRF:0
BRH:0
end_of_record
TN:
SF:src/constants/webhook-events.ts
FNF:0
FNH:0
DA:1,5
DA:13,5
LF:2
LH:2
BRF:0
BRH:0
end_of_record
TN:
SF:src/lib/async-handler.ts
FN:5,asyncHandler
FN:6,(anonymous_1)
FNF:2
FNH:2
FNDA:216,asyncHandler
FNDA:43,(anonymous_1)
DA:5,4
DA:6,216
DA:7,43
LF:3
LH:3
BRF:0
BRH:0
end_of_record
TN:
SF:src/lib/error-handler.ts
FN:7,(anonymous_0)
FN:15,mapServiceErrorToApiError
FN:39,errorHandlerMiddleware
FNF:3
FNH:0
FNDA:0,(anonymous_0)
FNDA:0,mapServiceErrorToApiError
FNDA:0,errorHandlerMiddleware
DA:3,4
DA:8,0
DA:9,0
DA:10,0
DA:11,0
DA:15,4
DA:16,0
DA:17,0
DA:20,0
DA:21,0
DA:23,0
DA:24,0
DA:26,0
DA:27,0
DA:29,0
DA:30,0
DA:32,0
DA:33,0
DA:36,0
DA:39,4
DA:45,0
DA:47,0
LF:22
LH:3
BRDA:16,0,0,0
BRDA:20,1,0,0
BRDA:20,1,1,0
BRDA:23,2,0,0
BRDA:26,3,0,0
BRDA:29,4,0,0
BRDA:29,5,0,0
BRDA:29,5,1,0
BRDA:32,6,0,0
BRDA:32,7,0,0
BRDA:32,7,1,0
BRDA:32,7,2,0
BRDA:32,7,3,0
BRF:13
BRH:0
end_of_record
TN:
SF:src/lib/prisma.ts
FN:5,getPrismaClient
FN:12,setPrismaClient
FNF:2
FNH:2
FNDA:377,getPrismaClient
FNDA:316,setPrismaClient
DA:1,20
DA:3,20
DA:5,20
DA:6,377
DA:7,20
DA:9,377
DA:12,20
DA:13,316
DA:16,20
LF:9
LH:9
BRDA:6,0,0,20
BRF:1
BRH:1
end_of_record
TN:
SF:src/middleware/express-auth.ts
FN:20,requireAuth
FN:47,requireRole
FN:48,(anonymous_2)
FN:64,requireOwnersRep
FNF:4
FNH:3
FNDA:45,requireAuth
FNDA:215,requireRole
FNDA:44,(anonymous_2)
FNDA:0,requireOwnersRep
DA:2,5
DA:3,5
DA:20,5
DA:25,45
DA:26,45
DA:27,2
DA:28,2
DA:31,43
DA:32,43
DA:33,0
DA:34,0
DA:37,43
DA:38,43
DA:39,42
DA:40,42
DA:41,42
DA:43,1
DA:47,5
DA:48,215
DA:49,44
DA:50,1
DA:51,1
DA:54,43
DA:55,43
DA:56,2
DA:57,2
DA:60,41
DA:64,5
DA:69,0
LF:29
LH:26
BRDA:26,0,0,2
BRDA:26,1,0,45
BRDA:26,1,1,43
BRDA:32,2,0,0
BRDA:39,3,0,42
BRDA:39,3,1,0
BRDA:49,4,0,1
BRDA:55,5,0,2
BRDA:55,6,0,43
BRDA:55,6,1,43
BRF:10
BRH:8
end_of_record
TN:
SF:src/middleware/permission.middleware.ts
FN:23,requireAuth
FN:41,(anonymous_1)
FN:46,(anonymous_2)
FN:51,requireRole
FN:52,(anonymous_4)
FN:72,requireOwnersRep
FNF:6
FNH:6
FNDA:5,requireAuth
FNDA:2,(anonymous_1)
FNDA:1,(anonymous_2)
FNDA:8,requireRole
FNDA:8,(anonymous_4)
FNDA:3,requireOwnersRep
DA:2,1
DA:3,1
DA:23,1
DA:28,5
DA:29,5
DA:30,2
DA:31,2
DA:34,3
DA:35,3
DA:36,0
DA:37,0
DA:40,3
DA:42,2
DA:43,2
DA:44,2
DA:47,1
DA:51,1
DA:52,8
DA:57,8
DA:58,2
DA:59,2
DA:62,6
DA:63,6
DA:64,3
DA:65,3
DA:68,3
DA:72,1
DA:77,3
LF:28
LH:26
BRDA:29,0,0,2
BRDA:29,1,0,5
BRDA:29,1,1,4
BRDA:35,2,0,0
BRDA:42,3,0,2
BRDA:42,3,1,1
BRDA:57,4,0,2
BRDA:63,5,0,3
BRDA:63,6,0,6
BRDA:63,6,1,5
BRF:10
BRH:9
end_of_record
TN:
SF:src/routes/communications.routes.ts
FN:13,(anonymous_9)
FN:23,(anonymous_10)
FN:36,(anonymous_11)
FN:46,(anonymous_12)
FNF:4
FNH:4
FNDA:1,(anonymous_9)
FNDA:1,(anonymous_10)
FNDA:1,(anonymous_11)
FNDA:1,(anonymous_12)
DA:1,4
DA:2,4
DA:3,4
DA:4,4
DA:5,4
DA:7,4
DA:9,4
DA:14,1
DA:15,1
DA:19,4
DA:24,1
DA:28,1
DA:32,4
DA:37,1
DA:38,1
DA:42,4
DA:47,1
DA:51,1
DA:55,4
LF:19
LH:19
BRF:0
BRH:0
end_of_record
TN:
SF:src/routes/cost.routes.ts
FN:13,(anonymous_9)
FN:23,(anonymous_10)
FN:36,(anonymous_11)
FN:46,(anonymous_12)
FN:56,(anonymous_13)
FN:66,(anonymous_14)
FNF:6
FNH:4
FNDA:1,(anonymous_9)
FNDA:1,(anonymous_10)
FNDA:0,(anonymous_11)
FNDA:0,(anonymous_12)
FNDA:1,(anonymous_13)
FNDA:1,(anonymous_14)
DA:1,4
DA:2,4
DA:3,4
DA:4,4
DA:5,4
DA:7,4
DA:9,4
DA:14,1
DA:15,1
DA:19,4
DA:24,1
DA:28,1
DA:32,4
DA:37,0
DA:38,0
DA:42,4
DA:47,0
DA:48,0
DA:52,4
DA:57,1
DA:58,1
DA:62,4
DA:67,1
DA:68,1
DA:72,4
LF:25
LH:21
BRF:0
BRH:0
end_of_record
TN:
SF:src/routes/dashboard.routes.ts
FN:13,(anonymous_9)
FNF:1
FNH:1
FNDA:1,(anonymous_9)
DA:1,4
DA:2,4
DA:3,4
DA:4,4
DA:5,4
DA:7,4
DA:9,4
DA:14,1
DA:17,1
DA:18,1
DA:22,4
LF:11
LH:11
BRDA:14,0,0,0
BRDA:14,0,1,1
BRF:2
BRH:1
end_of_record
TN:
SF:src/routes/health.routes.ts
FN:5,(anonymous_0)
FNF:1
FNH:1
FNDA:1,(anonymous_0)
DA:1,4
DA:3,4
DA:5,4
DA:6,1
DA:9,4
LF:5
LH:5
BRF:0
BRH:0
end_of_record
TN:
SF:src/routes/index.ts
FNF:0
FNH:0
DA:1,4
DA:2,4
DA:3,4
DA:4,4
DA:5,4
DA:6,4
DA:7,4
DA:8,4
DA:9,4
DA:10,4
DA:11,4
DA:12,4
DA:13,4
DA:14,4
DA:16,4
DA:18,4
DA:19,4
DA:20,4
DA:21,4
DA:22,4
DA:23,4
DA:24,4
DA:25,4
DA:26,4
DA:27,4
DA:28,4
DA:29,4
DA:30,4
DA:32,4
LF:29
LH:29
BRF:0
BRH:0
end_of_record
TN:
SF:src/routes/integration.routes.ts
FN:13,(anonymous_9)
FN:23,(anonymous_10)
FN:36,(anonymous_11)
FN:46,(anonymous_12)
FN:56,(anonymous_13)
FNF:5
FNH:5
FNDA:1,(anonymous_9)
FNDA:1,(anonymous_10)
FNDA:1,(anonymous_11)
FNDA:1,(anonymous_12)
FNDA:1,(anonymous_13)
DA:1,4
DA:2,4
DA:3,4
DA:4,4
DA:5,4
DA:7,4
DA:9,4
DA:14,1
DA:15,1
DA:19,4
DA:24,1
DA:28,1
DA:32,4
DA:37,1
DA:38,1
DA:42,4
DA:47,1
DA:48,1
DA:52,4
DA:57,1
DA:58,1
DA:62,4
LF:22
LH:22
BRF:0
BRH:0
end_of_record
TN:
SF:src/routes/owners-rep.routes.ts
FN:15,(anonymous_9)
FN:26,(anonymous_10)
FN:36,(anonymous_11)
FNF:3
FNH:3
FNDA:1,(anonymous_9)
FNDA:1,(anonymous_10)
FNDA:1,(anonymous_11)
DA:1,4
DA:2,4
DA:3,4
DA:4,4
DA:5,4
DA:6,4
DA:7,4
DA:9,4
DA:11,4
DA:16,1
DA:17,1
DA:18,1
DA:22,4
DA:27,1
DA:28,1
DA:32,4
DA:37,1
DA:38,1
DA:42,4
LF:19
LH:19
BRF:0
BRH:0
end_of_record
TN:
SF:src/routes/procurement.routes.ts
FN:13,(anonymous_9)
FN:23,(anonymous_10)
FN:36,(anonymous_11)
FN:46,(anonymous_12)
FN:56,(anonymous_13)
FN:66,(anonymous_14)
FN:76,(anonymous_15)
FN:86,(anonymous_16)
FNF:8
FNH:4
FNDA:1,(anonymous_9)
FNDA:1,(anonymous_10)
FNDA:0,(anonymous_11)
FNDA:0,(anonymous_12)
FNDA:0,(anonymous_13)
FNDA:0,(anonymous_14)
FNDA:1,(anonymous_15)
FNDA:1,(anonymous_16)
DA:1,4
DA:2,4
DA:3,4
DA:4,4
DA:5,4
DA:7,4
DA:9,4
DA:14,1
DA:15,1
DA:19,4
DA:24,1
DA:28,1
DA:32,4
DA:37,0
DA:38,0
DA:42,4
DA:47,0
DA:48,0
DA:52,4
DA:57,0
DA:58,0
DA:62,4
DA:67,0
DA:68,0
DA:72,4
DA:77,1
DA:78,1
DA:82,4
DA:87,1
DA:91,1
DA:95,4
LF:31
LH:23
BRF:0
BRH:0
end_of_record
TN:
SF:src/routes/project.routes.ts
FN:13,(anonymous_9)
FN:23,(anonymous_10)
FN:33,(anonymous_11)
FN:43,(anonymous_12)
FN:53,(anonymous_13)
FN:63,(anonymous_14)
FN:73,(anonymous_15)
FNF:7
FNH:3
FNDA:1,(anonymous_9)
FNDA:0,(anonymous_10)
FNDA:1,(anonymous_11)
FNDA:0,(anonymous_12)
FNDA:0,(anonymous_13)
FNDA:1,(anonymous_14)
FNDA:0,(anonymous_15)
DA:1,4
DA:2,4
DA:3,4
DA:4,4
DA:5,4
DA:7,4
DA:9,4
DA:14,1
DA:15,1
DA:19,4
DA:25,0
DA:29,4
DA:34,1
DA:35,1
DA:39,4
DA:44,0
DA:45,0
DA:49,4
DA:54,0
DA:55,0
DA:59,4
DA:64,1
DA:65,1
DA:69,4
DA:74,0
DA:75,0
DA:79,4
LF:27
LH:20
BRF:0
BRH:0
end_of_record
TN:
SF:src/routes/resource.routes.ts
FN:13,(anonymous_9)
FN:23,(anonymous_10)
FN:33,(anonymous_11)
FN:43,(anonymous_12)
FNF:4
FNH:4
FNDA:1,(anonymous_9)
FNDA:1,(anonymous_10)
FNDA:1,(anonymous_11)
FNDA:1,(anonymous_12)
DA:1,4
DA:2,4
DA:3,4
DA:4,4
DA:5,4
DA:7,4
DA:9,4
DA:14,1
DA:15,1
DA:19,4
DA:24,1
DA:25,1
DA:29,4
DA:34,1
DA:35,1
DA:39,4
DA:44,1
DA:45,1
DA:49,4
LF:19
LH:19
BRF:0
BRH:0
end_of_record
TN:
SF:src/routes/risk.routes.ts
FN:13,(anonymous_9)
FN:23,(anonymous_10)
FNF:2
FNH:2
FNDA:1,(anonymous_9)
FNDA:1,(anonymous_10)
DA:1,4
DA:2,4
DA:3,4
DA:4,4
DA:5,4
DA:7,4
DA:9,4
DA:14,1
DA:15,1
DA:19,4
DA:24,1
DA:28,1
DA:32,4
LF:13
LH:13
BRF:0
BRH:0
end_of_record
TN:
SF:src/routes/schedule.routes.ts
FN:16,(anonymous_9)
FN:26,(anonymous_10)
FN:39,(anonymous_11)
FN:49,(anonymous_12)
FN:59,(anonymous_13)
FN:69,(anonymous_14)
FN:79,(anonymous_15)
FN:93,(anonymous_16)
FN:103,(anonymous_17)
FNF:9
FNH:6
FNDA:1,(anonymous_9)
FNDA:1,(anonymous_10)
FNDA:0,(anonymous_11)
FNDA:0,(anonymous_12)
FNDA:0,(anonymous_13)
FNDA:1,(anonymous_14)
FNDA:1,(anonymous_15)
FNDA:1,(anonymous_16)
FNDA:1,(anonymous_17)
DA:1,4
DA:2,4
DA:3,4
DA:4,4
DA:6,4
DA:7,4
DA:8,4
DA:10,4
DA:12,4
DA:17,1
DA:18,1
DA:22,4
DA:27,1
DA:31,1
DA:35,4
DA:40,0
DA:41,0
DA:45,4
DA:50,0
DA:51,0
DA:55,4
DA:60,0
DA:61,0
DA:65,4
DA:70,1
DA:71,1
DA:75,4
DA:80,1
DA:85,1
DA:89,4
DA:94,1
DA:95,1
DA:99,4
DA:104,1
DA:108,1
DA:112,4
LF:36
LH:30
BRF:0
BRH:0
end_of_record
TN:
SF:src/routes/scope.routes.ts
FN:13,(anonymous_9)
FN:23,(anonymous_10)
FN:37,(anonymous_11)
FN:47,(anonymous_12)
FNF:4
FNH:4
FNDA:1,(anonymous_9)
FNDA:1,(anonymous_10)
FNDA:1,(anonymous_11)
FNDA:1,(anonymous_12)
DA:1,4
DA:2,4
DA:3,4
DA:4,4
DA:5,4
DA:7,4
DA:9,4
DA:14,1
DA:15,1
DA:19,4
DA:24,1
DA:29,1
DA:33,4
DA:38,1
DA:39,1
DA:43,4
DA:48,1
DA:52,1
DA:56,4
LF:19
LH:19
BRF:0
BRH:0
end_of_record
TN:
SF:src/routes/webhook.routes.ts
FN:8,getHandler
FN:31,(anonymous_10)
FNF:2
FNH:2
FNDA:3,getHandler
FNDA:3,(anonymous_10)
DA:1,4
DA:2,4
DA:3,4
DA:4,4
DA:6,4
DA:9,3
DA:11,2
DA:13,0
DA:15,0
DA:17,0
DA:19,0
DA:21,0
DA:23,0
DA:25,1
DA:29,4
DA:32,3
DA:33,3
DA:34,1
DA:35,1
DA:38,2
DA:39,2
DA:40,2
DA:42,0
DA:47,4
LF:24
LH:17
BRDA:9,0,0,2
BRDA:9,0,1,0
BRDA:9,0,2,0
BRDA:9,0,3,0
BRDA:9,0,4,0
BRDA:9,0,5,0
BRDA:9,0,6,0
BRDA:9,0,7,1
BRDA:33,1,0,1
BRDA:39,2,0,2
BRDA:39,2,1,0
BRF:11
BRH:4
end_of_record
TN:
SF:src/services/activity.service.ts
FN:35,createActivity
FN:57,getActivityById
FN:64,getActivitiesByProject
FN:72,updateActivity
FN:100,deleteActivity
FN:115,markActivityReady
FN:132,markActivityComplete
FNF:7
FNH:7
FNDA:2,createActivity
FNDA:1,getActivityById
FNDA:2,getActivitiesByProject
FNDA:2,updateActivity
FNDA:2,deleteActivity
FNDA:2,markActivityReady
FNDA:3,markActivityComplete
DA:1,5
DA:3,5
DA:4,5
DA:35,5
DA:36,2
DA:37,2
DA:53,2
DA:54,2
DA:57,5
DA:58,1
DA:59,1
DA:64,5
DA:65,2
DA:66,2
DA:72,5
DA:73,2
DA:74,2
DA:77,2
DA:78,1
DA:80,1
DA:96,1
DA:97,1
DA:100,5
DA:101,2
DA:102,2
DA:105,2
DA:106,1
DA:108,1
DA:111,1
DA:112,1
DA:115,5
DA:116,2
DA:117,2
DA:120,2
DA:121,1
DA:125,1
DA:129,1
DA:132,5
DA:137,3
DA:138,3
DA:141,3
DA:142,1
DA:144,2
DA:152,2
DA:153,2
LF:45
LH:45
BRDA:47,0,0,2
BRDA:47,0,1,2
BRDA:77,1,0,1
BRDA:105,2,0,1
BRDA:120,3,0,1
BRDA:141,4,0,1
BRF:6
BRH:6
end_of_record
TN:
SF:src/services/auth.service.ts
FN:7,getAuthInstance
FN:17,setAuthInstance
FN:21,setUserRole
FN:26,getUserRole
FN:36,verifyIdToken
FN:41,removeUserRole
FNF:6
FNH:6
FNDA:51,getAuthInstance
FNDA:56,setAuthInstance
FNDA:1,setUserRole
FNDA:3,getUserRole
FNDA:45,verifyIdToken
FNDA:2,removeUserRole
DA:1,7
DA:2,7
DA:5,7
DA:7,7
DA:8,51
DA:9,0
DA:10,0
DA:12,0
DA:14,51
DA:17,7
DA:18,56
DA:21,7
DA:22,1
DA:23,1
DA:26,7
DA:27,3
DA:28,3
DA:29,3
DA:30,3
DA:31,1
DA:33,2
DA:36,7
DA:37,45
DA:38,45
DA:41,7
DA:42,2
DA:43,2
DA:44,2
DA:45,2
DA:46,2
LF:30
LH:27
BRDA:8,0,0,0
BRDA:9,1,0,0
BRDA:30,2,0,1
BRDA:44,3,0,2
BRDA:44,3,1,1
BRF:5
BRH:3
end_of_record
TN:
SF:src/services/baseline.service.ts
FN:6,createBaseline
FN:16,(anonymous_1)
FN:44,lockBaseline
FN:61,getBaselineById
FN:68,getBaselinesByProject
FN:76,compareToBaseline
FN:100,(anonymous_6)
FN:148,canRebaseline
FNF:8
FNH:8
FNDA:2,createBaseline
FNDA:1,(anonymous_1)
FNDA:3,lockBaseline
FNDA:1,getBaselineById
FNDA:2,getBaselinesByProject
FNDA:3,compareToBaseline
FNDA:1,(anonymous_6)
FNDA:6,canRebaseline
DA:1,5
DA:3,5
DA:4,5
DA:6,5
DA:11,2
DA:12,2
DA:16,2
DA:32,2
DA:44,5
DA:45,3
DA:46,3
DA:49,3
DA:50,1
DA:52,2
DA:53,1
DA:55,1
DA:61,5
DA:62,1
DA:63,1
DA:68,5
DA:69,2
DA:70,2
DA:76,5
DA:77,3
DA:78,3
DA:81,3
DA:82,1
DA:84,2
DA:85,1
DA:88,1
DA:92,1
DA:100,1
DA:111,1
DA:113,1
DA:114,1
DA:115,1
DA:117,1
DA:124,1
DA:131,1
DA:133,1
DA:145,1
DA:148,5
DA:153,6
LF:43
LH:43
BRDA:49,0,0,1
BRDA:52,1,0,1
BRDA:81,2,0,1
BRDA:84,3,0,1
BRDA:115,4,0,0
BRDA:154,5,0,6
BRDA:154,5,1,5
BRF:7
BRH:6
end_of_record
TN:
SF:src/services/change-request.service.ts
FN:21,diffInDays
FN:25,createChangeRequest
FN:41,getChangeRequestById
FN:49,getChangeRequestsByProject
FN:57,calculateImpact
FN:95,(anonymous_5)
FN:123,decideChangeRequest
FNF:7
FNH:7
FNDA:3,diffInDays
FNDA:2,createChangeRequest
FNDA:1,getChangeRequestById
FNDA:2,getChangeRequestsByProject
FNDA:3,calculateImpact
FNDA:1,(anonymous_5)
FNDA:4,decideChangeRequest
DA:1,5
DA:3,5
DA:19,5
DA:22,3
DA:25,5
DA:26,2
DA:27,2
DA:41,5
DA:42,1
DA:43,1
DA:49,5
DA:50,2
DA:51,2
DA:57,5
DA:58,3
DA:59,3
DA:62,3
DA:63,1
DA:66,2
DA:69,2
DA:70,0
DA:73,2
DA:77,2
DA:80,2
DA:81,0
DA:85,2
DA:86,1
DA:87,1
DA:88,0
DA:89,1
DA:90,0
DA:92,1
DA:95,1
DA:110,1
DA:117,1
DA:123,5
DA:130,4
DA:131,4
DA:134,4
DA:135,1
DA:138,3
DA:148,3
DA:149,2
DA:152,2
DA:153,0
DA:157,2
DA:159,2
DA:161,2
DA:162,2
DA:163,2
DA:164,2
DA:165,2
DA:166,0
DA:167,0
DA:168,0
DA:169,0
DA:172,2
DA:177,2
DA:180,3
LF:59
LH:50
BRDA:62,0,0,1
BRDA:69,1,0,0
BRDA:80,2,0,0
BRDA:80,3,0,2
BRDA:80,3,1,2
BRDA:85,4,0,1
BRDA:85,4,1,1
BRDA:85,5,0,2
BRDA:85,5,1,1
BRDA:87,6,0,0
BRDA:87,6,1,1
BRDA:89,7,0,0
BRDA:89,7,1,1
BRDA:101,8,0,1
BRDA:101,8,1,1
BRDA:105,9,0,1
BRDA:105,9,1,1
BRDA:134,10,0,1
BRDA:144,11,0,3
BRDA:144,11,1,0
BRDA:148,12,0,2
BRDA:148,13,0,3
BRDA:148,13,1,2
BRDA:152,14,0,0
BRDA:157,15,0,1
BRDA:157,15,1,1
BRDA:159,16,0,1
BRDA:159,16,1,1
BRDA:162,17,0,2
BRDA:163,18,0,2
BRDA:164,19,0,2
BRDA:164,19,1,0
BRDA:164,20,0,2
BRDA:164,20,1,2
BRDA:166,21,0,0
BRDA:166,21,1,0
BRDA:168,22,0,0
BRF:37
BRH:27
end_of_record
TN:
SF:src/services/communications.service.ts
FN:23,generateRfiNumber
FN:29,generateSubmittalNumber
FN:37,createRfi
FN:73,getRfiById
FN:80,getRfiByProject
FN:88,submitRfi
FN:99,answerRfi
FN:112,closeRfi
FN:134,getRfiPdfData
FN:159,createSubmittal
FN:180,getSubmittalById
FN:187,getSubmittalsByProject
FN:195,submitSubmittal
FN:206,reviewSubmittal
FN:252,getSubmittalPdfData
FNF:15
FNH:15
FNDA:4,generateRfiNumber
FNDA:3,generateSubmittalNumber
FNDA:5,createRfi
FNDA:1,getRfiById
FNDA:3,getRfiByProject
FNDA:1,submitRfi
FNDA:1,answerRfi
FNDA:1,closeRfi
FNDA:2,getRfiPdfData
FNDA:3,createSubmittal
FNDA:1,getSubmittalById
FNDA:2,getSubmittalsByProject
FNDA:1,submitSubmittal
FNDA:4,reviewSubmittal
FNDA:2,getSubmittalPdfData
DA:1,5
DA:2,5
DA:24,4
DA:25,4
DA:26,4
DA:30,3
DA:31,3
DA:32,3
DA:37,5
DA:38,5
DA:41,5
DA:42,2
DA:48,2
DA:49,1
DA:53,4
DA:56,4
DA:58,4
DA:73,5
DA:74,1
DA:75,1
DA:80,5
DA:81,3
DA:82,3
DA:88,5
DA:89,1
DA:90,1
DA:99,5
DA:100,1
DA:101,1
DA:112,5
DA:113,1
DA:114,1
DA:134,5
DA:135,2
DA:136,2
DA:140,2
DA:141,1
DA:144,1
DA:159,5
DA:160,3
DA:161,3
DA:164,3
DA:166,3
DA:180,5
DA:181,1
DA:182,1
DA:187,5
DA:188,2
DA:189,2
DA:195,5
DA:196,1
DA:197,1
DA:206,5
DA:212,4
DA:213,4
DA:219,4
DA:220,4
DA:221,1
DA:224,3
DA:228,3
DA:252,5
DA:253,2
DA:254,2
DA:258,2
DA:259,1
DA:262,1
LF:66
LH:66
BRDA:41,0,0,2
BRDA:48,1,0,1
BRDA:140,2,0,1
BRDA:220,3,0,1
BRDA:224,4,0,2
BRDA:224,4,1,1
BRDA:225,5,0,2
BRDA:225,5,1,1
BRDA:258,6,0,1
BRF:9
BRH:9
end_of_record
TN:
SF:src/services/cost.service.ts
FN:46,decimalToNumber
FN:52,calculateEvm
FN:84,recalculateVarianceFlag
FN:107,calculateProjectEvm
FN:124,(anonymous_4)
FN:153,updateBudgetLineCommitted
FN:169,updateBudgetLineIncurred
FN:191,setBudgetLinePercentComplete
FN:212,createBudgetLine
FN:227,getBudgetLineById
FN:235,getBudgetLinesByProject
FN:243,updateBudgetLine
FN:274,deleteBudgetLine
FN:281,createCostTransaction
FN:310,getCostTransactionsByProject
FN:318,getCostTransactionsByBudgetLine
FNF:16
FNH:16
FNDA:40,decimalToNumber
FNDA:15,calculateEvm
FNDA:10,recalculateVarianceFlag
FNDA:5,calculateProjectEvm
FNDA:3,(anonymous_4)
FNDA:3,updateBudgetLineCommitted
FNDA:2,updateBudgetLineIncurred
FNDA:2,setBudgetLinePercentComplete
FNDA:2,createBudgetLine
FNDA:1,getBudgetLineById
FNDA:2,getBudgetLinesByProject
FNDA:2,updateBudgetLine
FNDA:1,deleteBudgetLine
FNDA:3,createCostTransaction
FNDA:2,getCostTransactionsByProject
FNDA:1,getCostTransactionsByBudgetLine
DA:1,5
DA:47,40
DA:48,33
DA:49,0
DA:52,5
DA:57,15
DA:58,15
DA:59,15
DA:60,15
DA:61,15
DA:62,15
DA:63,15
DA:64,15
DA:65,15
DA:66,15
DA:68,15
DA:70,15
DA:84,5
DA:87,10
DA:88,10
DA:89,10
DA:91,10
DA:92,3
DA:93,1
DA:95,2
DA:96,1
DA:98,1
DA:101,7
DA:102,2
DA:104,5
DA:107,5
DA:115,5
DA:116,5
DA:120,5
DA:121,5
DA:122,5
DA:124,5
DA:125,3
DA:126,3
DA:127,3
DA:128,3
DA:129,3
DA:130,3
DA:131,3
DA:132,3
DA:140,5
DA:141,5
DA:143,5
DA:153,5
DA:157,3
DA:158,3
DA:159,3
DA:160,1
DA:162,2
DA:163,2
DA:169,5
DA:173,2
DA:174,2
DA:175,2
DA:176,0
DA:178,2
DA:179,2
DA:180,2
DA:185,2
DA:191,5
DA:195,2
DA:196,2
DA:197,2
DA:198,0
DA:200,2
DA:201,2
DA:206,2
DA:212,5
DA:213,2
DA:214,2
DA:227,5
DA:228,1
DA:229,1
DA:235,5
DA:236,2
DA:237,2
DA:243,5
DA:244,2
DA:245,2
DA:246,2
DA:247,1
DA:249,1
DA:260,1
DA:265,1
DA:266,0
DA:271,1
DA:274,5
DA:275,1
DA:276,1
DA:281,5
DA:282,3
DA:283,3
DA:284,3
DA:285,1
DA:288,2
DA:301,2
DA:302,1
DA:303,1
DA:304,1
DA:307,2
DA:310,5
DA:311,2
DA:312,2
DA:318,5
DA:319,1
DA:320,1
LF:111
LH:107
BRDA:47,0,0,7
BRDA:47,1,0,40
BRDA:47,1,1,33
BRDA:48,2,0,33
BRDA:62,3,0,5
BRDA:62,3,1,10
BRDA:63,4,0,5
BRDA:63,4,1,10
BRDA:64,5,0,6
BRDA:64,5,1,9
BRDA:68,6,0,6
BRDA:68,6,1,9
BRDA:68,7,0,15
BRDA:68,7,1,10
BRDA:91,8,0,3
BRDA:91,9,0,10
BRDA:91,9,1,10
BRDA:91,9,2,10
BRDA:92,10,0,1
BRDA:95,11,0,1
BRDA:101,12,0,2
BRDA:140,13,0,3
BRDA:140,13,1,2
BRDA:159,14,0,1
BRDA:175,15,0,0
BRDA:197,16,0,0
BRDA:246,17,0,1
BRDA:265,18,0,0
BRDA:284,19,0,1
BRDA:301,20,0,1
BRDA:301,20,1,1
BRDA:303,21,0,1
BRF:32
BRH:29
end_of_record
TN:
SF:src/services/dashboard.service.ts
FN:7,(anonymous_0)
FN:35,getSafetyTileStatus
FN:72,getScheduleTileStatus
FN:89,(anonymous_3)
FN:93,(anonymous_4)
FN:101,(anonymous_5)
FN:146,getCostTileStatus
FN:147,(anonymous_7)
FN:148,(anonymous_8)
FN:156,(anonymous_9)
FN:165,(anonymous_10)
FN:177,getMaterialsTileStatus
FN:197,getClientIssuesTileStatus
FN:200,(anonymous_13)
FN:212,(anonymous_14)
FN:231,getFieldIssuesTileStatus
FN:234,(anonymous_16)
FN:246,(anonymous_17)
FN:265,getMorningDashboard
FN:283,(anonymous_19)
FN:283,(anonymous_20)
FNF:21
FNH:20
FNDA:0,(anonymous_0)
FNDA:12,getSafetyTileStatus
FNDA:17,getScheduleTileStatus
FNDA:10,(anonymous_3)
FNDA:10,(anonymous_4)
FNDA:10,(anonymous_5)
FNDA:14,getCostTileStatus
FNDA:21,(anonymous_7)
FNDA:21,(anonymous_8)
FNDA:3,(anonymous_9)
FNDA:2,(anonymous_10)
FNDA:13,getMaterialsTileStatus
FNDA:16,getClientIssuesTileStatus
FNDA:12,(anonymous_13)
FNDA:10,(anonymous_14)
FNDA:16,getFieldIssuesTileStatus
FNDA:10,(anonymous_16)
FNDA:8,(anonymous_17)
FNDA:9,getMorningDashboard
FNDA:13,(anonymous_19)
FNDA:13,(anonymous_20)
DA:1,5
DA:2,5
DA:3,5
DA:4,5
DA:5,5
DA:6,5
DA:7,5
DA:35,5
DA:36,12
DA:38,12
DA:39,2
DA:47,10
DA:48,1
DA:56,9
DA:72,5
DA:76,17
DA:77,8
DA:88,9
DA:89,10
DA:92,9
DA:94,10
DA:100,9
DA:101,10
DA:104,9
DA:105,2
DA:113,7
DA:114,5
DA:115,5
DA:116,2
DA:120,5
DA:121,1
DA:125,5
DA:126,2
DA:130,5
DA:138,2
DA:146,5
DA:147,21
DA:148,21
DA:149,14
DA:151,14
DA:152,5
DA:156,3
DA:160,9
DA:161,2
DA:165,2
DA:169,7
DA:177,5
DA:178,13
DA:179,13
DA:180,12
DA:188,1
DA:197,5
DA:198,16
DA:199,16
DA:200,16
DA:202,16
DA:203,9
DA:211,7
DA:212,10
DA:214,7
DA:215,4
DA:223,3
DA:231,5
DA:232,16
DA:233,16
DA:234,16
DA:236,16
DA:237,11
DA:245,5
DA:246,8
DA:248,5
DA:249,3
DA:257,2
DA:265,5
DA:269,9
DA:271,9
DA:282,9
DA:283,13
DA:285,9
DA:286,9
DA:287,9
DA:288,9
DA:289,9
DA:290,9
DA:291,9
DA:293,9
LF:86
LH:86
BRDA:38,0,0,2
BRDA:42,1,0,1
BRDA:42,1,1,1
BRDA:42,2,0,1
BRDA:42,2,1,1
BRDA:47,3,0,1
BRDA:51,4,0,1
BRDA:51,4,1,0
BRDA:74,5,0,6
BRDA:76,6,0,8
BRDA:79,7,0,1
BRDA:79,7,1,7
BRDA:81,8,0,1
BRDA:81,8,1,7
BRDA:82,9,0,0
BRDA:82,9,1,1
BRDA:89,10,0,10
BRDA:89,10,1,8
BRDA:89,10,2,3
BRDA:89,11,0,8
BRDA:89,11,1,0
BRDA:94,12,0,10
BRDA:94,12,1,8
BRDA:94,12,2,5
BRDA:94,12,3,2
BRDA:95,13,0,8
BRDA:95,13,1,0
BRDA:96,14,0,5
BRDA:96,14,1,0
BRDA:101,15,0,10
BRDA:101,15,1,2
BRDA:104,16,0,2
BRDA:108,17,0,0
BRDA:108,17,1,2
BRDA:113,18,0,5
BRDA:113,19,0,7
BRDA:113,19,1,5
BRDA:113,19,2,4
BRDA:115,20,0,2
BRDA:117,21,0,0
BRDA:117,21,1,2
BRDA:120,22,0,1
BRDA:122,23,0,0
BRDA:122,23,1,1
BRDA:125,24,0,2
BRDA:127,25,0,1
BRDA:127,25,1,1
BRDA:151,26,0,5
BRDA:151,27,0,14
BRDA:151,27,1,10
BRDA:155,28,0,2
BRDA:155,28,1,3
BRDA:156,29,0,2
BRDA:156,29,1,3
BRDA:160,30,0,2
BRDA:160,31,0,9
BRDA:160,31,1,8
BRDA:164,32,0,1
BRDA:164,32,1,1
BRDA:165,33,0,1
BRDA:165,33,1,1
BRDA:202,34,0,9
BRDA:212,35,0,10
BRDA:212,35,1,9
BRDA:214,36,0,4
BRDA:218,37,0,1
BRDA:218,37,1,3
BRDA:226,38,0,1
BRDA:226,38,1,2
BRDA:236,39,0,11
BRDA:246,40,0,8
BRDA:246,40,1,7
BRDA:248,41,0,3
BRDA:252,42,0,1
BRDA:252,42,1,2
BRDA:260,43,0,1
BRDA:260,43,1,1
BRF:77
BRH:69
end_of_record
TN:
SF:src/services/integration.service.ts
FN:77,generateIssueNumber
FN:105,createIssue
FN:127,getIssueById
FN:135,getIssuesByProject
FN:143,getIssuesByType
FN:151,updateIssue
FN:175,resolveIssue
FN:193,closeIssue
FN:210,getIssuePdfData
FN:240,createVoiceMemo
FN:254,processVoiceMemo
FN:299,getVoiceMemosByProject
FN:307,getVoiceMemoById
FN:316,createSelfMemo
FN:332,getSelfMemosByUser
FN:345,logChange
FN:361,getChangeLogByProject
FN:369,getChangeLogByModule
FN:377,getChangeLogByRecord
FN:390,initializeCloseoutChecklist
FN:409,getCloseoutChecklist
FN:416,completeChecklistItem
FN:430,(anonymous_22)
FN:442,(anonymous_23)
FN:453,getCloseoutProgress
FN:470,(anonymous_25)
FNF:26
FNH:26
FNDA:5,generateIssueNumber
FNDA:5,createIssue
FNDA:1,getIssueById
FNDA:2,getIssuesByProject
FNDA:6,getIssuesByType
FNDA:2,updateIssue
FNDA:2,resolveIssue
FNDA:2,closeIssue
FNDA:2,getIssuePdfData
FNDA:1,createVoiceMemo
FNDA:3,processVoiceMemo
FNDA:1,getVoiceMemosByProject
FNDA:1,getVoiceMemoById
FNDA:1,createSelfMemo
FNDA:1,getSelfMemosByUser
FNDA:2,logChange
FNDA:2,getChangeLogByProject
FNDA:1,getChangeLogByModule
FNDA:1,getChangeLogByRecord
FNDA:3,initializeCloseoutChecklist
FNDA:2,getCloseoutChecklist
FNDA:3,completeChecklistItem
FNDA:20,(anonymous_22)
FNDA:12,(anonymous_23)
FNDA:2,getCloseoutProgress
FNDA:10,(anonymous_25)
DA:1,5
DA:3,5
DA:64,5
DA:78,5
DA:79,5
DA:80,5
DA:82,5
DA:90,5
DA:91,5
DA:92,1
DA:93,1
DA:94,1
DA:95,1
DA:99,5
DA:100,5
DA:105,5
DA:106,5
DA:107,5
DA:109,5
DA:127,5
DA:128,1
DA:129,1
DA:135,5
DA:136,2
DA:137,2
DA:143,5
DA:144,6
DA:145,6
DA:151,5
DA:152,2
DA:153,2
DA:156,2
DA:157,1
DA:160,1
DA:175,5
DA:176,2
DA:177,2
DA:180,2
DA:181,1
DA:184,1
DA:193,5
DA:194,2
DA:195,2
DA:198,2
DA:199,1
DA:202,1
DA:210,5
DA:211,2
DA:212,2
DA:216,2
DA:217,1
DA:220,1
DA:240,5
DA:241,1
DA:242,1
DA:254,5
DA:255,3
DA:256,3
DA:259,3
DA:260,1
DA:263,2
DA:269,2
DA:281,2
DA:282,1
DA:293,1
DA:296,1
DA:299,5
DA:300,1
DA:301,1
DA:307,5
DA:308,1
DA:309,1
DA:316,5
DA:322,1
DA:332,5
DA:333,1
DA:334,1
DA:345,5
DA:346,2
DA:347,2
DA:361,5
DA:362,2
DA:363,2
DA:369,5
DA:370,1
DA:371,1
DA:377,5
DA:378,1
DA:379,1
DA:390,5
DA:391,3
DA:393,3
DA:396,3
DA:397,1
DA:400,2
DA:409,5
DA:410,2
DA:411,2
DA:416,5
DA:421,3
DA:422,3
DA:425,3
DA:426,1
DA:429,2
DA:430,2
DA:431,20
DA:432,2
DA:439,18
DA:442,12
DA:444,2
DA:453,5
DA:454,2
DA:455,2
DA:459,2
DA:460,1
DA:468,1
DA:469,1
DA:470,10
DA:471,1
DA:473,1
LF:120
LH:120
BRDA:91,0,0,1
BRDA:94,1,0,1
BRDA:118,2,0,5
BRDA:118,2,1,4
BRDA:156,3,0,1
BRDA:180,4,0,1
BRDA:198,5,0,1
BRDA:216,6,0,1
BRDA:259,7,0,1
BRDA:281,8,0,1
BRDA:281,9,0,2
BRDA:281,9,1,1
BRDA:285,10,0,1
BRDA:285,10,1,1
BRDA:288,11,0,1
BRDA:288,11,1,0
BRDA:289,12,0,1
BRDA:289,12,1,0
BRDA:290,13,0,1
BRDA:290,13,1,0
BRDA:356,14,0,2
BRDA:356,14,1,1
BRDA:396,15,0,1
BRDA:425,16,0,1
BRDA:429,17,0,2
BRDA:429,17,1,0
BRDA:431,18,0,2
BRDA:448,19,0,1
BRDA:448,19,1,1
BRDA:459,20,0,1
BRDA:468,21,0,1
BRDA:468,21,1,0
BRDA:471,22,0,0
BRDA:471,22,1,1
BRF:34
BRH:28
end_of_record
TN:
SF:src/services/owners-rep.service.ts
FN:78,sortIssuesByPriorityDesc
FN:79,(anonymous_1)
FN:89,getOwnersRepDashboard
FN:125,getOwnersRepIssues
FN:130,getOwnersRepRfiStatus
FN:141,(anonymous_5)
FN:145,(anonymous_6)
FN:148,(anonymous_7)
FN:153,(anonymous_8)
FN:161,(anonymous_9)
FN:179,getOwnersRepSubmittalStatus
FN:190,(anonymous_11)
FN:193,(anonymous_12)
FN:196,(anonymous_13)
FN:199,(anonymous_14)
FN:202,(anonymous_15)
FN:220,canAccessOwnersRepPortal
FN:224,getOwnersRepProjectSummary
FN:247,(anonymous_18)
FN:248,(anonymous_19)
FNF:20
FNH:20
FNDA:2,sortIssuesByPriorityDesc
FNDA:5,(anonymous_1)
FNDA:3,getOwnersRepDashboard
FNDA:2,getOwnersRepIssues
FNDA:5,getOwnersRepRfiStatus
FNDA:10,(anonymous_5)
FNDA:10,(anonymous_6)
FNDA:10,(anonymous_7)
FNDA:10,(anonymous_8)
FNDA:10,(anonymous_9)
FNDA:2,getOwnersRepSubmittalStatus
FNDA:6,(anonymous_11)
FNDA:6,(anonymous_12)
FNDA:6,(anonymous_13)
FNDA:6,(anonymous_14)
FNDA:6,(anonymous_15)
FNDA:9,canAccessOwnersRepPortal
FNDA:2,getOwnersRepProjectSummary
FNDA:2,(anonymous_18)
FNDA:2,(anonymous_19)
DA:2,1
DA:3,1
DA:4,1
DA:5,1
DA:14,1
DA:72,1
DA:79,2
DA:80,5
DA:81,5
DA:82,5
DA:83,4
DA:85,1
DA:89,1
DA:93,3
DA:95,3
DA:106,3
DA:107,3
DA:108,3
DA:109,3
DA:110,3
DA:112,3
DA:125,1
DA:126,2
DA:127,2
DA:130,1
DA:133,5
DA:134,5
DA:139,5
DA:140,5
DA:142,10
DA:144,5
DA:145,10
DA:147,5
DA:148,10
DA:151,5
DA:152,5
DA:153,5
DA:155,10
DA:157,10
DA:158,10
DA:161,10
DA:168,5
DA:179,1
DA:182,2
DA:183,2
DA:188,2
DA:189,2
DA:190,6
DA:192,2
DA:193,6
DA:195,2
DA:196,6
DA:198,2
DA:199,6
DA:202,6
DA:209,2
DA:220,1
DA:221,9
DA:224,1
DA:228,2
DA:230,2
DA:235,2
DA:236,1
DA:239,1
DA:246,1
DA:247,2
DA:248,2
DA:250,1
LF:68
LH:68
BRDA:80,0,0,5
BRDA:80,0,1,0
BRDA:81,1,0,5
BRDA:81,1,1,0
BRDA:82,2,0,4
BRDA:142,3,0,10
BRDA:142,3,1,7
BRDA:155,4,0,10
BRDA:155,4,1,7
BRDA:157,5,0,8
BRDA:157,5,1,2
BRDA:158,6,0,10
BRDA:158,6,1,4
BRDA:158,6,2,4
BRDA:235,7,0,1
BRF:15
BRH:13
end_of_record
TN:
SF:src/services/pro-sync.service.ts
FN:7,getFirestoreInstance
FN:17,setFirestoreInstance
FN:33,replicateProjectToFirestore
FN:54,updateFirestoreProject
FN:70,deleteFirestoreProject
FNF:5
FNH:5
FNDA:8,getFirestoreInstance
FNDA:8,setFirestoreInstance
FNDA:3,replicateProjectToFirestore
FNDA:3,updateFirestoreProject
FNDA:2,deleteFirestoreProject
DA:1,2
DA:2,2
DA:5,2
DA:7,2
DA:8,8
DA:9,0
DA:10,0
DA:12,0
DA:14,8
DA:17,2
DA:18,8
DA:33,2
DA:34,3
DA:35,3
DA:36,3
DA:48,3
DA:50,1
DA:54,2
DA:58,3
DA:59,3
DA:60,3
DA:61,3
DA:62,2
DA:64,3
DA:66,1
DA:70,2
DA:71,2
DA:72,2
DA:73,2
DA:75,1
LF:30
LH:27
BRDA:8,0,0,0
BRDA:9,1,0,0
BRDA:40,2,0,3
BRDA:40,2,1,2
BRDA:41,3,0,3
BRDA:41,3,1,2
BRDA:42,4,0,3
BRDA:42,4,1,2
BRDA:44,5,0,3
BRDA:44,5,1,2
BRDA:61,6,0,2
BRF:11
BRH:9
end_of_record
TN:
SF:src/services/procurement.service.ts
FN:13,decimalToNumber
FN:62,computeLineTotal
FN:66,createPurchaseOrder
FN:68,(anonymous_3)
FN:81,(anonymous_4)
FN:95,getPurchaseOrderById
FN:103,getPurchaseOrdersByProject
FN:112,issuePurchaseOrder
FN:121,closePurchaseOrder
FN:130,addLineItemToPO
FN:165,recordMaterialDelivery
FN:215,updatePOStatusFromDeliveries
FN:226,(anonymous_12)
FN:232,(anonymous_13)
FN:252,getDeliveriesByPO
FN:260,getDeliveriesByProject
FN:268,createInvoice
FN:281,performThreeWayMatch
FN:330,(anonymous_18)
FN:371,approveInvoice
FN:390,getInvoicesByProject
FN:398,getInvoicesByPO
FN:406,getMaterialsAlertStatus
FN:426,(anonymous_23)
FN:426,(anonymous_24)
FN:436,(anonymous_25)
FN:436,(anonymous_26)
FN:439,(anonymous_27)
FN:439,(anonymous_28)
FN:451,(anonymous_29)
FN:489,createSubcontract
FN:503,getSubcontractById
FN:510,getSubcontractsByProject
FN:518,updateSubcontractStatus
FN:530,recordProgressBilling
FNF:35
FNH:35
FNDA:40,decimalToNumber
FNDA:7,computeLineTotal
FNDA:2,createPurchaseOrder
FNDA:3,(anonymous_3)
FNDA:3,(anonymous_4)
FNDA:1,getPurchaseOrderById
FNDA:2,getPurchaseOrdersByProject
FNDA:1,issuePurchaseOrder
FNDA:1,closePurchaseOrder
FNDA:2,addLineItemToPO
FNDA:5,recordMaterialDelivery
FNDA:3,updatePOStatusFromDeliveries
FNDA:3,(anonymous_12)
FNDA:3,(anonymous_13)
FNDA:1,getDeliveriesByPO
FNDA:1,getDeliveriesByProject
FNDA:1,createInvoice
FNDA:4,performThreeWayMatch
FNDA:3,(anonymous_18)
FNDA:4,approveInvoice
FNDA:1,getInvoicesByProject
FNDA:1,getInvoicesByPO
FNDA:7,getMaterialsAlertStatus
FNDA:4,(anonymous_23)
FNDA:4,(anonymous_24)
FNDA:3,(anonymous_25)
FNDA:2,(anonymous_26)
FNDA:3,(anonymous_27)
FNDA:1,(anonymous_28)
FNDA:3,(anonymous_29)
FNDA:2,createSubcontract
FNDA:1,getSubcontractById
FNDA:2,getSubcontractsByProject
FNDA:2,updateSubcontractStatus
FNDA:2,recordProgressBilling
DA:1,5
DA:3,5
DA:10,5
DA:11,5
DA:14,40
DA:15,40
DA:16,0
DA:63,7
DA:66,5
DA:67,2
DA:68,3
DA:70,2
DA:81,3
DA:95,5
DA:96,1
DA:97,1
DA:103,5
DA:104,2
DA:105,2
DA:112,5
DA:113,1
DA:114,1
DA:121,5
DA:122,1
DA:123,1
DA:130,5
DA:131,2
DA:132,2
DA:136,2
DA:137,1
DA:140,1
DA:141,1
DA:143,1
DA:162,1
DA:165,5
DA:166,5
DA:169,5
DA:170,1
DA:176,1
DA:177,1
DA:181,4
DA:184,4
DA:185,1
DA:188,3
DA:190,3
DA:210,3
DA:212,3
DA:216,3
DA:217,3
DA:221,3
DA:223,3
DA:224,3
DA:226,3
DA:227,3
DA:228,3
DA:229,3
DA:232,3
DA:233,3
DA:234,3
DA:237,3
DA:238,3
DA:239,1
DA:240,2
DA:241,2
DA:244,3
DA:245,3
DA:252,5
DA:253,1
DA:254,1
DA:260,5
DA:261,1
DA:262,1
DA:268,5
DA:269,1
DA:270,1
DA:281,5
DA:282,4
DA:283,4
DA:287,4
DA:288,1
DA:291,3
DA:292,3
DA:293,3
DA:296,3
DA:297,3
DA:300,3
DA:301,3
DA:302,3
DA:303,3
DA:305,3
DA:306,3
DA:307,3
DA:308,3
DA:309,3
DA:311,3
DA:312,3
DA:316,3
DA:317,1
DA:322,3
DA:323,2
DA:325,1
DA:330,3
DA:331,3
DA:332,3
DA:333,3
DA:336,3
DA:337,3
DA:338,1
DA:343,3
DA:344,2
DA:349,3
DA:350,3
DA:353,3
DA:354,1
DA:355,2
DA:356,1
DA:358,1
DA:361,3
DA:371,5
DA:372,4
DA:373,4
DA:374,4
DA:375,0
DA:377,4
DA:378,1
DA:380,3
DA:381,1
DA:384,2
DA:390,5
DA:391,1
DA:392,1
DA:398,5
DA:399,1
DA:400,1
DA:406,5
DA:409,7
DA:410,7
DA:411,7
DA:414,7
DA:422,7
DA:423,3
DA:426,4
DA:428,4
DA:435,4
DA:436,3
DA:438,4
DA:439,3
DA:442,4
DA:443,4
DA:445,4
DA:446,4
DA:447,4
DA:448,4
DA:449,4
DA:451,3
DA:452,3
DA:453,3
DA:454,3
DA:457,3
DA:458,2
DA:459,1
DA:461,1
DA:466,4
DA:467,1
DA:474,3
DA:475,1
DA:482,2
DA:489,5
DA:490,2
DA:491,2
DA:503,5
DA:504,1
DA:505,1
DA:510,5
DA:511,2
DA:512,2
DA:518,5
DA:519,2
DA:520,2
DA:521,2
DA:522,1
DA:524,1
DA:530,5
DA:535,2
DA:536,2
DA:539,2
DA:540,1
DA:543,1
DA:547,1
DA:549,1
LF:190
LH:188
BRDA:14,0,0,0
BRDA:14,1,0,40
BRDA:14,1,1,40
BRDA:15,2,0,40
BRDA:136,3,0,1
BRDA:169,4,0,1
BRDA:176,5,0,1
BRDA:184,6,0,1
BRDA:221,7,0,0
BRDA:224,8,0,0
BRDA:238,9,0,1
BRDA:238,9,1,2
BRDA:240,10,0,2
BRDA:244,11,0,3
BRDA:287,12,0,1
BRDA:316,13,0,1
BRDA:322,14,0,2
BRDA:322,14,1,1
BRDA:337,15,0,1
BRDA:343,16,0,2
BRDA:349,17,0,3
BRDA:349,17,1,1
BRDA:349,17,2,1
BRDA:350,18,0,3
BRDA:350,18,1,2
BRDA:350,18,2,1
BRDA:353,19,0,1
BRDA:353,19,1,2
BRDA:355,20,0,1
BRDA:355,20,1,1
BRDA:365,21,0,3
BRDA:365,21,1,1
BRDA:374,22,0,0
BRDA:377,23,0,1
BRDA:380,24,0,1
BRDA:422,25,0,3
BRDA:446,26,0,0
BRDA:449,27,0,1
BRDA:449,28,0,4
BRDA:449,28,1,2
BRDA:457,29,0,2
BRDA:458,30,0,1
BRDA:458,30,1,1
BRDA:466,31,0,1
BRDA:469,32,0,0
BRDA:469,32,1,1
BRDA:474,33,0,1
BRDA:477,34,0,0
BRDA:477,34,1,1
BRDA:496,35,0,2
BRDA:496,35,1,2
BRDA:497,36,0,2
BRDA:497,36,1,2
BRDA:521,37,0,1
BRDA:539,38,0,1
BRDA:543,39,0,1
BRDA:543,39,1,0
BRF:57
BRH:49
end_of_record
TN:
SF:src/services/project-setup.service.ts
FN:21,runProjectSetup
FNF:1
FNH:1
FNDA:6,runProjectSetup
DA:1,1
DA:7,1
DA:21,1
DA:24,6
DA:25,1
DA:27,5
DA:28,1
DA:30,4
DA:31,1
DA:33,3
DA:34,1
DA:37,2
DA:47,2
DA:48,1
DA:49,1
DA:53,2
DA:55,2
DA:56,2
DA:57,0
DA:60,2
LF:20
LH:19
BRDA:24,0,0,1
BRDA:24,1,0,6
BRDA:24,1,1,5
BRDA:27,2,0,1
BRDA:27,3,0,5
BRDA:27,3,1,4
BRDA:30,4,0,1
BRDA:30,5,0,4
BRDA:30,5,1,2
BRDA:33,6,0,1
BRDA:33,7,0,3
BRDA:33,7,1,2
BRDA:33,7,2,2
BRDA:47,8,0,1
BRDA:47,9,0,2
BRDA:47,9,1,1
BRDA:56,10,0,0
BRF:17
BRH:16
end_of_record
TN:
SF:src/services/project.service.ts
FN:31,createProject
FN:46,getProjectById
FN:54,updateProject
FN:69,lockProjectStructure
FN:84,addWorkBreakdownItem
FN:119,deleteProject
FN:127,setProjectOrgBridge
FNF:7
FNH:7
FNDA:2,createProject
FNDA:2,getProjectById
FNDA:1,updateProject
FNDA:3,lockProjectStructure
FNDA:5,addWorkBreakdownItem
FNDA:1,deleteProject
FNDA:1,setProjectOrgBridge
DA:2,6
DA:3,6
DA:31,6
DA:32,2
DA:33,2
DA:46,6
DA:47,2
DA:48,2
DA:54,6
DA:55,1
DA:56,1
DA:69,6
DA:70,3
DA:71,3
DA:72,3
DA:73,1
DA:75,2
DA:76,1
DA:78,1
DA:84,6
DA:85,5
DA:86,5
DA:87,5
DA:88,1
DA:90,4
DA:91,1
DA:94,3
DA:98,3
DA:109,3
DA:110,2
DA:116,3
DA:119,6
DA:120,1
DA:121,1
DA:127,6
DA:128,1
DA:129,1
LF:37
LH:37
BRDA:72,0,0,1
BRDA:75,1,0,1
BRDA:87,2,0,1
BRDA:90,3,0,1
BRDA:105,4,0,3
BRDA:105,4,1,3
BRDA:109,5,0,2
BRF:7
BRH:7
end_of_record
TN:
SF:src/services/resource.service.ts
FN:40,upsertEquipment
FN:73,recordEquipmentUsage
FN:97,getEquipmentByProject
FN:105,getEquipmentByExternalId
FN:117,assignEquipmentToActivity
FN:142,unassignEquipmentFromActivity
FN:163,getEquipmentCostSummary
FN:187,(anonymous_7)
FN:194,getLaborCostSummary
FN:218,(anonymous_9)
FN:225,getIdleEquipmentOnCriticalPath
FN:241,(anonymous_11)
FN:242,(anonymous_12)
FN:256,(anonymous_13)
FNF:14
FNH:14
FNDA:2,upsertEquipment
FNDA:2,recordEquipmentUsage
FNDA:2,getEquipmentByProject
FNDA:1,getEquipmentByExternalId
FNDA:2,assignEquipmentToActivity
FNDA:2,unassignEquipmentFromActivity
FNDA:2,getEquipmentCostSummary
FNDA:3,(anonymous_7)
FNDA:2,getLaborCostSummary
FNDA:3,(anonymous_9)
FNDA:7,getIdleEquipmentOnCriticalPath
FNDA:5,(anonymous_11)
FNDA:5,(anonymous_12)
FNDA:3,(anonymous_13)
DA:1,5
DA:2,5
DA:40,5
DA:41,2
DA:42,2
DA:51,2
DA:52,1
DA:62,1
DA:73,5
DA:74,2
DA:75,2
DA:84,2
DA:85,1
DA:88,1
DA:97,5
DA:98,2
DA:99,2
DA:105,5
DA:106,1
DA:107,1
DA:117,5
DA:122,2
DA:123,2
DA:132,2
DA:133,1
DA:136,1
DA:142,5
DA:143,2
DA:144,2
DA:153,2
DA:154,1
DA:157,1
DA:163,5
DA:164,2
DA:165,2
DA:173,2
DA:174,2
DA:175,4
DA:177,4
DA:178,4
DA:179,4
DA:180,1
DA:181,1
DA:183,3
DA:187,3
DA:194,5
DA:195,2
DA:196,2
DA:204,2
DA:205,2
DA:206,4
DA:208,4
DA:209,4
DA:210,4
DA:211,1
DA:212,1
DA:214,3
DA:218,3
DA:225,5
DA:226,7
DA:227,7
DA:229,7
DA:236,7
DA:237,4
DA:240,3
DA:241,5
DA:242,5
DA:244,3
DA:256,3
DA:257,3
DA:258,3
DA:260,3
DA:262,3
DA:263,5
DA:264,2
DA:267,3
DA:268,3
DA:269,1
DA:270,1
DA:278,1
DA:281,2
DA:282,2
DA:283,1
DA:284,1
DA:295,3
LF:85
LH:85
BRDA:51,0,0,1
BRDA:84,1,0,1
BRDA:132,2,0,1
BRDA:153,3,0,1
BRDA:177,4,0,0
BRDA:177,4,1,4
BRDA:179,5,0,1
BRDA:179,5,1,3
BRDA:208,6,0,0
BRDA:208,6,1,4
BRDA:210,7,0,1
BRDA:210,7,1,3
BRDA:236,8,0,4
BRDA:263,9,0,2
BRDA:263,10,0,5
BRDA:263,10,1,5
BRDA:268,11,0,1
BRDA:282,12,0,1
BRF:18
BRH:16
end_of_record
TN:
SF:src/services/risk.service.ts
FN:56,createRiskItem
FN:78,getRiskItemById
FN:86,getRiskItemsByProject
FN:94,getOpenRisksByProject
FN:102,updateRiskItem
FN:124,closeRiskItem
FN:142,acceptRiskItem
FN:160,mitigateRiskItem
FN:178,getRiskMatrix
FN:193,(anonymous_9)
FN:194,(anonymous_10)
FN:212,(anonymous_11)
FN:213,(anonymous_12)
FN:221,(anonymous_13)
FN:231,getRiskDashboardStatus
FN:247,(anonymous_15)
FN:256,(anonymous_16)
FN:272,mapSeverityToProbabilityAndImpact
FN:297,autoCreateRiskFromSafetyIncident
FNF:19
FNH:19
FNDA:4,createRiskItem
FNDA:1,getRiskItemById
FNDA:2,getRiskItemsByProject
FNDA:1,getOpenRisksByProject
FNDA:3,updateRiskItem
FNDA:2,closeRiskItem
FNDA:2,acceptRiskItem
FNDA:2,mitigateRiskItem
FNDA:4,getRiskMatrix
FNDA:54,(anonymous_9)
FNDA:6,(anonymous_10)
FNDA:6,(anonymous_11)
FNDA:1,(anonymous_12)
FNDA:6,(anonymous_13)
FNDA:5,getRiskDashboardStatus
FNDA:8,(anonymous_15)
FNDA:4,(anonymous_16)
FNDA:5,mapSeverityToProbabilityAndImpact
FNDA:6,autoCreateRiskFromSafetyIncident
DA:1,6
DA:2,6
DA:56,6
DA:57,4
DA:58,4
DA:60,4
DA:78,6
DA:79,1
DA:80,1
DA:86,6
DA:87,2
DA:88,2
DA:94,6
DA:95,1
DA:96,1
DA:102,6
DA:103,3
DA:104,3
DA:107,3
DA:108,1
DA:111,2
DA:112,2
DA:113,2
DA:115,2
DA:124,6
DA:125,2
DA:126,2
DA:129,2
DA:130,1
DA:133,1
DA:142,6
DA:143,2
DA:144,2
DA:147,2
DA:148,1
DA:151,1
DA:160,6
DA:161,2
DA:162,2
DA:165,2
DA:166,1
DA:169,1
DA:178,6
DA:179,4
DA:180,4
DA:184,4
DA:185,4
DA:187,4
DA:188,4
DA:189,12
DA:190,36
DA:191,36
DA:192,36
DA:193,54
DA:194,6
DA:201,36
DA:211,4
DA:212,6
DA:213,1
DA:221,6
DA:223,4
DA:231,6
DA:234,5
DA:235,5
DA:239,5
DA:240,1
DA:247,8
DA:248,4
DA:249,2
DA:256,4
DA:257,2
DA:258,1
DA:265,1
DA:279,5
DA:280,2
DA:281,2
DA:282,3
DA:283,2
DA:284,2
DA:286,1
DA:287,1
DA:290,5
DA:291,1
DA:294,5
DA:297,6
DA:302,6
DA:304,6
DA:311,6
DA:312,1
DA:315,5
DA:319,5
DA:321,5
LF:92
LH:92
BRDA:107,0,0,1
BRDA:111,1,0,2
BRDA:111,1,1,1
BRDA:112,2,0,2
BRDA:112,2,1,1
BRDA:129,3,0,1
BRDA:137,4,0,1
BRDA:137,4,1,0
BRDA:137,5,0,1
BRDA:137,5,1,0
BRDA:147,6,0,1
BRDA:155,7,0,0
BRDA:155,7,1,1
BRDA:155,8,0,0
BRDA:155,8,1,0
BRDA:165,9,0,1
BRDA:193,10,0,54
BRDA:193,10,1,18
BRDA:239,11,0,1
BRDA:248,12,0,2
BRDA:251,13,0,1
BRDA:251,13,1,1
BRDA:256,14,0,4
BRDA:256,14,1,2
BRDA:257,15,0,1
BRDA:260,16,0,1
BRDA:260,16,1,0
BRDA:267,17,0,1
BRDA:267,17,1,0
BRDA:279,18,0,2
BRDA:279,18,1,3
BRDA:282,19,0,2
BRDA:282,19,1,1
BRDA:290,20,0,1
BRDA:290,21,0,5
BRDA:290,21,1,3
BRDA:311,22,0,1
BRF:37
BRH:30
end_of_record
TN:
SF:src/services/schedule.service.ts
FN:5,addDays
FN:9,diffInDays
FN:32,calculateCpm
FN:120,(anonymous_3)
FN:152,(anonymous_4)
FN:177,calculateBaselineVariance
FN:187,calculateCriticalPathImpact
FN:195,(anonymous_7)
FN:198,(anonymous_8)
FN:203,(anonymous_9)
FN:209,recalculateSchedule
FN:228,(anonymous_11)
FNF:12
FNH:12
FNDA:140,addDays
FNDA:6,diffInDays
FNDA:12,calculateCpm
FNDA:38,(anonymous_3)
FNDA:38,(anonymous_4)
FNDA:3,calculateBaselineVariance
FNDA:2,calculateCriticalPathImpact
FNDA:8,(anonymous_7)
FNDA:8,(anonymous_8)
FNDA:8,(anonymous_9)
FNDA:5,recalculateSchedule
FNDA:3,(anonymous_11)
DA:1,8
DA:3,8
DA:6,140
DA:10,6
DA:32,8
DA:36,12
DA:37,12
DA:38,37
DA:42,12
DA:43,12
DA:44,12
DA:45,37
DA:46,37
DA:48,12
DA:49,37
DA:50,33
DA:51,33
DA:52,0
DA:54,33
DA:55,33
DA:60,12
DA:61,12
DA:62,37
DA:64,12
DA:65,12
DA:66,35
DA:67,35
DA:68,35
DA:69,31
DA:70,31
DA:71,24
DA:76,12
DA:77,1
DA:81,11
DA:82,11
DA:84,11
DA:85,35
DA:86,35
DA:87,35
DA:88,31
DA:90,31
DA:91,31
DA:92,31
DA:93,31
DA:97,35
DA:98,35
DA:99,35
DA:100,35
DA:103,11
DA:106,11
DA:107,11
DA:109,11
DA:110,35
DA:111,35
DA:112,35
DA:113,35
DA:114,11
DA:116,24
DA:117,24
DA:118,31
DA:119,31
DA:120,38
DA:121,31
DA:123,31
DA:124,31
DA:125,31
DA:128,24
DA:130,35
DA:134,11
DA:135,11
DA:136,35
DA:137,35
DA:138,35
DA:139,35
DA:140,35
DA:141,35
DA:144,35
DA:145,35
DA:146,11
DA:148,24
DA:149,24
DA:150,31
DA:151,31
DA:152,38
DA:153,31
DA:155,31
DA:156,31
DA:157,24
DA:160,24
DA:163,35
DA:174,11
DA:177,8
DA:181,3
DA:187,8
DA:193,2
DA:194,2
DA:195,8
DA:198,2
DA:199,8
DA:201,2
DA:202,2
DA:203,8
DA:206,2
DA:209,8
DA:210,5
DA:211,5
DA:215,5
DA:216,1
DA:218,4
DA:219,2
DA:223,2
DA:224,2
DA:225,0
DA:228,3
DA:243,2
DA:245,2
DA:246,2
DA:247,3
DA:248,3
DA:249,3
DA:265,2
LF:121
LH:119
BRDA:49,0,0,37
BRDA:49,0,1,2
BRDA:51,1,0,0
BRDA:55,2,0,33
BRDA:55,2,1,26
BRDA:62,3,0,11
BRDA:68,4,0,35
BRDA:68,4,1,0
BRDA:70,5,0,24
BRDA:76,6,0,1
BRDA:87,7,0,35
BRDA:87,7,1,2
BRDA:90,8,0,31
BRDA:90,9,0,31
BRDA:90,9,1,0
BRDA:92,10,0,31
BRDA:97,11,0,11
BRDA:97,11,1,24
BRDA:112,12,0,35
BRDA:112,12,1,0
BRDA:113,13,0,11
BRDA:113,13,1,24
BRDA:121,14,0,31
BRDA:121,14,1,30
BRDA:124,15,0,31
BRDA:144,16,0,35
BRDA:144,16,1,0
BRDA:145,17,0,11
BRDA:145,17,1,24
BRDA:153,18,0,31
BRDA:153,18,1,30
BRDA:156,19,0,24
BRDA:160,20,0,0
BRDA:160,20,1,24
BRDA:199,21,0,2
BRDA:199,21,1,6
BRDA:215,22,0,1
BRDA:218,23,0,2
BRDA:218,24,0,4
BRDA:218,24,1,4
BRDA:223,25,0,2
BRDA:223,25,1,0
BRDA:224,26,0,0
BRDA:234,27,0,3
BRDA:234,27,1,2
BRDA:238,28,0,3
BRDA:238,28,1,3
BRDA:248,29,0,0
BRF:48
BRH:39
end_of_record
TN:
SF:src/services/scope.service.ts
FN:20,createScopeStatement
FN:36,updateScopeStatement
FN:59,getScopeStatementsByProject
FN:67,getLatestScopeStatement
FN:75,getScopeStatementById
FN:82,generateCoNumber
FN:88,createChangeOrder
FN:111,getChangeOrderById
FN:119,getChangeOrdersByProject
FN:127,approveChangeOrder
FN:146,rejectChangeOrder
FN:176,getChangeOrderPdfData
FNF:12
FNH:12
FNDA:2,createScopeStatement
FNDA:2,updateScopeStatement
FNDA:2,getScopeStatementsByProject
FNDA:2,getLatestScopeStatement
FNDA:1,getScopeStatementById
FNDA:4,generateCoNumber
FNDA:4,createChangeOrder
FNDA:1,getChangeOrderById
FNDA:2,getChangeOrdersByProject
FNDA:3,approveChangeOrder
FNDA:2,rejectChangeOrder
FNDA:2,getChangeOrderPdfData
DA:1,5
DA:2,5
DA:20,5
DA:25,2
DA:26,2
DA:36,5
DA:41,2
DA:42,2
DA:45,2
DA:46,1
DA:49,1
DA:59,5
DA:60,2
DA:61,2
DA:67,5
DA:68,2
DA:69,2
DA:75,5
DA:76,1
DA:77,1
DA:83,4
DA:84,4
DA:85,4
DA:88,5
DA:89,4
DA:90,4
DA:93,4
DA:95,4
DA:106,4
DA:111,5
DA:112,1
DA:113,1
DA:119,5
DA:120,2
DA:121,2
DA:127,5
DA:128,3
DA:129,3
DA:132,3
DA:133,1
DA:136,2
DA:146,5
DA:147,2
DA:148,2
DA:151,2
DA:152,1
DA:155,1
DA:176,5
DA:177,2
DA:178,2
DA:182,2
DA:183,1
DA:186,1
LF:53
LH:53
BRDA:45,0,0,1
BRDA:101,1,0,1
BRDA:101,1,1,3
BRDA:103,2,0,4
BRDA:103,2,1,2
BRDA:132,3,0,1
BRDA:151,4,0,1
BRDA:182,5,0,1
BRDA:191,6,0,1
BRDA:191,6,1,0
BRDA:192,7,0,1
BRDA:192,7,1,0
BRF:12
BRH:10
end_of_record
TN:
SF:src/services/webhook.service.ts
FN:12,logWebhookEvent
FN:31,isDuplicateEvent
FN:82,handleTaskCompleted
FN:114,handleMaterialReceived
FN:163,handleLaborHoursLogged
FN:203,handleEquipmentUsageLogged
FN:259,handleSafetyIncident
FN:302,handleFieldIssueLogged
FN:341,handleScheduleChangeRequested
FN:390,sendActivityReady
FN:400,sendMaterialNeeded
FN:421,sendRfiStatusUpdated
FN:440,sendSubmittalStatusUpdated
FN:457,sendScheduleChangeDecided
FNF:14
FNH:14
FNDA:29,logWebhookEvent
FNDA:24,isDuplicateEvent
FNDA:6,handleTaskCompleted
FNDA:3,handleMaterialReceived
FNDA:3,handleLaborHoursLogged
FNDA:3,handleEquipmentUsageLogged
FNDA:3,handleSafetyIncident
FNDA:3,handleFieldIssueLogged
FNDA:3,handleScheduleChangeRequested
FNDA:1,sendActivityReady
FNDA:1,sendMaterialNeeded
FNDA:1,sendRfiStatusUpdated
FNDA:1,sendSubmittalStatusUpdated
FNDA:1,sendScheduleChangeDecided
DA:1,5
DA:3,5
DA:4,5
DA:5,5
DA:6,5
DA:7,5
DA:8,5
DA:9,5
DA:10,5
DA:19,29
DA:20,29
DA:35,24
DA:36,24
DA:37,24
DA:39,24
DA:40,10
DA:43,14
DA:72,14
DA:82,5
DA:85,6
DA:86,6
DA:87,6
DA:88,2
DA:89,2
DA:92,4
DA:93,4
DA:94,4
DA:95,4
DA:99,4
DA:100,1
DA:101,1
DA:104,3
DA:105,2
DA:106,2
DA:108,1
DA:109,1
DA:110,1
DA:114,5
DA:117,3
DA:118,3
DA:119,3
DA:120,1
DA:121,1
DA:124,2
DA:125,2
DA:126,2
DA:129,2
DA:130,2
DA:133,2
DA:134,2
DA:136,2
DA:137,1
DA:138,1
DA:141,1
DA:142,1
DA:154,1
DA:155,1
DA:157,0
DA:158,0
DA:159,0
DA:163,5
DA:166,3
DA:167,3
DA:168,3
DA:169,1
DA:170,1
DA:173,2
DA:174,2
DA:175,2
DA:176,2
DA:177,2
DA:179,2
DA:180,1
DA:181,1
DA:184,1
DA:194,1
DA:195,1
DA:197,0
DA:198,0
DA:199,0
DA:203,5
DA:206,3
DA:207,3
DA:208,3
DA:209,1
DA:210,1
DA:213,2
DA:214,2
DA:215,2
DA:216,2
DA:217,2
DA:219,2
DA:220,1
DA:221,1
DA:224,1
DA:234,1
DA:235,1
DA:240,1
DA:250,1
DA:251,1
DA:253,0
DA:254,0
DA:255,0
DA:259,5
DA:262,3
DA:263,3
DA:264,3
DA:265,1
DA:266,1
DA:269,2
DA:270,2
DA:271,2
DA:272,2
DA:273,2
DA:275,2
DA:277,2
DA:278,1
DA:279,1
DA:282,1
DA:293,1
DA:294,1
DA:296,0
DA:297,0
DA:298,0
DA:302,5
DA:305,3
DA:306,3
DA:307,3
DA:308,1
DA:309,1
DA:312,2
DA:313,2
DA:314,2
DA:315,2
DA:317,2
DA:318,1
DA:319,1
DA:322,1
DA:332,1
DA:333,1
DA:335,0
DA:336,0
DA:337,0
DA:341,5
DA:344,3
DA:345,3
DA:346,3
DA:347,1
DA:348,1
DA:351,2
DA:352,2
DA:353,2
DA:354,2
DA:357,2
DA:358,2
DA:360,2
DA:361,1
DA:362,1
DA:365,1
DA:379,1
DA:380,1
DA:382,0
DA:383,0
DA:384,0
DA:390,5
DA:394,1
DA:395,1
DA:396,1
DA:397,1
DA:400,5
DA:408,1
DA:409,1
DA:417,1
DA:418,1
DA:421,5
DA:428,1
DA:429,1
DA:436,1
DA:437,1
DA:440,5
DA:446,1
DA:447,1
DA:453,1
DA:454,1
DA:457,5
DA:464,1
DA:465,1
DA:475,1
DA:476,1
LF:189
LH:171
BRDA:17,0,0,29
BRDA:39,1,0,10
BRDA:39,2,0,24
BRDA:39,2,1,11
BRDA:48,3,0,13
BRDA:48,3,1,1
BRDA:58,4,0,1
BRDA:58,4,1,13
BRDA:87,5,0,2
BRDA:95,6,0,2
BRDA:95,6,1,2
BRDA:99,7,0,1
BRDA:108,8,0,1
BRDA:108,8,1,0
BRDA:119,9,0,1
BRDA:130,10,0,1
BRDA:130,10,1,1
BRDA:136,11,0,1
BRDA:136,12,0,2
BRDA:136,12,1,1
BRDA:136,12,2,1
BRDA:157,13,0,0
BRDA:157,13,1,0
BRDA:168,14,0,1
BRDA:176,15,0,1
BRDA:176,15,1,1
BRDA:177,16,0,2
BRDA:177,16,1,1
BRDA:179,17,0,1
BRDA:179,18,0,2
BRDA:179,18,1,1
BRDA:197,19,0,0
BRDA:197,19,1,0
BRDA:208,20,0,1
BRDA:216,21,0,1
BRDA:216,21,1,1
BRDA:217,22,0,2
BRDA:217,22,1,1
BRDA:219,23,0,1
BRDA:219,24,0,2
BRDA:219,24,1,1
BRDA:238,25,0,1
BRDA:238,25,1,1
BRDA:253,26,0,0
BRDA:253,26,1,0
BRDA:264,27,0,1
BRDA:275,28,0,2
BRDA:275,28,1,1
BRDA:275,28,2,1
BRDA:277,29,0,1
BRDA:277,30,0,2
BRDA:277,30,1,2
BRDA:277,30,2,1
BRDA:288,31,0,1
BRDA:288,31,1,0
BRDA:296,32,0,0
BRDA:296,32,1,0
BRDA:307,33,0,1
BRDA:317,34,0,1
BRDA:317,35,0,2
BRDA:317,35,1,2
BRDA:329,36,0,1
BRDA:329,36,1,0
BRDA:335,37,0,0
BRDA:335,37,1,0
BRDA:346,38,0,1
BRDA:360,39,0,1
BRDA:360,40,0,2
BRDA:360,40,1,2
BRDA:360,40,2,1
BRDA:368,41,0,1
BRDA:368,41,1,0
BRDA:370,42,0,1
BRDA:370,42,1,0
BRDA:373,43,0,1
BRDA:373,43,1,0
BRDA:382,44,0,0
BRDA:382,44,1,0
BRF:78
BRH:60
end_of_record
